#
# A fatal error has been detected by the Java Runtime Environment:
#
#  EXCEPTION_UNCAUGHT_CXX_EXCEPTION (0xe06d7363) at pc=0x00007ffcb2b6fe7c, pid=16472, tid=15224
#
# JRE version: Java(TM) SE Runtime Environment (9.0+11) (build 9.0.4+11)
# Java VM: Java HotSpot(TM) 64-Bit Server VM (9.0.4+11, mixed mode, tiered, compressed oops, g1 gc, windows-amd64)
# Problematic frame:
# C  [KERNELBASE.dll+0x8fe7c]
#
# No core dump will be written. Minidumps are not enabled by default on client versions of Windows
#
# If you would like to submit a bug report, please visit:
#   http://bugreport.java.com/bugreport/crash.jsp
# The crash happened outside the Java Virtual Machine in native code.
# See problematic frame for where to report the bug.
#

---------------  S U M M A R Y ------------

Command Line: -Dsun.java2d.pmoffscreen=false -Dsun.java2d.xrender=false -Dsun.java2d.d3d=false -Dsun.awt.nopixfmt=true -Dsun.java2d.dpiaware=true -Dsun.java2d.uiScale.enabled=false -Xverify:none -Dswing.aatext=true -XX:-UsePerfData -Djdk.map.althashing.threshold=512 -XX:StringTableSize=4072 --add-opens=java.base/java.nio=ALL-UNNAMED --add-opens=java.desktop/sun.swing=ALL-UNNAMED --add-opens=java.desktop/javax.swing=ALL-UNNAMED --add-opens=java.desktop/javax.swing.tree=ALL-UNNAMED --add-opens=java.desktop/javax.swing.plaf.basic=ALL-UNNAMED --add-opens=java.desktop/javax.swing.plaf.synth=ALL-UNNAMED --add-opens=java.desktop/com.sun.awt=ALL-UNNAMED -XX:NewSize=60m -XX:MaxNewSize=60m -Xms128m -Xmx3072m -Xss5m 

Host: AMD Ryzen 3 3200U with Radeon Vega Mobile Gfx  , 4 cores, 5G,  Windows 10 , 64 bit Build 22621 (10.0.22621.1344)
Time: Fri Apr 07 22:20:09 2023 SE Asia Standard Time elapsed time: 25624 seconds (0d 7h 7m 4s)

---------------  T H R E A D  ---------------

Current thread (0x000002911a5d2000):  JavaThread "AWT-EventQueue-1" [_thread_in_native, id=15224, stack(0x000000c15cc00000,0x000000c15d100000)]

Stack: [0x000000c15cc00000,0x000000c15d100000],  sp=0x000000c15d0fcce0,  free space=5107k
Native frames: (J=compiled Java code, j=interpreted, Vv=VM code, C=native code)
C  [KERNELBASE.dll+0x8fe7c]
C  [VCRUNTIME140.dll+0x6480]
C  [librdi_common.dll+0x57aa9b]
C  [MSVCP140.dll+0x12721]
C  [ucrtbase.dll+0x7a50c]
C  [librdi_common.dll+0x746a4f]
C  [librdi_common.dll+0x129bc9]
C  0x00007ffc16f657ca
C  0x000002913417cc3a

Java frames: (J=compiled Java code, j=interpreted, Vv=VM code)
J 16575  ui.data.labtools.lthwdatai.HWSysMonSensor_getMinRegister(J)Ljava/lang/String; (0 bytes) @ 0x000002913417cba1 [0x000002913417cb60+0x0000000000000041]
J 18063 c1 ui.data.labtools.f.c.blT()D (35 bytes) @ 0x000002912c34b04c [0x000002912c34ae80+0x00000000000001cc]
J 18062 c1 ui.views.v.f.e.fNR()V (401 bytes) @ 0x000002912c34d1d4 [0x000002912c34ca40+0x0000000000000794]
J 16793 c1 ui.views.v.f.e.fJR()V (71 bytes) @ 0x000002912d2cf79c [0x000002912d2cf3a0+0x00000000000003fc]
J 16790 c1 ui.views.v.a.d.e$$Lambda$262.run()V (8 bytes) @ 0x000002912d0fd06c [0x000002912d0fce60+0x000000000000020c]
J 14627 c2 java.awt.EventQueue$3.run()Ljava/lang/Object; java.desktop@9.0.4 (5 bytes) @ 0x0000029133f1f9cc [0x0000029133f1f480+0x000000000000054c]
v  ~StubRoutines::call_stub
J 3858  java.security.AccessController.doPrivileged(Ljava/security/PrivilegedAction;Ljava/security/AccessControlContext;)Ljava/lang/Object; java.base@9.0.4 (0 bytes) @ 0x00000291336e38c6 [0x00000291336e3860+0x0000000000000066]
J 17352 c2 java.awt.EventQueue.dispatchEvent(Ljava/awt/AWTEvent;)V java.desktop@9.0.4 (80 bytes) @ 0x0000029134283318 [0x0000029134282dc0+0x0000000000000558]
J 17580 c2 ui.frmwork.b.d.dispatchEvent(Ljava/awt/AWTEvent;)V (34 bytes) @ 0x000002913430255c [0x0000029134302460+0x00000000000000fc]
J 17041 c2 java.awt.EventDispatchThread.pumpOneEventForFilters(I)V java.desktop@9.0.4 (218 bytes) @ 0x0000029134257444 [0x00000291342570a0+0x00000000000003a4]
j  java.awt.EventDispatchThread.pumpEventsForFilter(ILjava/awt/Conditional;Ljava/awt/EventFilter;)V+35 java.desktop@9.0.4
j  java.awt.EventDispatchThread.pumpEventsForHierarchy(ILjava/awt/Conditional;Ljava/awt/Component;)V+11 java.desktop@9.0.4
j  java.awt.EventDispatchThread.pumpEvents(ILjava/awt/Conditional;)V+4 java.desktop@9.0.4
j  java.awt.EventDispatchThread.pumpEvents(Ljava/awt/Conditional;)V+3 java.desktop@9.0.4
j  java.awt.EventDispatchThread.run()V+9 java.desktop@9.0.4
v  ~StubRoutines::call_stub

siginfo: EXCEPTION_UNCAUGHT_CXX_EXCEPTION (0xe06d7363), ExceptionInformation=0x0000000019930520 0x000000c15d0fce40 0x00007ffc45b623e8 0x00007ffc44ff0000 


Register to memory mapping:

RIP=0x00007ffcb2b6fe7c KERNELBASE.dll
RAX=0x000000005dd687ee jvm.dll
RBX=0x00007ffc45b623e8 librdi_common.dll
RCX=0x0000000700000000 is an oop
java.lang.String 
{0x0000000700000000} - klass: 'java/lang/String'
RDX=0x0000029133b107ac is at entry_point+364 in (nmethod*)0x0000029133b10490
RSP=0x000000c15d0fcce0 is pointing into the stack for thread: 0x000002911a5d2000
RBP=0x00000522c5298c00 is an unknown value
RSI=0x000000c15d0fce40 is pointing into the stack for thread: 0x000002911a5d2000
RDI=0x0000000019930520 is an unknown value
R8 =0x0000029133bd2b7c is at entry_point+188 in (nmethod*)0x0000029133bd2910
R9 =0x000000070a9fb4c8 is an oop
com.jidesoft.grid.CompoundTableModelEvent 
{0x000000070a9fb4c8} - klass: 'com/jidesoft/grid/CompoundTableModelEvent'
R10=0x0000000ae06a74a4 is an unknown value
R11=0x0000000700000000 is an oop
java.lang.String 
{0x0000000700000000} - klass: 'java/lang/String'
R12=0x0000000000000000 is an unknown value
R13=0x00000000e019406c is an unknown value
R14=0x000000c15d0fd1f0 is pointing into the stack for thread: 0x000002911a5d2000
R15=0x000002911da26980 is an unknown value


Registers:
RAX=0x000000005dd687ee, RBX=0x00007ffc45b623e8, RCX=0x0000000700000000, RDX=0x0000029133b107ac
RSP=0x000000c15d0fcce0, RBP=0x00000522c5298c00, RSI=0x000000c15d0fce40, RDI=0x0000000019930520
R8 =0x0000029133bd2b7c, R9 =0x000000070a9fb4c8, R10=0x0000000ae06a74a4, R11=0x0000000700000000
R12=0x0000000000000000, R13=0x00000000e019406c, R14=0x000000c15d0fd1f0, R15=0x000002911da26980
RIP=0x00007ffcb2b6fe7c, EFLAGS=0x0000000000000202

Top of Stack: (sp=0x000000c15d0fcce0)
0x000000c15d0fcce0:   0000000000000000 00007ffc45b623e8
0x000000c15d0fccf0:   000000c15d0fce40 000002911bdbc03f
0x000000c15d0fcd00:   00000081e06d7363 0000000000000000
0x000000c15d0fcd10:   00007ffcb2b6fe7c 0000029100000004
0x000000c15d0fcd20:   0000000019930520 000000c15d0fce40
0x000000c15d0fcd30:   00007ffc45b623e8 00007ffc44ff0000
0x000000c15d0fcd40:   0000000700000000 000000070a9fb2a0
0x000000c15d0fcd50:   0000000000000000 00007ffc45b623e8
0x000000c15d0fcd60:   000000c15d0fd1f0 00007ffcb53e655f
0x000000c15d0fcd70:   000000c15d0fcde0 00007ffc45e42000
0x000000c15d0fcd80:   000000c15d0fce40 0000000019930520
0x000000c15d0fcd90:   00007ffc45e42000 00007ffc44ff0000
0x000000c15d0fcda0:   0000137c3c26166a 00007ffcb53aab01
0x000000c15d0fcdb0:   00007ffc45b623e8 00007ffc460b6480
0x000000c15d0fcdc0:   00000522c5298c00 0000000000000000
0x000000c15d0fcdd0:   0000000000000000 0000000703024598 

Instructions: (pc=0x00007ffcb2b6fe7c)
0x00007ffcb2b6fe5c:   0f 46 c0 44 8b c0 44 89 44 24 38 49 c1 e0 03 e8
0x00007ffcb2b6fe6c:   e7 e0 02 00 48 8d 4c 24 20 48 ff 15 d4 8b 1c 00
0x00007ffcb2b6fe7c:   0f 1f 44 00 00 48 8b 8c 24 c0 00 00 00 48 33 cc
0x00007ffcb2b6fe8c:   e8 ef 6f 02 00 48 81 c4 d8 00 00 00 c3 cc 83 64 



---------------  P R O C E S S  ---------------

Java Threads: ( => current thread )
  0x000002911b0c5000 JavaThread "Close Hardware Target" [_thread_blocked, id=15300, stack(0x000000c15fc00000,0x000000c160100000)]
  0x000002911b0c2000 JavaThread "Thread-1415" [_thread_in_native, id=16172, stack(0x000000c15d300000,0x000000c15d400000)]
  0x000002911b0c3800 JavaThread "Thread-118" [_thread_in_native, id=13632, stack(0x000000c15d200000,0x000000c15d300000)]
  0x000002911b0bf000 JavaThread "SyntheticaAnimation 50" daemon [_thread_blocked, id=16532, stack(0x000000c15bd00000,0x000000c15c200000)]
  0x000002911b0c3000 JavaThread "Update Runs Swing Worker" [_thread_blocked, id=4764, stack(0x000000c160600000,0x000000c160b00000)]
  0x000002911b0bd800 JavaThread "Image Animator 0" daemon [_thread_blocked, id=7760, stack(0x000000c160100000,0x000000c160600000)]
  0x000002911b0bc000 JavaThread "hw_ila_monitor" [_thread_blocked, id=9968, stack(0x000000c15f700000,0x000000c15fc00000)]
  0x000002911a5cf000 JavaThread "Refresh Filesets Swing Worker" [_thread_blocked, id=17132, stack(0x000000c15f200000,0x000000c15f700000)]
  0x000002911a5ce000 JavaThread "SyntheticaAnimation 70" daemon [_thread_blocked, id=14988, stack(0x000000c15ed00000,0x000000c15f200000)]
  0x000002911a5d0800 JavaThread "SyntheticaAnimation 25" daemon [_thread_blocked, id=7260, stack(0x000000c15d600000,0x000000c15db00000)]
  0x000002911a5cd800 JavaThread "SyntheticaAnimation 50" daemon [_thread_blocked, id=7084, stack(0x000000c15e800000,0x000000c15ed00000)]
  0x000002911a5d2800 JavaThread "Monitor HEventQueue" [_thread_blocked, id=3540, stack(0x000000c15e300000,0x000000c15e800000)]
  0x000002911a5cf800 JavaThread "SyntheticaCleanerThread" daemon [_thread_blocked, id=2760, stack(0x000000c15db00000,0x000000c15e000000)]
  0x000002911a5d1000 JavaThread "Batik CleanerThread" daemon [_thread_blocked, id=14236, stack(0x000000c15c200000,0x000000c15c700000)]
=>0x000002911a5d2000 JavaThread "AWT-EventQueue-1" [_thread_in_native, id=15224, stack(0x000000c15cc00000,0x000000c15d100000)]
  0x000002911b1eb000 JavaThread "Process Messages" [_thread_blocked, id=10748, stack(0x000000c15c700000,0x000000c15cc00000)]
  0x000002911b1ea000 JavaThread "Thread-1" [_thread_in_native, id=17296, stack(0x000000c155f00000,0x000000c157300000)]
  0x00000291434c5000 JavaThread "TimerQueue" daemon [_thread_blocked, id=15100, stack(0x000000c15b800000,0x000000c15bd00000)]
  0x000002911a83b000 JavaThread "AWT-Windows" daemon [_thread_in_native, id=10244, stack(0x000000c15b300000,0x000000c15b800000)]
  0x000002911a83a000 JavaThread "AWT-Shutdown" [_thread_blocked, id=15776, stack(0x000000c15ae00000,0x000000c15b300000)]
  0x000002911ad50000 JavaThread "Java2D Disposer" daemon [_thread_blocked, id=10400, stack(0x000000c15a900000,0x000000c15ae00000)]
  0x000002911a57b000 JavaThread "Service Thread" daemon [_thread_blocked, id=10264, stack(0x000000c15a300000,0x000000c15a800000)]
  0x000002911db1c000 JavaThread "Common-Cleaner" daemon [_thread_blocked, id=3812, stack(0x000000c159e00000,0x000000c15a300000)]
  0x000002911a5d3800 JavaThread "Sweeper thread" daemon [_thread_blocked, id=10516, stack(0x000000c159900000,0x000000c159e00000)]
  0x000002911db1b800 JavaThread "C1 CompilerThread2" daemon [_thread_blocked, id=11128, stack(0x000000c159800000,0x000000c159900000)]
  0x0000029124b34000 JavaThread "C2 CompilerThread1" daemon [_thread_blocked, id=4704, stack(0x000000c159700000,0x000000c159800000)]
  0x000002911ed57800 JavaThread "C2 CompilerThread0" daemon [_thread_blocked, id=3552, stack(0x000000c159600000,0x000000c159700000)]
  0x0000029124b33800 JavaThread "Attach Listener" daemon [_thread_blocked, id=1072, stack(0x000000c159100000,0x000000c159600000)]
  0x000002911dc13800 JavaThread "Signal Dispatcher" daemon [_thread_blocked, id=3768, stack(0x000000c158c00000,0x000000c159100000)]
  0x000002911fe52800 JavaThread "Finalizer" daemon [_thread_blocked, id=4464, stack(0x000000c158700000,0x000000c158c00000)]
  0x0000029124ecd800 JavaThread "Reference Handler" daemon [_thread_blocked, id=15072, stack(0x000000c158200000,0x000000c158700000)]
  0x000002911f9b6000 JavaThread "main" [_thread_blocked, id=5540, stack(0x000000c155e00000,0x000000c155f00000)]

Other Threads:
  0x000002912422d000 VMThread "VM Thread" [stack: 0x000000c158100000,0x000000c158200000] [id=9540]
  0x000002911a7bc000 WatcherThread [stack: 0x000000c15a800000,0x000000c15a900000] [id=12152]
  0x0000029124c3a000 GCTaskThread "GC Thread#0" [stack: 0x000000c157600000,0x000000c157700000] [id=14392]
  0x0000029124c39800 GCTaskThread "GC Thread#1" [stack: 0x000000c157700000,0x000000c157800000] [id=7116]
  0x0000029124c3a800 GCTaskThread "GC Thread#2" [stack: 0x000000c157800000,0x000000c157900000] [id=7564]
  0x0000029124c3d000 GCTaskThread "GC Thread#3" [stack: 0x000000c157900000,0x000000c157a00000] [id=16968]
  0x0000029120056000 ConcurrentGCThread "G1 Main Marker" [stack: 0x000000c157f00000,0x000000c158000000] [id=2744]
  0x0000029124c37000 ConcurrentGCThread "G1 Marker#0" [stack: 0x000000c158000000,0x000000c158100000] [id=3216]
  0x000002911f4bb000 ConcurrentGCThread "G1 Refine#0" [stack: 0x000000c157d00000,0x000000c157e00000] [id=13472]
  0x0000029120100800 ConcurrentGCThread "G1 Refine#1" [stack: 0x000000c157c00000,0x000000c157d00000] [id=3920]
  0x00000291200ff800 ConcurrentGCThread "G1 Refine#2" [stack: 0x000000c157b00000,0x000000c157c00000] [id=12208]
  0x000002911da14000 ConcurrentGCThread "G1 Refine#3" [stack: 0x000000c157a00000,0x000000c157b00000] [id=14044]
  0x000002911dcfc800 ConcurrentGCThread "G1 Young RemSet Sampling" [stack: 0x000000c157e00000,0x000000c157f00000] [id=13460]

Threads with active compile tasks:

VM state:not at safepoint (normal execution)

VM Mutex/Monitor currently owned by a thread: None

Heap address: 0x0000000700000000, size: 3072 MB, Compressed Oops mode: Zero based, Oop shift amount: 3
Narrow klass base: 0x0000000000000000, Narrow klass shift: 3
Compressed class space size: 1073741824 Address: 0x00000007c0000000

Heap:
 garbage-first heap   total 211968K, used 112346K [0x0000000700000000, 0x0000000700100678, 0x00000007c0000000)
  region size 1024K, 42 young (43008K), 3 survivors (3072K)
 Metaspace       used 80592K, capacity 86127K, committed 86388K, reserved 1124352K
  class space    used 11158K, capacity 12136K, committed 12148K, reserved 1048576K
Heap Regions: E=young(eden), S=young(survivor), O=old, HS=humongous(starts), HC=humongous(continues), CS=collection set, F=free, A=archive, TS=gc time stamp, AC=allocation context, TAMS=top-at-mark-start (previous, next)
|   0|0x0000000700000000, 0x00000007000f8310, 0x0000000700100000| 96%| O|  |TS  0|AC  0|TAMS 0x0000000700000000, 0x0000000700000000|
|   1|0x0000000700100000, 0x0000000700200000, 0x0000000700200000|100%|HS|  |TS  0|AC  0|TAMS 0x0000000700100000, 0x0000000700100000|
|   2|0x0000000700200000, 0x0000000700300000, 0x0000000700300000|100%|HC|  |TS  0|AC  0|TAMS 0x0000000700200000, 0x0000000700200000|
|   3|0x0000000700300000, 0x0000000700400000, 0x0000000700400000|100%|HS|  |TS  0|AC  0|TAMS 0x0000000700300000, 0x0000000700300000|
|   4|0x0000000700400000, 0x00000007004f2228, 0x0000000700500000| 94%| O|  |TS  0|AC  0|TAMS 0x0000000700400000, 0x0000000700400000|
|   5|0x0000000700500000, 0x00000007005fc588, 0x0000000700600000| 98%| O|  |TS  0|AC  0|TAMS 0x0000000700500000, 0x0000000700500000|
|   6|0x0000000700600000, 0x00000007006fffe8, 0x0000000700700000| 99%| O|  |TS  0|AC  0|TAMS 0x0000000700600000, 0x0000000700600000|
|   7|0x0000000700700000, 0x00000007007fffa0, 0x0000000700800000| 99%| O|  |TS  0|AC  0|TAMS 0x0000000700700000, 0x0000000700700000|
|   8|0x0000000700800000, 0x0000000700900000, 0x0000000700900000|100%| O|  |TS  0|AC  0|TAMS 0x0000000700800000, 0x0000000700800000|
|   9|0x0000000700900000, 0x00000007009ffff8, 0x0000000700a00000| 99%| O|  |TS  0|AC  0|TAMS 0x0000000700900000, 0x0000000700900000|
|  10|0x0000000700a00000, 0x0000000700afffa8, 0x0000000700b00000| 99%| O|  |TS  0|AC  0|TAMS 0x0000000700a00000, 0x0000000700a00000|
|  11|0x0000000700b00000, 0x0000000700c00000, 0x0000000700c00000|100%|HS|  |TS  0|AC  0|TAMS 0x0000000700b00000, 0x0000000700b00000|
|  12|0x0000000700c00000, 0x0000000700cfad68, 0x0000000700d00000| 97%| O|  |TS  0|AC  0|TAMS 0x0000000700c00000, 0x0000000700c00000|
|  13|0x0000000700d00000, 0x0000000700df4988, 0x0000000700e00000| 95%| O|  |TS  0|AC  0|TAMS 0x0000000700d00000, 0x0000000700d00000|
|  14|0x0000000700e00000, 0x0000000700ed0b40, 0x0000000700f00000| 81%| O|  |TS  0|AC  0|TAMS 0x0000000700e00000, 0x0000000700e00000|
|  15|0x0000000700f00000, 0x0000000700ffffd0, 0x0000000701000000| 99%| O|  |TS  0|AC  0|TAMS 0x0000000700f00000, 0x0000000700f00000|
|  16|0x0000000701000000, 0x00000007010f8768, 0x0000000701100000| 97%| O|  |TS  0|AC  0|TAMS 0x0000000701000000, 0x0000000701000000|
|  17|0x0000000701100000, 0x00000007011fffe8, 0x0000000701200000| 99%| O|  |TS  0|AC  0|TAMS 0x0000000701100000, 0x0000000701100000|
|  18|0x0000000701200000, 0x00000007012ffff8, 0x0000000701300000| 99%| O|  |TS  0|AC  0|TAMS 0x0000000701200000, 0x0000000701200000|
|  19|0x0000000701300000, 0x00000007013fffd0, 0x0000000701400000| 99%| O|  |TS  0|AC  0|TAMS 0x0000000701300000, 0x0000000701300000|
|  20|0x0000000701400000, 0x00000007014ffff0, 0x0000000701500000| 99%| O|  |TS  0|AC  0|TAMS 0x0000000701400000, 0x0000000701400000|
|  21|0x0000000701500000, 0x0000000701600000, 0x0000000701600000|100%|HS|  |TS  0|AC  0|TAMS 0x0000000701500000, 0x0000000701500000|
|  22|0x0000000701600000, 0x0000000701700000, 0x0000000701700000|100%|HC|  |TS  0|AC  0|TAMS 0x0000000701600000, 0x0000000701600000|
|  23|0x0000000701700000, 0x0000000701800000, 0x0000000701800000|100%| O|  |TS  0|AC  0|TAMS 0x0000000701700000, 0x0000000701700000|
|  24|0x0000000701800000, 0x0000000701900000, 0x0000000701900000|100%| O|  |TS  0|AC  0|TAMS 0x0000000701800000, 0x0000000701800000|
|  25|0x0000000701900000, 0x00000007019ffff8, 0x0000000701a00000| 99%| O|  |TS  0|AC  0|TAMS 0x0000000701900000, 0x0000000701900000|
|  26|0x0000000701a00000, 0x0000000701b00000, 0x0000000701b00000|100%| O|  |TS  0|AC  0|TAMS 0x0000000701a00000, 0x0000000701a00000|
|  27|0x0000000701b00000, 0x0000000701bffff8, 0x0000000701c00000| 99%| O|  |TS  0|AC  0|TAMS 0x0000000701b00000, 0x0000000701b00000|
|  28|0x0000000701c00000, 0x0000000701cfffe8, 0x0000000701d00000| 99%| O|  |TS  0|AC  0|TAMS 0x0000000701c00000, 0x0000000701c00000|
|  29|0x0000000701d00000, 0x0000000701dff0f8, 0x0000000701e00000| 99%| O|  |TS  0|AC  0|TAMS 0x0000000701d00000, 0x0000000701d00000|
|  30|0x0000000701e00000, 0x0000000701efffb8, 0x0000000701f00000| 99%| O|  |TS  0|AC  0|TAMS 0x0000000701e00000, 0x0000000701e00000|
|  31|0x0000000701f00000, 0x0000000701ffffe0, 0x0000000702000000| 99%| O|  |TS  0|AC  0|TAMS 0x0000000701f00000, 0x0000000701f00000|
|  32|0x0000000702000000, 0x00000007020fffe8, 0x0000000702100000| 99%| O|  |TS  0|AC  0|TAMS 0x0000000702000000, 0x0000000702000000|
|  33|0x0000000702100000, 0x00000007021fffe8, 0x0000000702200000| 99%| O|  |TS  0|AC  0|TAMS 0x0000000702100000, 0x0000000702100000|
|  34|0x0000000702200000, 0x00000007022fff00, 0x0000000702300000| 99%| O|  |TS  0|AC  0|TAMS 0x0000000702200000, 0x0000000702200000|
|  35|0x0000000702300000, 0x00000007023fffe8, 0x0000000702400000| 99%| O|  |TS  0|AC  0|TAMS 0x0000000702300000, 0x0000000702300000|
|  36|0x0000000702400000, 0x00000007024feff8, 0x0000000702500000| 99%| O|  |TS  0|AC  0|TAMS 0x0000000702400000, 0x0000000702400000|
|  37|0x0000000702500000, 0x00000007025ffff8, 0x0000000702600000| 99%| O|  |TS  0|AC  0|TAMS 0x0000000702500000, 0x0000000702500000|
|  38|0x0000000702600000, 0x00000007026fffe0, 0x0000000702700000| 99%| O|  |TS  0|AC  0|TAMS 0x0000000702600000, 0x0000000702600000|
|  39|0x0000000702700000, 0x00000007027ffff0, 0x0000000702800000| 99%| O|  |TS  0|AC  0|TAMS 0x0000000702700000, 0x0000000702700000|
|  40|0x0000000702800000, 0x00000007028fffa8, 0x0000000702900000| 99%| O|  |TS  0|AC  0|TAMS 0x0000000702800000, 0x0000000702800000|
|  41|0x0000000702900000, 0x0000000702a00000, 0x0000000702a00000|100%|HS|  |TS  0|AC  0|TAMS 0x0000000702900000, 0x0000000702900000|
|  42|0x0000000702a00000, 0x0000000702afff98, 0x0000000702b00000| 99%| O|  |TS  0|AC  0|TAMS 0x0000000702a00000, 0x0000000702a00000|
|  43|0x0000000702b00000, 0x0000000702bffff0, 0x0000000702c00000| 99%| O|  |TS  0|AC  0|TAMS 0x0000000702b00000, 0x0000000702b00000|
|  44|0x0000000702c00000, 0x0000000702cfffe8, 0x0000000702d00000| 99%| O|  |TS  0|AC  0|TAMS 0x0000000702c00000, 0x0000000702c00000|
|  45|0x0000000702d00000, 0x0000000702dffff8, 0x0000000702e00000| 99%| O|  |TS  0|AC  0|TAMS 0x0000000702d00000, 0x0000000702d00000|
|  46|0x0000000702e00000, 0x0000000702effff8, 0x0000000702f00000| 99%| O|  |TS  0|AC  0|TAMS 0x0000000702e00000, 0x0000000702e00000|
|  47|0x0000000702f00000, 0x0000000703000000, 0x0000000703000000|100%| O|  |TS  0|AC  0|TAMS 0x0000000702f00000, 0x0000000702f00000|
|  48|0x0000000703000000, 0x00000007030ffff8, 0x0000000703100000| 99%| O|  |TS  0|AC  0|TAMS 0x0000000703000000, 0x0000000703000000|
|  49|0x0000000703100000, 0x0000000703200000, 0x0000000703200000|100%| O|  |TS  0|AC  0|TAMS 0x0000000703100000, 0x0000000703100000|
|  50|0x0000000703200000, 0x00000007032f7bf0, 0x0000000703300000| 96%| O|  |TS  0|AC  0|TAMS 0x0000000703200000, 0x0000000703200000|
|  51|0x0000000703300000, 0x00000007033fd430, 0x0000000703400000| 98%| O|  |TS  0|AC  0|TAMS 0x0000000703300000, 0x0000000703300000|
|  52|0x0000000703400000, 0x00000007034ffff0, 0x0000000703500000| 99%| O|  |TS  0|AC  0|TAMS 0x0000000703400000, 0x0000000703400000|
|  53|0x0000000703500000, 0x00000007035ffff8, 0x0000000703600000| 99%| O|  |TS  0|AC  0|TAMS 0x0000000703500000, 0x0000000703500000|
|  54|0x0000000703600000, 0x00000007036fffc0, 0x0000000703700000| 99%| O|  |TS  0|AC  0|TAMS 0x0000000703600000, 0x0000000703600000|
|  55|0x0000000703700000, 0x00000007037fb4c0, 0x0000000703800000| 98%| O|  |TS  0|AC  0|TAMS 0x0000000703700000, 0x0000000703700000|
|  56|0x0000000703800000, 0x00000007038ffff8, 0x0000000703900000| 99%| O|  |TS  0|AC  0|TAMS 0x0000000703800000, 0x0000000703800000|
|  57|0x0000000703900000, 0x0000000703940440, 0x0000000703a00000| 25%| O|  |TS  0|AC  0|TAMS 0x0000000703900000, 0x0000000703900000|
|  58|0x0000000703a00000, 0x0000000703b00000, 0x0000000703b00000|100%| O|  |TS 15|AC  0|TAMS 0x0000000703a00000, 0x0000000703a00000|
|  59|0x0000000703b00000, 0x0000000703c00000, 0x0000000703c00000|100%| O|  |TS 15|AC  0|TAMS 0x0000000703b00000, 0x0000000703b00000|
|  60|0x0000000703c00000, 0x0000000703d00000, 0x0000000703d00000|100%| O|  |TS 15|AC  0|TAMS 0x0000000703c00000, 0x0000000703c00000|
|  61|0x0000000703d00000, 0x0000000703d9de00, 0x0000000703e00000| 61%| O|  |TS 25|AC  0|TAMS 0x0000000703d00000, 0x0000000703d00000|
|  62|0x0000000703e00000, 0x0000000703e00000, 0x0000000703f00000|  0%| F|  |TS  0|AC  0|TAMS 0x0000000703e00000, 0x0000000703e00000|
|  63|0x0000000703f00000, 0x0000000703f00000, 0x0000000704000000|  0%| F|  |TS  0|AC  0|TAMS 0x0000000703f00000, 0x0000000703f00000|
|  64|0x0000000704000000, 0x0000000704100000, 0x0000000704100000|100%|HS|  |TS  0|AC  0|TAMS 0x0000000704000000, 0x0000000704000000|
|  65|0x0000000704100000, 0x0000000704100000, 0x0000000704200000|  0%| F|  |TS  0|AC  0|TAMS 0x0000000704100000, 0x0000000704100000|
|  66|0x0000000704200000, 0x0000000704200000, 0x0000000704300000|  0%| F|  |TS  0|AC  0|TAMS 0x0000000704200000, 0x0000000704200000|
|  67|0x0000000704300000, 0x0000000704300000, 0x0000000704400000|  0%| F|  |TS  0|AC  0|TAMS 0x0000000704300000, 0x0000000704300000|
|  68|0x0000000704400000, 0x0000000704400000, 0x0000000704500000|  0%| F|  |TS  0|AC  0|TAMS 0x0000000704400000, 0x0000000704400000|
|  69|0x0000000704500000, 0x0000000704600000, 0x0000000704600000|100%|HS|  |TS  0|AC  0|TAMS 0x0000000704500000, 0x0000000704500000|
|  70|0x0000000704600000, 0x0000000704700000, 0x0000000704700000|100%|HC|  |TS  0|AC  0|TAMS 0x0000000704600000, 0x0000000704600000|
|  71|0x0000000704700000, 0x0000000704800000, 0x0000000704800000|100%|HC|  |TS  0|AC  0|TAMS 0x0000000704700000, 0x0000000704700000|
|  72|0x0000000704800000, 0x0000000704900000, 0x0000000704900000|100%|HC|  |TS  0|AC  0|TAMS 0x0000000704800000, 0x0000000704800000|
|  73|0x0000000704900000, 0x0000000704a00000, 0x0000000704a00000|100%|HC|  |TS  0|AC  0|TAMS 0x0000000704900000, 0x0000000704900000|
|  74|0x0000000704a00000, 0x0000000704b00000, 0x0000000704b00000|100%|HC|  |TS  0|AC  0|TAMS 0x0000000704a00000, 0x0000000704a00000|
|  75|0x0000000704b00000, 0x0000000704c00000, 0x0000000704c00000|100%|HC|  |TS  0|AC  0|TAMS 0x0000000704b00000, 0x0000000704b00000|
|  76|0x0000000704c00000, 0x0000000704d00000, 0x0000000704d00000|100%|HC|  |TS  0|AC  0|TAMS 0x0000000704c00000, 0x0000000704c00000|
|  77|0x0000000704d00000, 0x0000000704d00000, 0x0000000704e00000|  0%| F|  |TS  0|AC  0|TAMS 0x0000000704d00000, 0x0000000704d00000|
|  78|0x0000000704e00000, 0x0000000704e00000, 0x0000000704f00000|  0%| F|  |TS  0|AC  0|TAMS 0x0000000704e00000, 0x0000000704e00000|
|  79|0x0000000704f00000, 0x0000000704f00000, 0x0000000705000000|  0%| F|  |TS  0|AC  0|TAMS 0x0000000704f00000, 0x0000000704f00000|
|  80|0x0000000705000000, 0x0000000705000000, 0x0000000705100000|  0%| F|  |TS  0|AC  0|TAMS 0x0000000705000000, 0x0000000705000000|
|  81|0x0000000705100000, 0x0000000705100000, 0x0000000705200000|  0%| F|  |TS  0|AC  0|TAMS 0x0000000705100000, 0x0000000705100000|
|  82|0x0000000705200000, 0x0000000705200000, 0x0000000705300000|  0%| F|  |TS  0|AC  0|TAMS 0x0000000705200000, 0x0000000705200000|
|  83|0x0000000705300000, 0x0000000705300000, 0x0000000705400000|  0%| F|  |TS  0|AC  0|TAMS 0x0000000705300000, 0x0000000705300000|
|  84|0x0000000705400000, 0x0000000705400000, 0x0000000705500000|  0%| F|  |TS  0|AC  0|TAMS 0x0000000705400000, 0x0000000705400000|
|  85|0x0000000705500000, 0x0000000705500000, 0x0000000705600000|  0%| F|  |TS  0|AC  0|TAMS 0x0000000705500000, 0x0000000705500000|
|  86|0x0000000705600000, 0x0000000705600000, 0x0000000705700000|  0%| F|  |TS  0|AC  0|TAMS 0x0000000705600000, 0x0000000705600000|
|  87|0x0000000705700000, 0x0000000705700000, 0x0000000705800000|  0%| F|  |TS  0|AC  0|TAMS 0x0000000705700000, 0x0000000705700000|
|  88|0x0000000705800000, 0x0000000705800000, 0x0000000705900000|  0%| F|  |TS  0|AC  0|TAMS 0x0000000705800000, 0x0000000705800000|
|  89|0x0000000705900000, 0x0000000705900000, 0x0000000705a00000|  0%| F|  |TS  0|AC  0|TAMS 0x0000000705900000, 0x0000000705900000|
|  90|0x0000000705a00000, 0x0000000705a00000, 0x0000000705b00000|  0%| F|  |TS  0|AC  0|TAMS 0x0000000705a00000, 0x0000000705a00000|
|  91|0x0000000705b00000, 0x0000000705b00000, 0x0000000705c00000|  0%| F|  |TS  0|AC  0|TAMS 0x0000000705b00000, 0x0000000705b00000|
|  92|0x0000000705c00000, 0x0000000705c00000, 0x0000000705d00000|  0%| F|  |TS  0|AC  0|TAMS 0x0000000705c00000, 0x0000000705c00000|
|  93|0x0000000705d00000, 0x0000000705d00000, 0x0000000705e00000|  0%| F|  |TS  0|AC  0|TAMS 0x0000000705d00000, 0x0000000705d00000|
|  94|0x0000000705e00000, 0x0000000705e00000, 0x0000000705f00000|  0%| F|  |TS  0|AC  0|TAMS 0x0000000705e00000, 0x0000000705e00000|
|  95|0x0000000705f00000, 0x0000000705f00000, 0x0000000706000000|  0%| F|  |TS  0|AC  0|TAMS 0x0000000705f00000, 0x0000000705f00000|
|  96|0x0000000706000000, 0x0000000706000000, 0x0000000706100000|  0%| F|  |TS  0|AC  0|TAMS 0x0000000706000000, 0x0000000706000000|
|  97|0x0000000706100000, 0x0000000706100000, 0x0000000706200000|  0%| F|  |TS  0|AC  0|TAMS 0x0000000706100000, 0x0000000706100000|
|  98|0x0000000706200000, 0x0000000706200000, 0x0000000706300000|  0%| F|  |TS  0|AC  0|TAMS 0x0000000706200000, 0x0000000706200000|
|  99|0x0000000706300000, 0x0000000706300000, 0x0000000706400000|  0%| F|  |TS  0|AC  0|TAMS 0x0000000706300000, 0x0000000706300000|
| 100|0x0000000706400000, 0x0000000706400000, 0x0000000706500000|  0%| F|  |TS  0|AC  0|TAMS 0x0000000706400000, 0x0000000706400000|
| 101|0x0000000706500000, 0x0000000706500000, 0x0000000706600000|  0%| F|  |TS  0|AC  0|TAMS 0x0000000706500000, 0x0000000706500000|
| 102|0x0000000706600000, 0x0000000706600000, 0x0000000706700000|  0%| F|  |TS  0|AC  0|TAMS 0x0000000706600000, 0x0000000706600000|
| 103|0x0000000706700000, 0x0000000706700000, 0x0000000706800000|  0%| F|  |TS  0|AC  0|TAMS 0x0000000706700000, 0x0000000706700000|
| 104|0x0000000706800000, 0x0000000706800000, 0x0000000706900000|  0%| F|  |TS  0|AC  0|TAMS 0x0000000706800000, 0x0000000706800000|
| 105|0x0000000706900000, 0x0000000706900000, 0x0000000706a00000|  0%| F|  |TS  0|AC  0|TAMS 0x0000000706900000, 0x0000000706900000|
| 106|0x0000000706a00000, 0x0000000706a00000, 0x0000000706b00000|  0%| F|  |TS  0|AC  0|TAMS 0x0000000706a00000, 0x0000000706a00000|
| 107|0x0000000706b00000, 0x0000000706b00000, 0x0000000706c00000|  0%| F|  |TS  0|AC  0|TAMS 0x0000000706b00000, 0x0000000706b00000|
| 108|0x0000000706c00000, 0x0000000706c00000, 0x0000000706d00000|  0%| F|  |TS  0|AC  0|TAMS 0x0000000706c00000, 0x0000000706c00000|
| 109|0x0000000706d00000, 0x0000000706d00000, 0x0000000706e00000|  0%| F|  |TS  0|AC  0|TAMS 0x0000000706d00000, 0x0000000706d00000|
| 110|0x0000000706e00000, 0x0000000706e00000, 0x0000000706f00000|  0%| F|  |TS  0|AC  0|TAMS 0x0000000706e00000, 0x0000000706e00000|
| 111|0x0000000706f00000, 0x0000000706f00000, 0x0000000707000000|  0%| F|  |TS  0|AC  0|TAMS 0x0000000706f00000, 0x0000000706f00000|
| 112|0x0000000707000000, 0x0000000707000000, 0x0000000707100000|  0%| F|  |TS  0|AC  0|TAMS 0x0000000707000000, 0x0000000707000000|
| 113|0x0000000707100000, 0x0000000707100000, 0x0000000707200000|  0%| F|  |TS  0|AC  0|TAMS 0x0000000707100000, 0x0000000707100000|
| 114|0x0000000707200000, 0x0000000707200000, 0x0000000707300000|  0%| F|  |TS  0|AC  0|TAMS 0x0000000707200000, 0x0000000707200000|
| 115|0x0000000707300000, 0x0000000707300000, 0x0000000707400000|  0%| F|  |TS  0|AC  0|TAMS 0x0000000707300000, 0x0000000707300000|
| 116|0x0000000707400000, 0x0000000707400000, 0x0000000707500000|  0%| F|  |TS  0|AC  0|TAMS 0x0000000707400000, 0x0000000707400000|
| 117|0x0000000707500000, 0x0000000707500000, 0x0000000707600000|  0%| F|  |TS  0|AC  0|TAMS 0x0000000707500000, 0x0000000707500000|
| 118|0x0000000707600000, 0x0000000707600000, 0x0000000707700000|  0%| F|  |TS  0|AC  0|TAMS 0x0000000707600000, 0x0000000707600000|
| 119|0x0000000707700000, 0x0000000707700000, 0x0000000707800000|  0%| F|  |TS  0|AC  0|TAMS 0x0000000707700000, 0x0000000707700000|
| 120|0x0000000707800000, 0x0000000707800000, 0x0000000707900000|  0%| F|  |TS  0|AC  0|TAMS 0x0000000707800000, 0x0000000707800000|
| 121|0x0000000707900000, 0x0000000707900000, 0x0000000707a00000|  0%| F|  |TS  0|AC  0|TAMS 0x0000000707900000, 0x0000000707900000|
| 122|0x0000000707a00000, 0x0000000707a00000, 0x0000000707b00000|  0%| F|  |TS  0|AC  0|TAMS 0x0000000707a00000, 0x0000000707a00000|
| 123|0x0000000707b00000, 0x0000000707b00000, 0x0000000707c00000|  0%| F|  |TS  0|AC  0|TAMS 0x0000000707b00000, 0x0000000707b00000|
| 124|0x0000000707c00000, 0x0000000707c00000, 0x0000000707d00000|  0%| F|  |TS  0|AC  0|TAMS 0x0000000707c00000, 0x0000000707c00000|
| 125|0x0000000707d00000, 0x0000000707d00000, 0x0000000707e00000|  0%| F|  |TS  0|AC  0|TAMS 0x0000000707d00000, 0x0000000707d00000|
| 126|0x0000000707e00000, 0x0000000707e00000, 0x0000000707f00000|  0%| F|  |TS  0|AC  0|TAMS 0x0000000707e00000, 0x0000000707e00000|
| 127|0x0000000707f00000, 0x0000000707f00000, 0x0000000708000000|  0%| F|  |TS  0|AC  0|TAMS 0x0000000707f00000, 0x0000000707f00000|
| 128|0x0000000708000000, 0x0000000708000000, 0x0000000708100000|  0%| F|  |TS  0|AC  0|TAMS 0x0000000708000000, 0x0000000708000000|
| 129|0x0000000708100000, 0x0000000708100000, 0x0000000708200000|  0%| F|  |TS  0|AC  0|TAMS 0x0000000708100000, 0x0000000708100000|
| 130|0x0000000708200000, 0x0000000708200000, 0x0000000708300000|  0%| F|  |TS  0|AC  0|TAMS 0x0000000708200000, 0x0000000708200000|
| 131|0x0000000708300000, 0x0000000708300000, 0x0000000708400000|  0%| F|  |TS  0|AC  0|TAMS 0x0000000708300000, 0x0000000708300000|
| 132|0x0000000708400000, 0x0000000708400000, 0x0000000708500000|  0%| F|  |TS  0|AC  0|TAMS 0x0000000708400000, 0x0000000708400000|
| 133|0x0000000708500000, 0x0000000708500000, 0x0000000708600000|  0%| F|  |TS  0|AC  0|TAMS 0x0000000708500000, 0x0000000708500000|
| 134|0x0000000708600000, 0x0000000708600000, 0x0000000708700000|  0%| F|  |TS  0|AC  0|TAMS 0x0000000708600000, 0x0000000708600000|
| 135|0x0000000708700000, 0x0000000708700000, 0x0000000708800000|  0%| F|  |TS  0|AC  0|TAMS 0x0000000708700000, 0x0000000708700000|
| 136|0x0000000708800000, 0x0000000708800000, 0x0000000708900000|  0%| F|  |TS  0|AC  0|TAMS 0x0000000708800000, 0x0000000708800000|
| 137|0x0000000708900000, 0x0000000708900000, 0x0000000708a00000|  0%| F|  |TS  0|AC  0|TAMS 0x0000000708900000, 0x0000000708900000|
| 138|0x0000000708a00000, 0x0000000708a00000, 0x0000000708b00000|  0%| F|  |TS  0|AC  0|TAMS 0x0000000708a00000, 0x0000000708a00000|
| 139|0x0000000708b00000, 0x0000000708b00000, 0x0000000708c00000|  0%| F|  |TS 15|AC  0|TAMS 0x0000000708b00000, 0x0000000708b00000|
| 140|0x0000000708c00000, 0x0000000708c00000, 0x0000000708d00000|  0%| F|  |TS 15|AC  0|TAMS 0x0000000708c00000, 0x0000000708c00000|
| 141|0x0000000708d00000, 0x0000000708d00000, 0x0000000708e00000|  0%| F|  |TS 15|AC  0|TAMS 0x0000000708d00000, 0x0000000708d00000|
| 142|0x0000000708e00000, 0x0000000708e00000, 0x0000000708f00000|  0%| F|  |TS 15|AC  0|TAMS 0x0000000708e00000, 0x0000000708e00000|
| 143|0x0000000708f00000, 0x0000000708f00000, 0x0000000709000000|  0%| F|  |TS 19|AC  0|TAMS 0x0000000708f00000, 0x0000000708f00000|
| 144|0x0000000709000000, 0x000000070904b0f0, 0x0000000709100000| 29%| S|CS|TS 25|AC  0|TAMS 0x0000000709000000, 0x0000000709000000|
| 145|0x0000000709100000, 0x0000000709200000, 0x0000000709200000|100%| S|CS|TS 25|AC  0|TAMS 0x0000000709100000, 0x0000000709100000|
| 146|0x0000000709200000, 0x0000000709300000, 0x0000000709300000|100%| S|CS|TS 25|AC  0|TAMS 0x0000000709200000, 0x0000000709200000|
| 147|0x0000000709300000, 0x0000000709300000, 0x0000000709400000|  0%| F|  |TS 25|AC  0|TAMS 0x0000000709300000, 0x0000000709300000|
| 148|0x0000000709400000, 0x0000000709400000, 0x0000000709500000|  0%| F|  |TS 25|AC  0|TAMS 0x0000000709400000, 0x0000000709400000|
| 149|0x0000000709500000, 0x0000000709500000, 0x0000000709600000|  0%| F|  |TS 25|AC  0|TAMS 0x0000000709500000, 0x0000000709500000|
| 150|0x0000000709600000, 0x0000000709600000, 0x0000000709700000|  0%| F|  |TS 25|AC  0|TAMS 0x0000000709600000, 0x0000000709600000|
| 151|0x0000000709700000, 0x0000000709700000, 0x0000000709800000|  0%| F|  |TS 25|AC  0|TAMS 0x0000000709700000, 0x0000000709700000|
| 152|0x0000000709800000, 0x0000000709800000, 0x0000000709900000|  0%| F|  |TS 25|AC  0|TAMS 0x0000000709800000, 0x0000000709800000|
| 153|0x0000000709900000, 0x0000000709900000, 0x0000000709a00000|  0%| F|  |TS 25|AC  0|TAMS 0x0000000709900000, 0x0000000709900000|
| 154|0x0000000709a00000, 0x0000000709a00000, 0x0000000709b00000|  0%| F|  |TS 25|AC  0|TAMS 0x0000000709a00000, 0x0000000709a00000|
| 155|0x0000000709b00000, 0x0000000709b00000, 0x0000000709c00000|  0%| F|  |TS 25|AC  0|TAMS 0x0000000709b00000, 0x0000000709b00000|
| 156|0x0000000709c00000, 0x0000000709c00000, 0x0000000709d00000|  0%| F|  |TS 25|AC  0|TAMS 0x0000000709c00000, 0x0000000709c00000|
| 157|0x0000000709d00000, 0x0000000709d00000, 0x0000000709e00000|  0%| F|  |TS 25|AC  0|TAMS 0x0000000709d00000, 0x0000000709d00000|
| 158|0x0000000709e00000, 0x0000000709e00000, 0x0000000709f00000|  0%| F|  |TS 25|AC  0|TAMS 0x0000000709e00000, 0x0000000709e00000|
| 159|0x0000000709f00000, 0x0000000709f00000, 0x000000070a000000|  0%| F|  |TS 25|AC  0|TAMS 0x0000000709f00000, 0x0000000709f00000|
| 160|0x000000070a000000, 0x000000070a000000, 0x000000070a100000|  0%| F|  |TS 25|AC  0|TAMS 0x000000070a000000, 0x000000070a000000|
| 161|0x000000070a100000, 0x000000070a100000, 0x000000070a200000|  0%| F|  |TS 25|AC  0|TAMS 0x000000070a100000, 0x000000070a100000|
| 162|0x000000070a200000, 0x000000070a200000, 0x000000070a300000|  0%| F|  |TS 25|AC  0|TAMS 0x000000070a200000, 0x000000070a200000|
| 163|0x000000070a300000, 0x000000070a300000, 0x000000070a400000|  0%| F|  |TS 25|AC  0|TAMS 0x000000070a300000, 0x000000070a300000|
| 164|0x000000070a400000, 0x000000070a400000, 0x000000070a500000|  0%| F|  |TS 25|AC  0|TAMS 0x000000070a400000, 0x000000070a400000|
| 165|0x000000070a500000, 0x000000070a500000, 0x000000070a600000|  0%| F|  |TS 25|AC  0|TAMS 0x000000070a500000, 0x000000070a500000|
| 166|0x000000070a600000, 0x000000070a600000, 0x000000070a700000|  0%| F|  |TS 25|AC  0|TAMS 0x000000070a600000, 0x000000070a600000|
| 167|0x000000070a700000, 0x000000070a700000, 0x000000070a800000|  0%| F|  |TS 25|AC  0|TAMS 0x000000070a700000, 0x000000070a700000|
| 168|0x000000070a800000, 0x000000070a838ec0, 0x000000070a900000| 22%| E|  |TS 25|AC  0|TAMS 0x000000070a800000, 0x000000070a800000|
| 169|0x000000070a900000, 0x000000070aa00000, 0x000000070aa00000|100%| E|CS|TS 25|AC  0|TAMS 0x000000070a900000, 0x000000070a900000|
| 170|0x000000070aa00000, 0x000000070ab00000, 0x000000070ab00000|100%| E|CS|TS 25|AC  0|TAMS 0x000000070aa00000, 0x000000070aa00000|
| 171|0x000000070ab00000, 0x000000070ac00000, 0x000000070ac00000|100%| E|CS|TS 25|AC  0|TAMS 0x000000070ab00000, 0x000000070ab00000|
| 172|0x000000070ac00000, 0x000000070ad00000, 0x000000070ad00000|100%| E|CS|TS 25|AC  0|TAMS 0x000000070ac00000, 0x000000070ac00000|
| 173|0x000000070ad00000, 0x000000070ae00000, 0x000000070ae00000|100%| E|CS|TS 25|AC  0|TAMS 0x000000070ad00000, 0x000000070ad00000|
| 174|0x000000070ae00000, 0x000000070af00000, 0x000000070af00000|100%| E|CS|TS 25|AC  0|TAMS 0x000000070ae00000, 0x000000070ae00000|
| 175|0x000000070af00000, 0x000000070b000000, 0x000000070b000000|100%| E|CS|TS 25|AC  0|TAMS 0x000000070af00000, 0x000000070af00000|
| 176|0x000000070b000000, 0x000000070b100000, 0x000000070b100000|100%| E|CS|TS 25|AC  0|TAMS 0x000000070b000000, 0x000000070b000000|
| 177|0x000000070b100000, 0x000000070b200000, 0x000000070b200000|100%| E|CS|TS 25|AC  0|TAMS 0x000000070b100000, 0x000000070b100000|
| 178|0x000000070b200000, 0x000000070b300000, 0x000000070b300000|100%| E|CS|TS 25|AC  0|TAMS 0x000000070b200000, 0x000000070b200000|
| 179|0x000000070b300000, 0x000000070b400000, 0x000000070b400000|100%| E|CS|TS 25|AC  0|TAMS 0x000000070b300000, 0x000000070b300000|
| 180|0x000000070b400000, 0x000000070b500000, 0x000000070b500000|100%| E|CS|TS 25|AC  0|TAMS 0x000000070b400000, 0x000000070b400000|
| 181|0x000000070b500000, 0x000000070b600000, 0x000000070b600000|100%| E|CS|TS 25|AC  0|TAMS 0x000000070b500000, 0x000000070b500000|
| 182|0x000000070b600000, 0x000000070b700000, 0x000000070b700000|100%| E|CS|TS 25|AC  0|TAMS 0x000000070b600000, 0x000000070b600000|
| 183|0x000000070b700000, 0x000000070b800000, 0x000000070b800000|100%| E|CS|TS 25|AC  0|TAMS 0x000000070b700000, 0x000000070b700000|
| 184|0x000000070b800000, 0x000000070b900000, 0x000000070b900000|100%| E|CS|TS 25|AC  0|TAMS 0x000000070b800000, 0x000000070b800000|
| 185|0x000000070b900000, 0x000000070ba00000, 0x000000070ba00000|100%| E|CS|TS 25|AC  0|TAMS 0x000000070b900000, 0x000000070b900000|
| 186|0x000000070ba00000, 0x000000070bb00000, 0x000000070bb00000|100%| E|CS|TS 25|AC  0|TAMS 0x000000070ba00000, 0x000000070ba00000|
| 187|0x000000070bb00000, 0x000000070bc00000, 0x000000070bc00000|100%| E|CS|TS 25|AC  0|TAMS 0x000000070bb00000, 0x000000070bb00000|
| 188|0x000000070bc00000, 0x000000070bd00000, 0x000000070bd00000|100%| E|CS|TS 25|AC  0|TAMS 0x000000070bc00000, 0x000000070bc00000|
| 189|0x000000070bd00000, 0x000000070be00000, 0x000000070be00000|100%| E|CS|TS 25|AC  0|TAMS 0x000000070bd00000, 0x000000070bd00000|
| 190|0x000000070be00000, 0x000000070bf00000, 0x000000070bf00000|100%| E|CS|TS 25|AC  0|TAMS 0x000000070be00000, 0x000000070be00000|
| 191|0x000000070bf00000, 0x000000070c000000, 0x000000070c000000|100%| E|CS|TS 25|AC  0|TAMS 0x000000070bf00000, 0x000000070bf00000|
| 192|0x000000070c000000, 0x000000070c100000, 0x000000070c100000|100%| E|CS|TS 25|AC  0|TAMS 0x000000070c000000, 0x000000070c000000|
| 193|0x000000070c100000, 0x000000070c200000, 0x000000070c200000|100%| E|CS|TS 25|AC  0|TAMS 0x000000070c100000, 0x000000070c100000|
| 194|0x000000070c200000, 0x000000070c300000, 0x000000070c300000|100%| E|CS|TS 25|AC  0|TAMS 0x000000070c200000, 0x000000070c200000|
| 195|0x000000070c300000, 0x000000070c400000, 0x000000070c400000|100%| E|CS|TS 25|AC  0|TAMS 0x000000070c300000, 0x000000070c300000|
| 196|0x000000070c400000, 0x000000070c500000, 0x000000070c500000|100%| E|CS|TS 25|AC  0|TAMS 0x000000070c400000, 0x000000070c400000|
| 197|0x000000070c500000, 0x000000070c600000, 0x000000070c600000|100%| E|CS|TS 25|AC  0|TAMS 0x000000070c500000, 0x000000070c500000|
| 198|0x000000070c600000, 0x000000070c700000, 0x000000070c700000|100%| E|CS|TS 25|AC  0|TAMS 0x000000070c600000, 0x000000070c600000|
| 199|0x000000070c700000, 0x000000070c800000, 0x000000070c800000|100%| E|CS|TS 25|AC  0|TAMS 0x000000070c700000, 0x000000070c700000|
| 200|0x000000070c800000, 0x000000070c900000, 0x000000070c900000|100%| E|CS|TS 25|AC  0|TAMS 0x000000070c800000, 0x000000070c800000|
| 201|0x000000070c900000, 0x000000070ca00000, 0x000000070ca00000|100%| E|CS|TS 25|AC  0|TAMS 0x000000070c900000, 0x000000070c900000|
| 202|0x000000070ca00000, 0x000000070cb00000, 0x000000070cb00000|100%| E|CS|TS 25|AC  0|TAMS 0x000000070ca00000, 0x000000070ca00000|
| 203|0x000000070cb00000, 0x000000070cc00000, 0x000000070cc00000|100%| E|CS|TS 25|AC  0|TAMS 0x000000070cb00000, 0x000000070cb00000|
| 204|0x000000070cc00000, 0x000000070cd00000, 0x000000070cd00000|100%| E|CS|TS 25|AC  0|TAMS 0x000000070cc00000, 0x000000070cc00000|
| 205|0x000000070cd00000, 0x000000070ce00000, 0x000000070ce00000|100%| E|CS|TS 25|AC  0|TAMS 0x000000070cd00000, 0x000000070cd00000|
| 206|0x000000070ce00000, 0x000000070cf00000, 0x000000070cf00000|100%| E|CS|TS 25|AC  0|TAMS 0x000000070ce00000, 0x000000070ce00000|

Card table byte_map: [0x00000291216b0000,0x0000029121cb0000] byte_map_base: 0x000002911deb0000

Marking Bits (Prev, Next): (CMBitMap*) 0x000002911de6f7b0, (CMBitMap*) 0x000002911de6f7e8
 Prev Bits: [0x000002913aa50000, 0x000002913da50000)
 Next Bits: [0x000002913da50000, 0x0000029140a50000)

Polling page: 0x00000291165f0000

CodeHeap 'non-profiled nmethods': size=120064Kb used=15698Kb max_used=15698Kb free=104365Kb
 bounds [0x0000029133510000, 0x0000029134470000, 0x000002913aa50000]
CodeHeap 'profiled nmethods': size=120000Kb used=39313Kb max_used=40010Kb free=80686Kb
 bounds [0x000002912bfe0000, 0x000002912e730000, 0x0000029133510000]
CodeHeap 'non-nmethods': size=5696Kb used=1793Kb max_used=1859Kb free=3902Kb
 bounds [0x000002912ba50000, 0x000002912bcc0000, 0x000002912bfe0000]
 total_blobs=25980 nmethods=14648 adapters=1131
 compilation: enabled

Compilation events (10 events):
Event: 25623.245 Thread 0x000002911db1b800 18374       3       ui.utils.o.w.Y::eYK (45 bytes)
Event: 25623.245 Thread 0x000002911db1b800 nmethod 18374 0x000002912cebd210 code [0x000002912cebd400, 0x000002912cebd920]
Event: 25623.247 Thread 0x0000029124b34000 nmethod 18331 0x0000029134461e90 code [0x00000291344620e0, 0x00000291344628d0]
Event: 25623.247 Thread 0x0000029124b34000 18349       4       javax.swing.text.AbstractWriter::decrIndent (31 bytes)
Event: 25623.247 Thread 0x0000029124b34000 nmethod 18349 0x0000029134462f90 code [0x0000029134463120, 0x0000029134463198]
Event: 25623.247 Thread 0x0000029124b34000 18332       4       javax.swing.text.AbstractDocument$AbstractElement::removeAttributes (46 bytes)
Event: 25623.251 Thread 0x0000029124b34000 nmethod 18332 0x0000029134463210 code [0x00000291344633c0, 0x0000029134463798]
Event: 25623.253 Thread 0x000002911ed57800 nmethod 18355 0x0000029134463990 code [0x0000029134463c40, 0x00000291344648f8]
Event: 25623.255 Thread 0x000002911db1b800 18375   !   3       com.jidesoft.plaf.basic.BasicStyledLabelUI::layoutCL (304 bytes)
Event: 25623.257 Thread 0x000002911db1b800 nmethod 18375 0x000002912dd94890 code [0x000002912dd94be0, 0x000002912dd97640]

GC Heap History (10 events):
Event: 25574.897 GC heap before
{Heap before GC invocations=81 (full 3):
 garbage-first heap   total 211968K, used 132098K [0x0000000700000000, 0x0000000700100678, 0x00000007c0000000)
  region size 1024K, 60 young (61440K), 4 survivors (4096K)
 Metaspace       used 80245K, capacity 85705K, committed 85876K, reserved 1122304K
  class space    used 11083K, capacity 12035K, committed 12148K, reserved 1048576K
}
Event: 25574.929 GC heap after
{Heap after GC invocations=82 (full 3):
 garbage-first heap   total 211968K, used 75181K [0x0000000700000000, 0x0000000700100678, 0x00000007c0000000)
  region size 1024K, 4 young (4096K), 4 survivors (4096K)
 Metaspace       used 80245K, capacity 85705K, committed 85876K, reserved 1122304K
  class space    used 11083K, capacity 12035K, committed 12148K, reserved 1048576K
}
Event: 25617.478 GC heap before
{Heap before GC invocations=82 (full 3):
 garbage-first heap   total 211968K, used 132525K [0x0000000700000000, 0x0000000700100678, 0x00000007c0000000)
  region size 1024K, 60 young (61440K), 4 survivors (4096K)
 Metaspace       used 80276K, capacity 85775K, committed 86132K, reserved 1124352K
  class space    used 11086K, capacity 12036K, committed 12148K, reserved 1048576K
}
Event: 25617.486 GC heap after
{Heap after GC invocations=83 (full 3):
 garbage-first heap   total 211968K, used 75056K [0x0000000700000000, 0x0000000700100678, 0x00000007c0000000)
  region size 1024K, 4 young (4096K), 4 survivors (4096K)
 Metaspace       used 80276K, capacity 85775K, committed 86132K, reserved 1124352K
  class space    used 11086K, capacity 12036K, committed 12148K, reserved 1048576K
}
Event: 25618.301 GC heap before
{Heap before GC invocations=83 (full 3):
 garbage-first heap   total 211968K, used 132400K [0x0000000700000000, 0x0000000700100678, 0x00000007c0000000)
  region size 1024K, 60 young (61440K), 4 survivors (4096K)
 Metaspace       used 80426K, capacity 85917K, committed 86132K, reserved 1124352K
  class space    used 11134K, capacity 12103K, committed 12148K, reserved 1048576K
}
Event: 25618.308 GC heap after
{Heap after GC invocations=84 (full 3):
 garbage-first heap   total 211968K, used 73646K [0x0000000700000000, 0x0000000700100678, 0x00000007c0000000)
  region size 1024K, 3 young (3072K), 3 survivors (3072K)
 Metaspace       used 80426K, capacity 85917K, committed 86132K, reserved 1124352K
  class space    used 11134K, capacity 12103K, committed 12148K, reserved 1048576K
}
Event: 25619.248 GC heap before
{Heap before GC invocations=84 (full 3):
 garbage-first heap   total 211968K, used 132014K [0x0000000700000000, 0x0000000700100678, 0x00000007c0000000)
  region size 1024K, 60 young (61440K), 3 survivors (3072K)
 Metaspace       used 80519K, capacity 86059K, committed 86132K, reserved 1124352K
  class space    used 11158K, capacity 12136K, committed 12148K, reserved 1048576K
}
Event: 25619.254 GC heap after
{Heap after GC invocations=85 (full 3):
 garbage-first heap   total 211968K, used 73379K [0x0000000700000000, 0x0000000700100678, 0x00000007c0000000)
  region size 1024K, 3 young (3072K), 3 survivors (3072K)
 Metaspace       used 80519K, capacity 86059K, committed 86132K, reserved 1124352K
  class space    used 11158K, capacity 12136K, committed 12148K, reserved 1048576K
}
Event: 25622.517 GC heap before
{Heap before GC invocations=85 (full 3):
 garbage-first heap   total 211968K, used 131747K [0x0000000700000000, 0x0000000700100678, 0x00000007c0000000)
  region size 1024K, 60 young (61440K), 3 survivors (3072K)
 Metaspace       used 80536K, capacity 86059K, committed 86132K, reserved 1124352K
  class space    used 11158K, capacity 12136K, committed 12148K, reserved 1048576K
}
Event: 25622.523 GC heap after
{Heap after GC invocations=86 (full 3):
 garbage-first heap   total 211968K, used 73434K [0x0000000700000000, 0x0000000700100678, 0x00000007c0000000)
  region size 1024K, 3 young (3072K), 3 survivors (3072K)
 Metaspace       used 80536K, capacity 86059K, committed 86132K, reserved 1124352K
  class space    used 11158K, capacity 12136K, committed 12148K, reserved 1048576K
}

Deoptimization events (10 events):
Event: 25618.550 Thread 0x000002911a5d2000 Uncommon trap: reason=unstable_if action=reinterpret pc=0x0000029133bc1674 method=com.jidesoft.plaf.basic.BasicStyledLabelUI.layoutCL(Ljavax/swing/JLabel;Ljava/awt/FontMetrics;Ljava/lang/String;Ljavax/swing/Icon;Ljava/awt/Rectangle;Ljava/awt/Rectangle;Lja
Event: 25618.550 Thread 0x000002911a5d2000 Uncommon trap: reason=unstable_if action=reinterpret pc=0x00000291341749c4 method=com.jidesoft.plaf.basic.BasicStyledLabelUI.getPreferredSize(Lcom/jidesoft/swing/StyledLabel;)Ljava/awt/Dimension; @ 27 c2
Event: 25618.550 Thread 0x000002911a5d2000 Uncommon trap: reason=unstable_if action=reinterpret pc=0x00000291341b744c method=com.jidesoft.plaf.basic.BasicStyledLabelUI.layoutCompoundLabelImpl(Ljavax/swing/JComponent;Ljava/awt/FontMetrics;Ljava/lang/String;Ljavax/swing/Icon;IIIILjava/awt/Rectangle;
Event: 25618.552 Thread 0x000002911a5d2000 Uncommon trap: reason=unstable_if action=reinterpret pc=0x000002913416eb50 method=com.jidesoft.plaf.basic.BasicStyledLabelUI.layoutCL(Ljavax/swing/JLabel;Ljava/awt/FontMetrics;Ljava/lang/String;Ljavax/swing/Icon;Ljava/awt/Rectangle;Ljava/awt/Rectangle;Lja
Event: 25618.556 Thread 0x000002911a5d2000 Uncommon trap: reason=unstable_if action=reinterpret pc=0x00000291343d8950 method=javax.swing.text.BoxView.paint(Ljava/awt/Graphics;Ljava/awt/Shape;)V @ 214 c2
Event: 25618.558 Thread 0x000002911a5d2000 Uncommon trap: reason=unstable_if action=reinterpret pc=0x000002913434b444 method=com.jidesoft.plaf.basic.BasicStyledLabelUI.internalPaintStyledText(Lcom/jidesoft/swing/StyledLabel;Ljava/awt/Graphics;III)I @ 507 c2
Event: 25619.212 Thread 0x000002911a5d2000 Uncommon trap: reason=class_check action=maybe_recompile pc=0x0000029133dc6f0c method=sun.java2d.SunGraphics2D.setComposite(Ljava/awt/Composite;)V @ 10 c2
Event: 25619.397 Thread 0x000002911a5d2000 Uncommon trap: reason=class_check action=maybe_recompile pc=0x0000029133dc6f0c method=sun.java2d.SunGraphics2D.setComposite(Ljava/awt/Composite;)V @ 10 c2
Event: 25622.369 Thread 0x000002911a5d2000 Uncommon trap: reason=class_check action=maybe_recompile pc=0x0000029133dc6f0c method=sun.java2d.SunGraphics2D.setComposite(Ljava/awt/Composite;)V @ 10 c2
Event: 25622.806 Thread 0x000002911a5d2000 Uncommon trap: reason=null_check action=make_not_entrant pc=0x00000291338bdda8 method=javax.swing.text.GapContent$MarkData.getPosition()Ljavax/swing/text/GapContent$StickyPosition; @ 4 c2

Classes redefined (0 events):
No events

Internal exceptions (10 events):
Event: 24981.063 Thread 0x000002911b0c3000 Exception <a 'java/lang/NoSuchMethodError'{0x000000070cd3ecf8}: java.lang.invoke.DirectMethodHandle$Holder.invokeSpecial(Ljava/lang/Object;Ljava/lang/Object;IILjava/lang/Object;JI)Ljava/lang/Object;> (0x000000070cd3ecf8) thrown at [t:/workspace/hotspot/sr
Event: 24981.063 Thread 0x000002911b0c3000 Exception <a 'java/lang/NoSuchMethodError'{0x000000070cd42be0}: java.lang.invoke.DelegatingMethodHandle$Holder.reinvoke_L(Ljava/lang/Object;IILjava/lang/Object;JI)Ljava/lang/Object;> (0x000000070cd42be0) thrown at [t:/workspace/hotspot/src/share/vm/interp
Event: 24981.064 Thread 0x000002911b0c3000 Exception <a 'java/lang/NoSuchMethodError'{0x000000070cd638a0}: method resolution failed> (0x000000070cd638a0) thrown at [t:/workspace/hotspot/src/share/vm/prims/methodHandles.cpp, line 1256]
Event: 25617.635 Thread 0x000002911a5d2000 Implicit null exception at 0x0000029133d8f43c to 0x0000029133d8fae1
Event: 25618.184 Thread 0x000002911a5d2000 Exception <a 'java/lang/NoSuchMethodError'{0x000000070a2a4210}: java.lang.invoke.DirectMethodHandle$Holder.invokeSpecial(Ljava/lang/Object;Ljava/lang/Object;I)V> (0x000000070a2a4210) thrown at [t:/workspace/hotspot/src/share/vm/interpreter/linkResolver.cp
Event: 25618.308 Thread 0x000002911b0bf000 Implicit null exception at 0x0000029134286a64 to 0x0000029134288981
Event: 25618.657 Thread 0x000002911a5d2000 Exception <a 'java/lang/NoSuchMethodError'{0x000000070ae8c9d0}: java.lang.invoke.DirectMethodHandle$Holder.invokeSpecial(Ljava/lang/Object;Ljava/lang/Object;IILjava/lang/Object;ILjava/lang/Object;Ljava/lang/Object;)Ljava/lang/Object;> (0x000000070ae8c9d0)
Event: 25618.658 Thread 0x000002911a5d2000 Exception <a 'java/lang/NoSuchMethodError'{0x000000070ae8ffd8}: java.lang.invoke.DelegatingMethodHandle$Holder.reinvoke_L(Ljava/lang/Object;IILjava/lang/Object;ILjava/lang/Object;Ljava/lang/Object;)Ljava/lang/Object;> (0x000000070ae8ffd8) thrown at [t:/wo
Event: 25618.659 Thread 0x000002911a5d2000 Exception <a 'java/lang/NoSuchMethodError'{0x000000070aeb5508}: java.lang.invoke.DirectMethodHandle$Holder.invokeSpecial(Ljava/lang/Object;Ljava/lang/Object;Ljava/lang/Object;ILjava/lang/Object;Ljava/lang/Object;)Ljava/lang/Object;> (0x000000070aeb5508) t
Event: 25622.806 Thread 0x000002911a5d2000 Implicit null exception at 0x00000291338b6920 to 0x00000291338bdd55

Events (10 events):
Event: 25622.369 Thread 0x000002911a5d2000 Uncommon trap: trap_request=0xffffffde fr.pc=0x0000029133dc6f0c relative=0x00000000000000cc
Event: 25622.369 Thread 0x000002911a5d2000 DEOPT PACKING pc=0x0000029133dc6f0c sp=0x000000c15d0f8200
Event: 25622.369 Thread 0x000002911a5d2000 DEOPT UNPACKING pc=0x000002912ba9da29 sp=0x000000c15d0f81c8 mode 2
Event: 25622.516 Executing VM operation: G1IncCollectionPause
Event: 25622.523 Executing VM operation: G1IncCollectionPause done
Event: 25622.647 Thread 0x000002911b0be800 Thread added: 0x000002911b0be800
Event: 25622.806 Thread 0x000002911a5d2000 Uncommon trap: trap_request=0xfffffff4 fr.pc=0x00000291338bdda8 relative=0x0000000000009c48
Event: 25622.806 Thread 0x000002911a5d2000 DEOPT PACKING pc=0x00000291338bdda8 sp=0x000000c15d0fc9a0
Event: 25622.806 Thread 0x000002911a5d2000 DEOPT UNPACKING pc=0x000002912ba9da29 sp=0x000000c15d0fc6a8 mode 2
Event: 25622.808 Thread 0x000002911b0be800 Thread exited: 0x000002911b0be800


Dynamic libraries:
0x00007ff690cf0000 - 0x00007ff690d20000 	D:\XILINX2019\Vivado\2019.1\bin\unwrapped\win64.o\vivado.exe
0x00007ffcb5370000 - 0x00007ffcb5584000 	C:\WINDOWS\SYSTEM32\ntdll.dll
0x00007ffcb3ed0000 - 0x00007ffcb3f93000 	C:\WINDOWS\System32\KERNEL32.DLL
0x00007ffcb2ae0000 - 0x00007ffcb2e7c000 	C:\WINDOWS\System32\KERNELBASE.dll
0x00007ffcb29c0000 - 0x00007ffcb2ad1000 	C:\WINDOWS\System32\ucrtbase.dll
0x00007ffc46020000 - 0x00007ffc460ad000 	C:\WINDOWS\SYSTEM32\MSVCP140.dll
0x00007ffcaab50000 - 0x00007ffcaab64000 	D:\XILINX2019\Vivado\2019.1\lib\win64.o\librdi_commonmain.dll
0x00007ffc9c4e0000 - 0x00007ffc9c4f4000 	D:\XILINX2019\Vivado\2019.1\lib\win64.o\libboost_signals.dll
0x00007ffc44ff0000 - 0x00007ffc45ed2000 	D:\XILINX2019\Vivado\2019.1\lib\win64.o\librdi_common.dll
0x00007ffc460b0000 - 0x00007ffc460cb000 	C:\WINDOWS\SYSTEM32\VCRUNTIME140.dll
0x00007ffc98150000 - 0x00007ffc9815c000 	C:\WINDOWS\SYSTEM32\VCRUNTIME140_1.dll
0x00007ffcb37f0000 - 0x00007ffcb399d000 	C:\WINDOWS\System32\USER32.dll
0x00007ffcb2990000 - 0x00007ffcb29b6000 	C:\WINDOWS\System32\win32u.dll
0x00007ffca19b0000 - 0x00007ffca19ba000 	D:\XILINX2019\Vivado\2019.1\lib\win64.o\librdi_commonversion.dll
0x00007ffcb3e50000 - 0x00007ffcb3e79000 	C:\WINDOWS\System32\GDI32.dll
0x00007ffc9bd30000 - 0x00007ffc9bd56000 	D:\XILINX2019\Vivado\2019.1\lib\win64.o\libboost_filesystem.dll
0x00007ffc76170000 - 0x00007ffc76291000 	D:\XILINX2019\Vivado\2019.1\lib\win64.o\librdi_commonxillic.dll
0x00007ffcb3060000 - 0x00007ffcb3173000 	C:\WINDOWS\System32\gdi32full.dll
0x00007ffcb4790000 - 0x00007ffcb483e000 	C:\WINDOWS\System32\ADVAPI32.dll
0x000000005e6b0000 - 0x000000005e7db000 	D:\XILINX2019\Vivado\2019.1\lib\win64.o\tcl85t.dll
0x00007ffcb2e80000 - 0x00007ffcb2f1a000 	C:\WINDOWS\System32\msvcp_win.dll
0x00007ffcb5060000 - 0x00007ffcb5107000 	C:\WINDOWS\System32\msvcrt.dll
0x00007ffcb3aa0000 - 0x00007ffcb3b11000 	C:\WINDOWS\System32\WS2_32.dll
0x00007ffcb40c0000 - 0x00007ffcb4164000 	C:\WINDOWS\System32\sechost.dll
0x00007ffcb3fa0000 - 0x00007ffcb40b5000 	C:\WINDOWS\System32\RPCRT4.dll
0x00007ffcb4860000 - 0x00007ffcb5050000 	C:\WINDOWS\System32\SHELL32.dll
0x00007ffc75e00000 - 0x00007ffc7616e000 	D:\XILINX2019\Vivado\2019.1\lib\win64.o\libCOIN-all.dll
0x00007ffc9bcb0000 - 0x00007ffc9bcc4000 	D:\XILINX2019\Vivado\2019.1\lib\win64.o\libboost_date_time.dll
0x00007ffc9fd10000 - 0x00007ffc9fd1b000 	D:\XILINX2019\Vivado\2019.1\lib\win64.o\libboost_system.dll
0x00007ffc75ce0000 - 0x00007ffc75df4000 	D:\XILINX2019\Vivado\2019.1\lib\win64.o\libboost_regex.dll
0x00007ffc9b980000 - 0x00007ffc9b9a1000 	D:\XILINX2019\Vivado\2019.1\lib\win64.o\libboost_thread.dll
0x00007ffc9fbc0000 - 0x00007ffc9fbcf000 	D:\XILINX2019\Vivado\2019.1\lib\win64.o\libboost_xilinx.dll
0x00007ffc758e0000 - 0x00007ffc75962000 	D:\XILINX2019\Vivado\2019.1\lib\win64.o\libhdlpsolve.dll
0x00007ffc6fa60000 - 0x00007ffc6fb05000 	D:\XILINX2019\Vivado\2019.1\lib\win64.o\libhdxml.dll
0x00007ffc757e0000 - 0x00007ffc7585f000 	D:\XILINX2019\Vivado\2019.1\lib\win64.o\libboost_program_options.dll
0x00007ffc44440000 - 0x00007ffc44fef400 	D:\XILINX2019\Vivado\2019.1\lib\win64.o\libisl_iostreams.dll
0x00007ffc95570000 - 0x00007ffc9559e000 	D:\XILINX2019\Vivado\2019.1\lib\win64.o\libisl_sysinfo.dll
0x00007ffc74560000 - 0x00007ffc745c5000 	D:\XILINX2019\Vivado\2019.1\lib\win64.o\liblmx6.0.dll
0x00007ffc935f0000 - 0x00007ffc9360c000 	D:\XILINX2019\Vivado\2019.1\lib\win64.o\librdiconfig.dll
0x00007ffc92880000 - 0x00007ffc928a1000 	D:\XILINX2019\Vivado\2019.1\lib\win64.o\librdizlib.dll
0x0000000012000000 - 0x0000000012270000 	D:\XILINX2019\Vivado\2019.1\lib\win64.o\xerces-c_3_1.dll
0x00007ffc98330000 - 0x00007ffc9834a000 	D:\XILINX2019\Vivado\2019.1\lib\win64.o\pthreadVC2.dll
0x00007ffc6f780000 - 0x00007ffc6fa58000 	D:\XILINX2019\Vivado\2019.1\lib\win64.o\libXil_lmgr11.dll
0x00007ffcb39a0000 - 0x00007ffcb3a97000 	C:\WINDOWS\System32\COMDLG32.dll
0x00007ffcb3460000 - 0x00007ffcb37e9000 	C:\WINDOWS\System32\combase.dll
0x00007ffcb3330000 - 0x00007ffcb3421000 	C:\WINDOWS\System32\shcore.dll
0x00007ffc98a50000 - 0x00007ffc98f44000 	C:\WINDOWS\SYSTEM32\WININET.dll
0x00007ffc9a120000 - 0x00007ffc9a139000 	C:\WINDOWS\SYSTEM32\NETAPI32.dll
0x00007ffca7d30000 - 0x00007ffca7e5f000 	C:\WINDOWS\SYSTEM32\WINHTTP.dll
0x00007ffcb42b0000 - 0x00007ffcb430e000 	C:\WINDOWS\System32\SHLWAPI.dll
0x00007ffc9fdb0000 - 0x00007ffc9ffa0000 	C:\WINDOWS\SYSTEM32\urlmon.dll
0x00007ffcb3ba0000 - 0x00007ffcb3c77000 	C:\WINDOWS\System32\OLEAUT32.dll
0x00007ffcb3190000 - 0x00007ffcb332c000 	C:\WINDOWS\System32\ole32.dll
0x00007ffcb27b0000 - 0x00007ffcb281b000 	C:\WINDOWS\System32\WINTRUST.dll
0x00007ffc9bd20000 - 0x00007ffc9bd29000 	C:\WINDOWS\SYSTEM32\WSOCK32.dll
0x00007ffcb2820000 - 0x00007ffcb2986000 	C:\WINDOWS\System32\CRYPT32.dll
0x00007ffc435a0000 - 0x00007ffc44431000 	D:\XILINX2019\Vivado\2019.1\lib\win64.o\gurobi65.dll
0x00007ffc43410000 - 0x00007ffc43441000 	C:\WINDOWS\SYSTEM32\VCOMP140.DLL
0x00007ffc9bcf0000 - 0x00007ffc9bcfd000 	D:\XILINX2019\Vivado\2019.1\lib\win64.o\libboost_chrono.dll
0x00007ffc90260000 - 0x00007ffc9027b000 	D:\XILINX2019\Vivado\2019.1\lib\win64.o\libboost_iostreams.dll
0x00007ffc871a0000 - 0x00007ffc871c5000 	D:\XILINX2019\Vivado\2019.1\lib\win64.o\libisl_iosutils.dll
0x00007ffc84fc0000 - 0x00007ffc85073000 	C:\WINDOWS\WinSxS\amd64_microsoft.windows.common-controls_6595b64144ccf1df_5.82.22621.608_none_fb280a3c7926c2cc\COMCTL32.dll
0x00007ffc9f8e0000 - 0x00007ffc9fb91000 	C:\WINDOWS\SYSTEM32\iertutil.dll
0x00007ffc9fd80000 - 0x00007ffc9fda8000 	C:\WINDOWS\SYSTEM32\srvcli.dll
0x00007ffcb12d0000 - 0x00007ffcb12dc000 	C:\WINDOWS\SYSTEM32\netutils.dll
0x00007ffca7cf0000 - 0x00007ffca7d0f000 	C:\WINDOWS\SYSTEM32\dhcpcsvc.DLL
0x00007ffcb5110000 - 0x00007ffcb5141000 	C:\WINDOWS\System32\IMM32.DLL
0x00007ffcb1f30000 - 0x00007ffcb1f42000 	C:\WINDOWS\SYSTEM32\MSASN1.dll
0x00007ffcb1800000 - 0x00007ffcb1818000 	C:\WINDOWS\SYSTEM32\kernel.appcore.dll
0x00007ffc42ef0000 - 0x00007ffc43407000 	D:\XILINX2019\Vivado\2019.1\lib\win64.o\librdi_commontasks.dll
0x00007ffcaa1e0000 - 0x00007ffcaa1ea000 	C:\WINDOWS\SYSTEM32\VERSION.dll
0x00007ffc6f4f0000 - 0x00007ffc6f776000 	D:\XILINX2019\Vivado\2019.1\lib\win64.o\librdi_sio.dll
0x00007ffcb1320000 - 0x00007ffcb134d000 	C:\WINDOWS\SYSTEM32\IPHLPAPI.DLL
0x000000005dc80000 - 0x000000005e6a5000 	D:\XILINX2019\Vivado\2019.1\tps\win64\jre9.0.4\bin\server\jvm.dll
0x00007ffcb3e40000 - 0x00007ffcb3e48000 	C:\WINDOWS\System32\PSAPI.DLL
0x00007ffcaa1a0000 - 0x00007ffcaa1d4000 	C:\WINDOWS\SYSTEM32\WINMM.dll
0x00007ffc6b110000 - 0x00007ffc6b1ff000 	C:\WINDOWS\SYSTEM32\MSVCR120.dll
0x00007ffcb1c70000 - 0x00007ffcb1cd9000 	C:\WINDOWS\SYSTEM32\MSWSOCK.DLL
0x00007ffcb07c0000 - 0x00007ffcb108e000 	C:\WINDOWS\SYSTEM32\windows.storage.dll
0x00007ffcb0680000 - 0x00007ffcb07be000 	C:\WINDOWS\SYSTEM32\wintypes.dll
0x00007ffc40a30000 - 0x00007ffc42eec000 	D:\XILINX2019\Vivado\2019.1\lib\win64.o\librdi_tcltasks.dll
0x00007ffc6e280000 - 0x00007ffc6e2f8000 	D:\XILINX2019\Vivado\2019.1\lib\win64.o\librdi_boarddep.dll
0x00007ffc69bf0000 - 0x00007ffc69cdb000 	D:\XILINX2019\Vivado\2019.1\lib\win64.o\librdi_chipscope.dll
0x00007ffc460f0000 - 0x00007ffc464f8000 	D:\XILINX2019\Vivado\2019.1\lib\win64.o\librdi_bitstream.dll
0x00007ffc40870000 - 0x00007ffc40a2d000 	D:\XILINX2019\Vivado\2019.1\lib\win64.o\librdi_chipscopeimpl.dll
0x00007ffc64a00000 - 0x00007ffc64b56000 	D:\XILINX2019\Vivado\2019.1\lib\win64.o\librdi_containers.dll
0x00007ffc50c50000 - 0x00007ffc50de1000 	D:\XILINX2019\Vivado\2019.1\lib\win64.o\librdi_board.dll
0x00007ffc3ee80000 - 0x00007ffc4086a000 	D:\XILINX2019\Vivado\2019.1\lib\win64.o\librdi_constraints.dll
0x00007ffc3c8e0000 - 0x00007ffc3cfba000 	D:\XILINX2019\Vivado\2019.1\lib\win64.o\librdi_coregenipxact.dll
0x00007ffc3cfc0000 - 0x00007ffc3ee71000 	D:\XILINX2019\Vivado\2019.1\lib\win64.o\librdi_coregen.dll
0x00007ffc26140000 - 0x00007ffc2645e000 	D:\XILINX2019\Vivado\2019.1\lib\win64.o\librdi_dlyest.dll
0x00007ffc38890000 - 0x00007ffc3c8d3000 	D:\XILINX2019\Vivado\2019.1\lib\win64.o\librdi_designutils.dll
0x00007ffc25ba0000 - 0x00007ffc2613a000 	D:\XILINX2019\Vivado\2019.1\lib\win64.o\librdi_drc.dll
0x00007ffc6a8f0000 - 0x00007ffc6a9b4000 	D:\XILINX2019\Vivado\2019.1\lib\win64.o\librdi_dsp.dll
0x00007ffc25550000 - 0x00007ffc25b9d000 	D:\XILINX2019\Vivado\2019.1\lib\win64.o\librdi_filemgmt.dll
0x00007ffc25260000 - 0x00007ffc25543000 	D:\XILINX2019\Vivado\2019.1\lib\win64.o\librdi_guitools.dll
0x00007ffc6f480000 - 0x00007ffc6f4e5000 	D:\XILINX2019\Vivado\2019.1\lib\win64.o\librdi_hdf.dll
0x00007ffc6a820000 - 0x00007ffc6a893000 	D:\XILINX2019\Vivado\2019.1\lib\win64.o\librdi_memoryarray.dll
0x00007ffc23680000 - 0x00007ffc23c95000 	D:\XILINX2019\Vivado\2019.1\lib\win64.o\librdi_memdata.dll
0x00007ffc23ca0000 - 0x00007ffc25260000 	D:\XILINX2019\Vivado\2019.1\lib\win64.o\librdi_implflow.dll
0x00007ffc202e0000 - 0x00007ffc20982000 	D:\XILINX2019\Vivado\2019.1\lib\win64.o\librdi_netlist.dll
0x00007ffc20990000 - 0x00007ffc23676000 	D:\XILINX2019\Vivado\2019.1\lib\win64.o\librdi_mig.dll
0x00007ffc755c0000 - 0x00007ffc7560b000 	D:\XILINX2019\Vivado\2019.1\lib\win64.o\librdi_pfi.dll
0x00007ffc1dc60000 - 0x00007ffc202d6000 	D:\XILINX2019\Vivado\2019.1\lib\win64.o\librdi_place.dll
0x00007ffc1d950000 - 0x00007ffc1dc5f000 	D:\XILINX2019\Vivado\2019.1\lib\win64.o\librdi_platform.dll
0x00007ffc1cc80000 - 0x00007ffc1d1ff000 	D:\XILINX2019\Vivado\2019.1\lib\win64.o\librdi_project.dll
0x00007ffc1c570000 - 0x00007ffc1cc79000 	D:\XILINX2019\Vivado\2019.1\lib\win64.o\librdi_psta.dll
0x00007ffc1d200000 - 0x00007ffc1d94a000 	D:\XILINX2019\Vivado\2019.1\lib\win64.o\librdi_power.dll
0x00007ffc1ba60000 - 0x00007ffc1be51000 	D:\XILINX2019\Vivado\2019.1\lib\win64.o\librdi_runs.dll
0x00007ffc26460000 - 0x00007ffc3888c000 	D:\XILINX2019\Vivado\2019.1\lib\win64.o\librdi_device.dll
0x00007ffc68780000 - 0x00007ffc6887a000 	D:\XILINX2019\Vivado\2019.1\lib\win64.o\librdi_runsbase.dll
0x00007ffc1be60000 - 0x00007ffc1c566000 	D:\XILINX2019\Vivado\2019.1\lib\win64.o\librdi_rsb.dll
0x00007ffc1b800000 - 0x00007ffc1ba56000 	D:\XILINX2019\Vivado\2019.1\lib\win64.o\librdi_simdata.dll
0x00007ffc1a9e0000 - 0x00007ffc1b7f1000 	D:\XILINX2019\Vivado\2019.1\lib\win64.o\librdi_timing.dll
0x00007ffc4fcc0000 - 0x00007ffc4fe32000 	D:\XILINX2019\Vivado\2019.1\lib\win64.o\librdi_advchipscopeimpl.dll
0x00007ffc6c700000 - 0x00007ffc6c74c000 	D:\XILINX2019\Vivado\2019.1\lib\win64.o\libboost_serialization.dll
0x00007ffc67600000 - 0x00007ffc676c2000 	D:\XILINX2019\Vivado\2019.1\lib\win64.o\librdi_ipconfig_readwrite.dll
0x00007ffc1a840000 - 0x00007ffc1a9df000 	D:\XILINX2019\Vivado\2019.1\lib\win64.o\librdi_hip_devdesign.dll
0x00007ffc6c340000 - 0x00007ffc6c383000 	D:\XILINX2019\Vivado\2019.1\lib\win64.o\librdi_noc_frameworks.dll
0x00007ffc64700000 - 0x00007ffc6479e000 	D:\XILINX2019\Vivado\2019.1\lib\win64.o\libise.dll
0x00007ffc19900000 - 0x00007ffc19ce5000 	D:\XILINX2019\Vivado\2019.1\lib\win64.o\librdi_hip_config.dll
0x00007ffc193b0000 - 0x00007ffc198fe000 	D:\XILINX2019\Vivado\2019.1\lib\win64.o\librdi_xdm.dll
0x00007ffc19cf0000 - 0x00007ffc1a837000 	D:\XILINX2019\Vivado\2019.1\lib\win64.o\libverific.dll
0x00007ffc700b0000 - 0x00007ffc700f0000 	D:\XILINX2019\Vivado\2019.1\lib\win64.o\librdi_wavedata_SimpleApi.dll
0x00007ffc18db0000 - 0x00007ffc193ac000 	D:\XILINX2019\Vivado\2019.1\lib\win64.o\librdi_wavedata.dll
0x00007ffc6c690000 - 0x00007ffc6c6cf000 	D:\XILINX2019\Vivado\2019.1\lib\win64.o\librdi_schedmon.dll
0x00007ffc17c20000 - 0x00007ffc18dad000 	D:\XILINX2019\Vivado\2019.1\lib\win64.o\librdi_route.dll
0x00007ffc6a3a0000 - 0x00007ffc6a428000 	D:\XILINX2019\Vivado\2019.1\lib\win64.o\librdi_meir_core.dll

VM Arguments:
jvm_args: -Dsun.java2d.pmoffscreen=false -Dsun.java2d.xrender=false -Dsun.java2d.d3d=false -Dsun.awt.nopixfmt=true -Dsun.java2d.dpiaware=true -Dsun.java2d.uiScale.enabled=false -Xverify:none -Dswing.aatext=true -XX:-UsePerfData -Djdk.map.althashing.threshold=512 -XX:StringTableSize=4072 --add-opens=java.base/java.nio=ALL-UNNAMED --add-opens=java.desktop/sun.swing=ALL-UNNAMED --add-opens=java.desktop/javax.swing=ALL-UNNAMED --add-opens=java.desktop/javax.swing.tree=ALL-UNNAMED --add-opens=java.desktop/javax.swing.plaf.basic=ALL-UNNAMED --add-opens=java.desktop/javax.swing.plaf.synth=ALL-UNNAMED --add-opens=java.desktop/com.sun.awt=ALL-UNNAMED -XX:NewSize=60m -XX:MaxNewSize=60m -Xms128m -Xmx3072m -Xss5m 
java_command: <unknown>
java_class_path (initial): D:/XILINX2019/Vivado/2019.1\lib\classes\alloy.jar;D:/XILINX2019/Vivado/2019.1\lib\classes\autopilot.scelaborator.jar;D:/XILINX2019/Vivado/2019.1\lib\classes\autopilot.sourceprocessor.jar;D:/XILINX2019/Vivado/2019.1\lib\classes\autopilot.tbprocessor.jar;D:/XILINX2019/Vivado/2019.1\lib\classes\batik-anim.jar;D:/XILINX2019/Vivado/2019.1\lib\classes\batik-awt-util.jar;D:/XILINX2019/Vivado/2019.1\lib\classes\batik-bridge.jar;D:/XILINX2019/Vivado/2019.1\lib\classes\batik-codec.jar;D:/XILINX2019/Vivado/2019.1\lib\classes\batik-css.jar;D:/XILINX2019/Vivado/2019.1\lib\classes\batik-dom.jar;D:/XILINX2019/Vivado/2019.1\lib\classes\batik-ext.jar;D:/XILINX2019/Vivado/2019.1\lib\classes\batik-gui-util.jar;D:/XILINX2019/Vivado/2019.1\lib\classes\batik-gvt.jar;D:/XILINX2019/Vivado/2019.1\lib\classes\batik-parser.jar;D:/XILINX2019/Vivado/2019.1\lib\classes\batik-script.jar;D:/XILINX2019/Vivado/2019.1\lib\classes\batik-svg-dom.jar;D:/XILINX2019/Vivado/2019.1\lib\classes\batik-swing.jar;D:/XILINX2019/Vivado/2019.1\lib\classes\batik-transcoder.jar;D:/XILINX2019/Vivado/2019.1\lib\classes\batik-util.jar;D:/XILINX2019/Vivado/2019.1\lib\classes\batik-xml.jar;D:/XILINX2019/Vivado/2019.1\lib\classes\com.google.gson_2.7.0.v20170129-0911.jar;D:/XILINX2019/Vivado/2019.1\lib\classes\com.google.guava_21.0.0.v20170206-1425.jar;D:/XILINX2019/Vivado/2019.1\lib\classes\com.google.inject_3.0.0.v201605172100.jar;D:/XILINX2019/Vivado/2019.1\lib\classes\com.ibm.icu_4.4.2.v20110208.jar;D:/XILINX2019/Vivado/2019.1\lib\classes\com.sigasi.hdt.annotations.runtime_4.3.0.201903071210.jar;D:/XILINX2019/Vivado/2019.1\lib\classes\com.sigasi.hdt.blockdiagram.model_4.3.0.201903071210.jar;D:/XILINX2019/Vivado/2019.1\lib\classes\com.sigasi.hdt.connection_4.3.0.201903071210.jar;D:/XILINX2019/Vivado/2019.1\lib\classes\com.sigasi.hdt.dependencies.model_4.3.0.201903071210.jar;D:/XILINX2019/Vivado/2019.1\lib\classes\com.sigasi.hdt.epl_4.3.0.201903071210.jar;D:/XILINX2019/Vivado/2019.1\lib\class
Launcher Type: generic

Logging:
Log output configuration:
#0: stdout all=warning uptime,level,tags
#1: stderr all=off uptime,level,tags

Environment Variables:
PATH=D:/XILINX2019/Vivado/2019.1/bin;D:/XILINX2019/Vivado/2019.1/lib/win64.o;D:/XILINX2019/Vivado/2019.1/tps/win64/jre9.0.4/bin/server;D:/XILINX2019/Vivado/2019.1/tps/win64/jre9.0.4/bin;D:/XILINX2019/SDK/2019.1/bin;D:/XILINX2019/Vivado/2019.1/ids_lite/ISE/bin/nt64;D:/XILINX2019/Vivado/2019.1/ids_lite/ISE/lib/nt64;C:\WinAVR-20090313\bin;C:\WinAVR-20090313\utils\bin;C:\Program Files (x86)\Common Files\Oracle\Java\javapath;C:\WINDOWS\system32;C:\WINDOWS;C:\WINDOWS\System32\Wbem;C:\WINDOWS\System32\WindowsPowerShell\v1.0\;C:\WINDOWS\System32\OpenSSH\;D:\kuliah\software kuliahh\MATLAB\runtime\win64;D:\kuliah\software kuliahh\MATLAB\bin;D:\kuliah\software kuliahh\MATLAB\polyspace\bin;C:\Program Files (x86)\IVI Foundation\VISA\WinNT\Bin\;C:\Program Files\IVI Foundation\VISA\Win64\Bin\;C:\Program Files (x86)\National Instruments\Shared\LabVIEW CLI;C:\Program Files\PuTTY\;C:\Wincupl\WINCUPL\EXE;C:\Wincupl\WINCUPL\FITTERS;%USERPROFILE%\AppData\Local\Microsoft\WindowsApps;;D:/XILINX2019/Vivado/2019.1\tps\mingw\6.2.0\win64.o\nt\bin;D:/XILINX2019/Vivado/2019.1\tps\mingw\6.2.0\win64.o\nt\libexec\gcc\x86_64-w64-mingw32\6.2.0;D:/XILINX2019/Vivado/2019.1\tps\win64\python-2.7.5;D:/XILINX2019/Vivado/2019.1\tps\win64\python-2.7.5\lib;D:/XILINX2019/Vivado/2019.1\tps\win64\python-2.7.5\Lib\lib-tk;D:/XILINX2019/Vivado/2019.1\tps\win64\python-2.7.5\lib\site-packages
USERNAME=IMAM W
OS=Windows_NT
PROCESSOR_IDENTIFIER=AMD64 Family 23 Model 24 Stepping 1, AuthenticAMD



---------------  S Y S T E M  ---------------

OS: Windows 10 , 64 bit Build 22621 (10.0.22621.1344)

CPU:total 4 (initial active 4) (4 cores per cpu, 1 threads per core) family 23 model 24 stepping 1, cmov, cx8, fxsr, mmx, sse, sse2, sse3, ssse3, sse4.1, sse4.2, popcnt, avx, avx2, aes, clmul, mmxext, 3dnowpref, lzcnt, sse4a, tsc, tscinvbit, tscinv, bmi1

Memory: 4k page, physical 6203416k(1059772k free), swap 22456344k(12196092k free)

vm_info: Java HotSpot(TM) 64-Bit Server VM (9.0.4+11) for windows-amd64 JRE (9.0.4+11), built on Dec 20 2017 02:18:54 by "mach5one" with MS VC++ 12.0 (VS2013)

END.
