#
# A fatal error has been detected by the Java Runtime Environment:
#
#  EXCEPTION_UNCAUGHT_CXX_EXCEPTION (0xe06d7363) at pc=0x00007ffea969051c, pid=4448, tid=18272
#
# JRE version: Java(TM) SE Runtime Environment (9.0+11) (build 9.0.4+11)
# Java VM: Java HotSpot(TM) 64-Bit Server VM (9.0.4+11, mixed mode, tiered, compressed oops, g1 gc, windows-amd64)
# Problematic frame:
# C  [KERNELBASE.dll+0x9051c]
#
# No core dump will be written. Minidumps are not enabled by default on client versions of Windows
#
# If you would like to submit a bug report, please visit:
#   http://bugreport.java.com/bugreport/crash.jsp
# The crash happened outside the Java Virtual Machine in native code.
# See problematic frame for where to report the bug.
#

---------------  S U M M A R Y ------------

Command Line: -Dsun.java2d.pmoffscreen=false -Dsun.java2d.xrender=false -Dsun.java2d.d3d=false -Dsun.awt.nopixfmt=true -Dsun.java2d.dpiaware=true -Dsun.java2d.uiScale.enabled=false -Xverify:none -Dswing.aatext=true -XX:-UsePerfData -Djdk.map.althashing.threshold=512 -XX:StringTableSize=4072 --add-opens=java.base/java.nio=ALL-UNNAMED --add-opens=java.desktop/sun.swing=ALL-UNNAMED --add-opens=java.desktop/javax.swing=ALL-UNNAMED --add-opens=java.desktop/javax.swing.tree=ALL-UNNAMED --add-opens=java.desktop/javax.swing.plaf.basic=ALL-UNNAMED --add-opens=java.desktop/javax.swing.plaf.synth=ALL-UNNAMED --add-opens=java.desktop/com.sun.awt=ALL-UNNAMED -XX:NewSize=60m -XX:MaxNewSize=60m -Xms128m -Xmx3072m -Xss5m 

Host: AMD Ryzen 3 3200U with Radeon Vega Mobile Gfx  , 4 cores, 5G,  Windows 10 , 64 bit Build 22621 (10.0.22621.1194)
Time: Mon Mar 06 18:51:24 2023 SE Asia Standard Time elapsed time: 7660 seconds (0d 2h 7m 40s)

---------------  T H R E A D  ---------------

Current thread (0x0000025709456800):  JavaThread "AWT-EventQueue-0" [_thread_in_native, id=18272, stack(0x000000773b000000,0x000000773b500000)]

Stack: [0x000000773b000000,0x000000773b500000],  sp=0x000000773b4f94e0,  free space=5093k
Native frames: (J=compiled Java code, j=interpreted, Vv=VM code, C=native code)
C  [KERNELBASE.dll+0x9051c]
C  [VCRUNTIME140.dll+0x6480]
C  [librdi_common.dll+0x57aa9b]
C  [MSVCP140.dll+0x12721]
C  [ucrtbase.dll+0x7a50c]
C  [librdi_common.dll+0x746a4f]
C  [librdi_common.dll+0x129bc9]
C  0x00007ffdfd8957ca
C  0x00000257151b919c

Java frames: (J=compiled Java code, j=interpreted, Vv=VM code)
j  ui.data.labtools.lthwdatai.HWSysMonSensor_getMinRegister(J)Ljava/lang/String;+0
j  ui.data.labtools.f.c.blP()Ljava/lang/String;+4
j  ui.data.labtools.f.c.blT()D+7
j  ui.views.v.f.e.fNR()V+79
j  ui.views.v.f.e.fJR()V+56
j  ui.views.v.a.d.e.fJO()V+18
j  ui.views.v.a.d.e.dqo()V+1
j  ui.views.v.a.d.e$$Lambda$263.run()V+4
J 14207 c2 java.awt.EventQueue$3.run()Ljava/lang/Object; java.desktop@9.0.4 (5 bytes) @ 0x000002571cd514a4 [0x000002571cd513a0+0x0000000000000104]
v  ~StubRoutines::call_stub
J 3810  java.security.AccessController.doPrivileged(Ljava/security/PrivilegedAction;Ljava/security/AccessControlContext;)Ljava/lang/Object; java.base@9.0.4 (0 bytes) @ 0x000002571ce3f846 [0x000002571ce3f7e0+0x0000000000000066]
J 14186 c2 java.awt.EventQueue.dispatchEvent(Ljava/awt/AWTEvent;)V java.desktop@9.0.4 (80 bytes) @ 0x000002571cd18918 [0x000002571cd183c0+0x0000000000000558]
J 8769 c1 ui.frmwork.b.d.dispatchEvent(Ljava/awt/AWTEvent;)V (34 bytes) @ 0x0000025716ad9064 [0x0000025716ad8fa0+0x00000000000000c4]
J 17433 c1 java.awt.EventDispatchThread.pumpOneEventForFilters(I)V java.desktop@9.0.4 (218 bytes) @ 0x00000257163b5894 [0x00000257163b44c0+0x00000000000013d4]
j  java.awt.EventDispatchThread.pumpEventsForFilter(ILjava/awt/Conditional;Ljava/awt/EventFilter;)V+35 java.desktop@9.0.4
j  java.awt.EventDispatchThread.pumpEventsForFilter(Ljava/awt/Conditional;Ljava/awt/EventFilter;)V+4 java.desktop@9.0.4
j  java.awt.WaitDispatchSupport$2.run()V+59 java.desktop@9.0.4
j  java.awt.WaitDispatchSupport$4.run()Ljava/lang/Void;+4 java.desktop@9.0.4
j  java.awt.WaitDispatchSupport$4.run()Ljava/lang/Object;+1 java.desktop@9.0.4
v  ~StubRoutines::call_stub
J 1070  java.security.AccessController.doPrivileged(Ljava/security/PrivilegedAction;)Ljava/lang/Object; java.base@9.0.4 (0 bytes) @ 0x000002571ccc7132 [0x000002571ccc70e0+0x0000000000000052]
j  java.awt.WaitDispatchSupport.enter()Z+260 java.desktop@9.0.4
j  java.awt.Dialog.show()V+225 java.desktop@9.0.4
J 13082 c1 java.awt.Component.setVisible(Z)V java.desktop@9.0.4 (6 bytes) @ 0x0000025715be9a4c [0x0000025715be9860+0x00000000000001ec]
j  java.awt.Window.setVisible(Z)V+2 java.desktop@9.0.4
j  java.awt.Dialog.setVisible(Z)V+2 java.desktop@9.0.4
j  ui.b.c.g.setVisible(Z)V+2
j  ui.b.c.by.showDialog()V+64
j  ui.b.c.bF.cX()V+4
j  ui.b.c.bF$$Lambda$249.run()V+4
J 14207 c2 java.awt.EventQueue$3.run()Ljava/lang/Object; java.desktop@9.0.4 (5 bytes) @ 0x000002571cd514a4 [0x000002571cd513a0+0x0000000000000104]
v  ~StubRoutines::call_stub
J 3810  java.security.AccessController.doPrivileged(Ljava/security/PrivilegedAction;Ljava/security/AccessControlContext;)Ljava/lang/Object; java.base@9.0.4 (0 bytes) @ 0x000002571ce3f846 [0x000002571ce3f7e0+0x0000000000000066]
J 14186 c2 java.awt.EventQueue.dispatchEvent(Ljava/awt/AWTEvent;)V java.desktop@9.0.4 (80 bytes) @ 0x000002571cd18918 [0x000002571cd183c0+0x0000000000000558]
J 8769 c1 ui.frmwork.b.d.dispatchEvent(Ljava/awt/AWTEvent;)V (34 bytes) @ 0x0000025716ad9064 [0x0000025716ad8fa0+0x00000000000000c4]
J 17433 c1 java.awt.EventDispatchThread.pumpOneEventForFilters(I)V java.desktop@9.0.4 (218 bytes) @ 0x00000257163b5894 [0x00000257163b44c0+0x00000000000013d4]
j  java.awt.EventDispatchThread.pumpEventsForFilter(ILjava/awt/Conditional;Ljava/awt/EventFilter;)V+35 java.desktop@9.0.4
j  java.awt.EventDispatchThread.pumpEventsForHierarchy(ILjava/awt/Conditional;Ljava/awt/Component;)V+11 java.desktop@9.0.4
j  java.awt.EventDispatchThread.pumpEvents(ILjava/awt/Conditional;)V+4 java.desktop@9.0.4
j  java.awt.EventDispatchThread.pumpEvents(Ljava/awt/Conditional;)V+3 java.desktop@9.0.4
j  java.awt.EventDispatchThread.run()V+9 java.desktop@9.0.4
v  ~StubRoutines::call_stub

siginfo: EXCEPTION_UNCAUGHT_CXX_EXCEPTION (0xe06d7363), ExceptionInformation=0x0000000019930520 0x000000773b4f9640 0x00007ffe68e523e8 0x00007ffe682e0000 


Register to memory mapping:

RIP=0x00007ffea969051c KERNELBASE.dll
RAX=0x00000003e01a24cb is an unknown value
RBX=0x00007ffe68e523e8 librdi_common.dll
RCX=0x00000007012d6ae8 is an oop
java.lang.StringBuilder 
{0x00000007012d6ae8} - klass: 'java/lang/StringBuilder'
RDX=0x0000000700d12620 is an oop
sun.awt.AppContext 
{0x0000000700d12620} - klass: 'sun/awt/AppContext'
RSP=0x000000773b4f94e0 is pointing into the stack for thread: 0x0000025709456800
RBP=0x0000004800001462 is an unknown value
RSI=0x000000773b4f9640 is pointing into the stack for thread: 0x0000025709456800
RDI=0x0000000019930520 is an unknown value
R8 =0x00007ffe6850851f librdi_common.dll
R9 =0x0000000000000000 is an unknown value
R10=0x000002571d3c3074 is at entry_point+468 in (nmethod*)0x000002571d3c2c90
R11=0x0000000000000000 is an unknown value
R12=0x0000000000000000 is an unknown value
R13={method} {0x0000025737568f58} 'HWSysMonSensor_getMinRegister' '(J)Ljava/lang/String;' in 'ui/data/labtools/lthwdatai'
R14=0x000000773b4f99f0 is pointing into the stack for thread: 0x0000025709456800
R15=0x000002570aadf770 is an unknown value


Registers:
RAX=0x00000003e01a24cb, RBX=0x00007ffe68e523e8, RCX=0x00000007012d6ae8, RDX=0x0000000700d12620
RSP=0x000000773b4f94e0, RBP=0x0000004800001462, RSI=0x000000773b4f9640, RDI=0x0000000019930520
R8 =0x00007ffe6850851f, R9 =0x0000000000000000, R10=0x000002571d3c3074, R11=0x0000000000000000
R12=0x0000000000000000, R13=0x0000025737568f50, R14=0x000000773b4f99f0, R15=0x000002570aadf770
RIP=0x00007ffea969051c, EFLAGS=0x0000000000000202

Top of Stack: (sp=0x000000773b4f94e0)
0x000000773b4f94e0:   0000000000000000 00007ffe68e523e8
0x000000773b4f94f0:   000000773b4f9640 0000025705eb103f
0x000000773b4f9500:   00000081e06d7363 0000000000000000
0x000000773b4f9510:   00007ffea969051c 0000000700000004
0x000000773b4f9520:   0000000019930520 000000773b4f9640
0x000000773b4f9530:   00007ffe68e523e8 00007ffe682e0000
0x000000773b4f9540:   0000000000000000 000000070820d9c0
0x000000773b4f9550:   0000000000000000 00007ffe68e523e8
0x000000773b4f9560:   000000773b4f99f0 00007ffeabe6663f
0x000000773b4f9570:   000000773b4f95e0 00007ffe69132000
0x000000773b4f9580:   000000773b4f9640 0000000019930520
0x000000773b4f9590:   00007ffe69132000 00007ffe682e0000
0x000000773b4f95a0:   0000d092bc6bc15c 00007ffeabe2b1e1
0x000000773b4f95b0:   00007ffe68e523e8 00007ffea0dd6480
0x000000773b4f95c0:   0000004800001462 0000000000000000
0x000000773b4f95d0:   0000000000000000 00000007034188e8 

Instructions: (pc=0x00007ffea969051c)
0x00007ffea96904fc:   0f 46 c0 44 8b c0 44 89 44 24 38 49 c1 e0 03 e8
0x00007ffea969050c:   97 e2 02 00 48 8d 4c 24 20 48 ff 15 e4 84 1c 00
0x00007ffea969051c:   0f 1f 44 00 00 48 8b 8c 24 c0 00 00 00 48 33 cc
0x00007ffea969052c:   e8 ef 6f 02 00 48 81 c4 d8 00 00 00 c3 cc 83 64 



---------------  P R O C E S S  ---------------

Java Threads: ( => current thread )
  0x0000025735ebf800 JavaThread "Auto Connect" [_thread_blocked, id=3936, stack(0x000000773e700000,0x000000773ec00000)]
  0x0000025735ebc000 JavaThread "Thread-367" [_thread_in_native, id=18136, stack(0x0000007734a00000,0x0000007734b00000)]
  0x0000025735eb9000 JavaThread "SyntheticaAnimation 50" daemon [_thread_blocked, id=18668, stack(0x000000773d300000,0x000000773d800000)]
  0x0000025735eb9800 JavaThread "Update Runs Swing Worker" [_thread_blocked, id=3460, stack(0x000000773f600000,0x000000773fb00000)]
  0x0000025735ebb000 JavaThread "hw_ila_monitor" [_thread_blocked, id=15492, stack(0x000000773e200000,0x000000773e700000)]
  0x0000025708e37000 JavaThread "Refresh Filesets Swing Worker" [_thread_blocked, id=18760, stack(0x000000773dd00000,0x000000773e200000)]
  0x0000025708e3b000 JavaThread "SyntheticaAnimation 70" daemon [_thread_blocked, id=15336, stack(0x000000773d800000,0x000000773dd00000)]
  0x0000025708e3a000 JavaThread "SyntheticaAnimation 25" daemon [_thread_blocked, id=17004, stack(0x000000773bf00000,0x000000773c400000)]
  0x0000025708e39800 JavaThread "SyntheticaAnimation 50" daemon [_thread_blocked, id=18964, stack(0x000000773ce00000,0x000000773d300000)]
  0x0000025708e36800 JavaThread "Monitor HEventQueue" [_thread_blocked, id=16796, stack(0x000000773c900000,0x000000773ce00000)]
  0x0000025708e3c800 JavaThread "SyntheticaCleanerThread" daemon [_thread_blocked, id=16116, stack(0x000000773c400000,0x000000773c900000)]
  0x0000025708e38800 JavaThread "Batik CleanerThread" daemon [_thread_blocked, id=3980, stack(0x000000773b500000,0x000000773ba00000)]
  0x0000025708e38000 JavaThread "Process Messages" [_thread_blocked, id=1624, stack(0x000000773ba00000,0x000000773bf00000)]
  0x0000025708972800 JavaThread "Thread-1" [_thread_in_native, id=12712, stack(0x0000007734c00000,0x0000007736000000)]
=>0x0000025709456800 JavaThread "AWT-EventQueue-0" [_thread_in_native, id=18272, stack(0x000000773b000000,0x000000773b500000)]
  0x000002572eb1d800 JavaThread "AWT-Shutdown" [_thread_blocked, id=14172, stack(0x000000773ab00000,0x000000773b000000)]
  0x000002572ea66800 JavaThread "TimerQueue" daemon [_thread_blocked, id=19152, stack(0x0000007739c00000,0x000000773a100000)]
  0x000002570934d800 JavaThread "AWT-Windows" daemon [_thread_in_native, id=13008, stack(0x000000773a100000,0x000000773a600000)]
  0x0000025708c9a800 JavaThread "Java2D Disposer" daemon [_thread_blocked, id=3880, stack(0x0000007739700000,0x0000007739c00000)]
  0x0000025708975800 JavaThread "Service Thread" daemon [_thread_blocked, id=7760, stack(0x0000007739100000,0x0000007739600000)]
  0x000002570879d000 JavaThread "Common-Cleaner" daemon [_thread_blocked, id=16056, stack(0x0000007738c00000,0x0000007739100000)]
  0x0000025708e3d000 JavaThread "Sweeper thread" daemon [_thread_blocked, id=1744, stack(0x0000007738700000,0x0000007738c00000)]
  0x000002570879c000 JavaThread "C1 CompilerThread2" daemon [_thread_blocked, id=9192, stack(0x0000007738600000,0x0000007738700000)]
  0x000002570879b800 JavaThread "C2 CompilerThread1" daemon [_thread_blocked, id=17268, stack(0x0000007738500000,0x0000007738600000)]
  0x000002570879a800 JavaThread "C2 CompilerThread0" daemon [_thread_blocked, id=13492, stack(0x0000007738400000,0x0000007738500000)]
  0x0000025708798000 JavaThread "Attach Listener" daemon [_thread_blocked, id=15932, stack(0x0000007737f00000,0x0000007738400000)]
  0x000002570e0d2800 JavaThread "Signal Dispatcher" daemon [_thread_blocked, id=9456, stack(0x0000007737a00000,0x0000007737f00000)]
  0x0000025708781800 JavaThread "Finalizer" daemon [_thread_blocked, id=12312, stack(0x0000007737500000,0x0000007737a00000)]
  0x0000025708686800 JavaThread "Reference Handler" daemon [_thread_blocked, id=11492, stack(0x0000007737000000,0x0000007737500000)]
  0x000002570e0ed800 JavaThread "main" [_thread_blocked, id=16052, stack(0x0000007736300000,0x0000007736400000)]

Other Threads:
  0x000002570e3d9000 VMThread "VM Thread" [stack: 0x0000007736f00000,0x0000007737000000] [id=14264]
  0x0000025708974000 WatcherThread [stack: 0x0000007739600000,0x0000007739700000] [id=7536]
  0x000002570b42d800 GCTaskThread "GC Thread#0" [stack: 0x0000007736400000,0x0000007736500000] [id=8096]
  0x000002570b42e000 GCTaskThread "GC Thread#1" [stack: 0x0000007736500000,0x0000007736600000] [id=16572]
  0x000002570b42f800 GCTaskThread "GC Thread#2" [stack: 0x0000007736600000,0x0000007736700000] [id=6128]
  0x000002570b42c800 GCTaskThread "GC Thread#3" [stack: 0x0000007736700000,0x0000007736800000] [id=15680]
  0x0000025707eba800 ConcurrentGCThread "G1 Main Marker" [stack: 0x0000007736d00000,0x0000007736e00000] [id=15672]
  0x000002570b42e800 ConcurrentGCThread "G1 Marker#0" [stack: 0x0000007736e00000,0x0000007736f00000] [id=5668]
  0x000002570b6c6800 ConcurrentGCThread "G1 Refine#0" [stack: 0x0000007736b00000,0x0000007736c00000] [id=19796]
  0x0000025704248800 ConcurrentGCThread "G1 Refine#1" [stack: 0x0000007736a00000,0x0000007736b00000] [id=11428]
  0x0000025704c65800 ConcurrentGCThread "G1 Refine#2" [stack: 0x0000007736900000,0x0000007736a00000] [id=13332]
  0x000002570e64f800 ConcurrentGCThread "G1 Refine#3" [stack: 0x0000007736800000,0x0000007736900000] [id=13356]
  0x0000025708340800 ConcurrentGCThread "G1 Young RemSet Sampling" [stack: 0x0000007736c00000,0x0000007736d00000] [id=19176]

Threads with active compile tasks:

VM state:not at safepoint (normal execution)

VM Mutex/Monitor currently owned by a thread: None

Heap address: 0x0000000700000000, size: 3072 MB, Compressed Oops mode: Zero based, Oop shift amount: 3
Narrow klass base: 0x0000000000000000, Narrow klass shift: 3
Compressed class space size: 1073741824 Address: 0x00000007c0000000

Heap:
 garbage-first heap   total 168960K, used 103210K [0x0000000700000000, 0x0000000700100528, 0x00000007c0000000)
  region size 1024K, 36 young (36864K), 1 survivors (1024K)
 Metaspace       used 79814K, capacity 85565K, committed 85620K, reserved 1122304K
  class space    used 11130K, capacity 12125K, committed 12148K, reserved 1048576K
Heap Regions: E=young(eden), S=young(survivor), O=old, HS=humongous(starts), HC=humongous(continues), CS=collection set, F=free, A=archive, TS=gc time stamp, AC=allocation context, TAMS=top-at-mark-start (previous, next)
|   0|0x0000000700000000, 0x00000007000fd198, 0x0000000700100000| 98%| O|  |TS  0|AC  0|TAMS 0x0000000700000000, 0x0000000700000000|
|   1|0x0000000700100000, 0x0000000700200000, 0x0000000700200000|100%|HS|  |TS  0|AC  0|TAMS 0x0000000700100000, 0x0000000700100000|
|   2|0x0000000700200000, 0x0000000700300000, 0x0000000700300000|100%|HC|  |TS  0|AC  0|TAMS 0x0000000700200000, 0x0000000700200000|
|   3|0x0000000700300000, 0x0000000700400000, 0x0000000700400000|100%|HS|  |TS  0|AC  0|TAMS 0x0000000700300000, 0x0000000700300000|
|   4|0x0000000700400000, 0x00000007004fc1c8, 0x0000000700500000| 98%| O|  |TS  0|AC  0|TAMS 0x0000000700400000, 0x0000000700400000|
|   5|0x0000000700500000, 0x00000007005fbbb8, 0x0000000700600000| 98%| O|  |TS  0|AC  0|TAMS 0x0000000700500000, 0x0000000700500000|
|   6|0x0000000700600000, 0x00000007006ffff8, 0x0000000700700000| 99%| O|  |TS  0|AC  0|TAMS 0x0000000700600000, 0x0000000700600000|
|   7|0x0000000700700000, 0x00000007007ffff8, 0x0000000700800000| 99%| O|  |TS  0|AC  0|TAMS 0x0000000700700000, 0x0000000700700000|
|   8|0x0000000700800000, 0x00000007008f7538, 0x0000000700900000| 96%| O|  |TS  0|AC  0|TAMS 0x0000000700800000, 0x0000000700800000|
|   9|0x0000000700900000, 0x00000007009fffe0, 0x0000000700a00000| 99%| O|  |TS  0|AC  0|TAMS 0x0000000700900000, 0x0000000700900000|
|  10|0x0000000700a00000, 0x0000000700b00000, 0x0000000700b00000|100%|HS|  |TS  0|AC  0|TAMS 0x0000000700a00000, 0x0000000700a00000|
|  11|0x0000000700b00000, 0x0000000700bec310, 0x0000000700c00000| 92%| O|  |TS  0|AC  0|TAMS 0x0000000700b00000, 0x0000000700b00000|
|  12|0x0000000700c00000, 0x0000000700cffce8, 0x0000000700d00000| 99%| O|  |TS  0|AC  0|TAMS 0x0000000700c00000, 0x0000000700c00000|
|  13|0x0000000700d00000, 0x0000000700df6e98, 0x0000000700e00000| 96%| O|  |TS  0|AC  0|TAMS 0x0000000700d00000, 0x0000000700d00000|
|  14|0x0000000700e00000, 0x0000000700efd240, 0x0000000700f00000| 98%| O|  |TS  0|AC  0|TAMS 0x0000000700e00000, 0x0000000700e00000|
|  15|0x0000000700f00000, 0x0000000700fdd0a0, 0x0000000701000000| 86%| O|  |TS  0|AC  0|TAMS 0x0000000700f00000, 0x0000000700f00000|
|  16|0x0000000701000000, 0x00000007010fa2a0, 0x0000000701100000| 97%| O|  |TS  0|AC  0|TAMS 0x0000000701000000, 0x0000000701000000|
|  17|0x0000000701100000, 0x00000007011fad28, 0x0000000701200000| 97%| O|  |TS  0|AC  0|TAMS 0x0000000701100000, 0x0000000701100000|
|  18|0x0000000701200000, 0x00000007012fffe8, 0x0000000701300000| 99%| O|  |TS  0|AC  0|TAMS 0x0000000701200000, 0x0000000701200000|
|  19|0x0000000701300000, 0x00000007013ffff0, 0x0000000701400000| 99%| O|  |TS  0|AC  0|TAMS 0x0000000701300000, 0x0000000701300000|
|  20|0x0000000701400000, 0x00000007014fffe8, 0x0000000701500000| 99%| O|  |TS  0|AC  0|TAMS 0x0000000701400000, 0x0000000701400000|
|  21|0x0000000701500000, 0x0000000701600000, 0x0000000701600000|100%|HS|  |TS  0|AC  0|TAMS 0x0000000701500000, 0x0000000701500000|
|  22|0x0000000701600000, 0x0000000701700000, 0x0000000701700000|100%|HC|  |TS  0|AC  0|TAMS 0x0000000701600000, 0x0000000701600000|
|  23|0x0000000701700000, 0x00000007017fffe8, 0x0000000701800000| 99%| O|  |TS  0|AC  0|TAMS 0x0000000701700000, 0x0000000701700000|
|  24|0x0000000701800000, 0x00000007018fffd8, 0x0000000701900000| 99%| O|  |TS  0|AC  0|TAMS 0x0000000701800000, 0x0000000701800000|
|  25|0x0000000701900000, 0x00000007019ffff0, 0x0000000701a00000| 99%| O|  |TS  0|AC  0|TAMS 0x0000000701900000, 0x0000000701900000|
|  26|0x0000000701a00000, 0x0000000701affff0, 0x0000000701b00000| 99%| O|  |TS  0|AC  0|TAMS 0x0000000701a00000, 0x0000000701a00000|
|  27|0x0000000701b00000, 0x0000000701bffff0, 0x0000000701c00000| 99%| O|  |TS  0|AC  0|TAMS 0x0000000701b00000, 0x0000000701b00000|
|  28|0x0000000701c00000, 0x0000000701cfffe8, 0x0000000701d00000| 99%| O|  |TS  0|AC  0|TAMS 0x0000000701c00000, 0x0000000701c00000|
|  29|0x0000000701d00000, 0x0000000701dffff0, 0x0000000701e00000| 99%| O|  |TS  0|AC  0|TAMS 0x0000000701d00000, 0x0000000701d00000|
|  30|0x0000000701e00000, 0x0000000701efffe0, 0x0000000701f00000| 99%| O|  |TS  0|AC  0|TAMS 0x0000000701e00000, 0x0000000701e00000|
|  31|0x0000000701f00000, 0x0000000701fffff8, 0x0000000702000000| 99%| O|  |TS  0|AC  0|TAMS 0x0000000701f00000, 0x0000000701f00000|
|  32|0x0000000702000000, 0x00000007020ffff8, 0x0000000702100000| 99%| O|  |TS  0|AC  0|TAMS 0x0000000702000000, 0x0000000702000000|
|  33|0x0000000702100000, 0x0000000702200000, 0x0000000702200000|100%| O|  |TS  0|AC  0|TAMS 0x0000000702100000, 0x0000000702100000|
|  34|0x0000000702200000, 0x00000007022fff38, 0x0000000702300000| 99%| O|  |TS  0|AC  0|TAMS 0x0000000702200000, 0x0000000702200000|
|  35|0x0000000702300000, 0x00000007023ffff0, 0x0000000702400000| 99%| O|  |TS  0|AC  0|TAMS 0x0000000702300000, 0x0000000702300000|
|  36|0x0000000702400000, 0x0000000702500000, 0x0000000702500000|100%| O|  |TS  0|AC  0|TAMS 0x0000000702400000, 0x0000000702400000|
|  37|0x0000000702500000, 0x00000007025fffc8, 0x0000000702600000| 99%| O|  |TS  0|AC  0|TAMS 0x0000000702500000, 0x0000000702500000|
|  38|0x0000000702600000, 0x00000007026fd1e8, 0x0000000702700000| 98%| O|  |TS  0|AC  0|TAMS 0x0000000702600000, 0x0000000702600000|
|  39|0x0000000702700000, 0x0000000702800000, 0x0000000702800000|100%| O|  |TS  0|AC  0|TAMS 0x0000000702700000, 0x0000000702700000|
|  40|0x0000000702800000, 0x0000000702900000, 0x0000000702900000|100%| O|  |TS  0|AC  0|TAMS 0x0000000702800000, 0x0000000702800000|
|  41|0x0000000702900000, 0x00000007029ffff8, 0x0000000702a00000| 99%| O|  |TS  0|AC  0|TAMS 0x0000000702900000, 0x0000000702900000|
|  42|0x0000000702a00000, 0x0000000702afffe0, 0x0000000702b00000| 99%| O|  |TS  0|AC  0|TAMS 0x0000000702a00000, 0x0000000702a00000|
|  43|0x0000000702b00000, 0x0000000702bf0010, 0x0000000702c00000| 93%| O|  |TS  0|AC  0|TAMS 0x0000000702b00000, 0x0000000702b00000|
|  44|0x0000000702c00000, 0x0000000702cfffa8, 0x0000000702d00000| 99%| O|  |TS  0|AC  0|TAMS 0x0000000702c00000, 0x0000000702c00000|
|  45|0x0000000702d00000, 0x0000000702dfffe8, 0x0000000702e00000| 99%| O|  |TS  0|AC  0|TAMS 0x0000000702d00000, 0x0000000702d00000|
|  46|0x0000000702e00000, 0x0000000702effff8, 0x0000000702f00000| 99%| O|  |TS  0|AC  0|TAMS 0x0000000702e00000, 0x0000000702e00000|
|  47|0x0000000702f00000, 0x0000000702fffff8, 0x0000000703000000| 99%| O|  |TS  0|AC  0|TAMS 0x0000000702f00000, 0x0000000702f00000|
|  48|0x0000000703000000, 0x00000007030fff18, 0x0000000703100000| 99%| O|  |TS  0|AC  0|TAMS 0x0000000703000000, 0x0000000703000000|
|  49|0x0000000703100000, 0x0000000703200000, 0x0000000703200000|100%| O|  |TS  0|AC  0|TAMS 0x0000000703100000, 0x0000000703100000|
|  50|0x0000000703200000, 0x00000007032ffff0, 0x0000000703300000| 99%| O|  |TS  0|AC  0|TAMS 0x0000000703200000, 0x0000000703200000|
|  51|0x0000000703300000, 0x0000000703400000, 0x0000000703400000|100%| O|  |TS  0|AC  0|TAMS 0x0000000703300000, 0x0000000703300000|
|  52|0x0000000703400000, 0x00000007034fffe8, 0x0000000703500000| 99%| O|  |TS  0|AC  0|TAMS 0x0000000703400000, 0x0000000703400000|
|  53|0x0000000703500000, 0x00000007035ffff0, 0x0000000703600000| 99%| O|  |TS  0|AC  0|TAMS 0x0000000703500000, 0x0000000703500000|
|  54|0x0000000703600000, 0x00000007036dc268, 0x0000000703700000| 85%| O|  |TS  0|AC  0|TAMS 0x0000000703600000, 0x0000000703600000|
|  55|0x0000000703700000, 0x00000007037fbfb8, 0x0000000703800000| 98%| O|  |TS  0|AC  0|TAMS 0x0000000703700000, 0x0000000703700000|
|  56|0x0000000703800000, 0x00000007038d85b8, 0x0000000703900000| 84%| O|  |TS  0|AC  0|TAMS 0x0000000703800000, 0x0000000703800000|
|  57|0x0000000703900000, 0x0000000703900000, 0x0000000703a00000|  0%| F|  |TS  0|AC  0|TAMS 0x0000000703900000, 0x0000000703900000|
|  58|0x0000000703a00000, 0x0000000703a00000, 0x0000000703b00000|  0%| F|  |TS  0|AC  0|TAMS 0x0000000703a00000, 0x0000000703a00000|
|  59|0x0000000703b00000, 0x0000000703b00000, 0x0000000703c00000|  0%| F|  |TS  0|AC  0|TAMS 0x0000000703b00000, 0x0000000703b00000|
|  60|0x0000000703c00000, 0x0000000703c00000, 0x0000000703d00000|  0%| F|  |TS  0|AC  0|TAMS 0x0000000703c00000, 0x0000000703c00000|
|  61|0x0000000703d00000, 0x0000000703d00000, 0x0000000703e00000|  0%| F|  |TS  0|AC  0|TAMS 0x0000000703d00000, 0x0000000703d00000|
|  62|0x0000000703e00000, 0x0000000703e00000, 0x0000000703f00000|  0%| F|  |TS  0|AC  0|TAMS 0x0000000703e00000, 0x0000000703e00000|
|  63|0x0000000703f00000, 0x0000000703f00000, 0x0000000704000000|  0%| F|  |TS  0|AC  0|TAMS 0x0000000703f00000, 0x0000000703f00000|
|  64|0x0000000704000000, 0x0000000704000000, 0x0000000704100000|  0%| F|  |TS  0|AC  0|TAMS 0x0000000704000000, 0x0000000704000000|
|  65|0x0000000704100000, 0x0000000704100000, 0x0000000704200000|  0%| F|  |TS  0|AC  0|TAMS 0x0000000704100000, 0x0000000704100000|
|  66|0x0000000704200000, 0x0000000704200000, 0x0000000704300000|  0%| F|  |TS  0|AC  0|TAMS 0x0000000704200000, 0x0000000704200000|
|  67|0x0000000704300000, 0x0000000704300000, 0x0000000704400000|  0%| F|  |TS  0|AC  0|TAMS 0x0000000704300000, 0x0000000704300000|
|  68|0x0000000704400000, 0x0000000704400000, 0x0000000704500000|  0%| F|  |TS  0|AC  0|TAMS 0x0000000704400000, 0x0000000704400000|
|  69|0x0000000704500000, 0x0000000704500000, 0x0000000704600000|  0%| F|  |TS  0|AC  0|TAMS 0x0000000704500000, 0x0000000704500000|
|  70|0x0000000704600000, 0x0000000704700000, 0x0000000704700000|100%|HS|  |TS  0|AC  0|TAMS 0x0000000704600000, 0x0000000704600000|
|  71|0x0000000704700000, 0x0000000704700000, 0x0000000704800000|  0%| F|  |TS  0|AC  0|TAMS 0x0000000704700000, 0x0000000704700000|
|  72|0x0000000704800000, 0x0000000704800000, 0x0000000704900000|  0%| F|  |TS  0|AC  0|TAMS 0x0000000704800000, 0x0000000704800000|
|  73|0x0000000704900000, 0x0000000704a00000, 0x0000000704a00000|100%|HS|  |TS  0|AC  0|TAMS 0x0000000704900000, 0x0000000704900000|
|  74|0x0000000704a00000, 0x0000000704b00000, 0x0000000704b00000|100%|HS|  |TS  0|AC  0|TAMS 0x0000000704a00000, 0x0000000704a00000|
|  75|0x0000000704b00000, 0x0000000704c00000, 0x0000000704c00000|100%|HC|  |TS  0|AC  0|TAMS 0x0000000704b00000, 0x0000000704b00000|
|  76|0x0000000704c00000, 0x0000000704d00000, 0x0000000704d00000|100%|HC|  |TS  0|AC  0|TAMS 0x0000000704c00000, 0x0000000704c00000|
|  77|0x0000000704d00000, 0x0000000704e00000, 0x0000000704e00000|100%|HC|  |TS  0|AC  0|TAMS 0x0000000704d00000, 0x0000000704d00000|
|  78|0x0000000704e00000, 0x0000000704f00000, 0x0000000704f00000|100%|HC|  |TS  0|AC  0|TAMS 0x0000000704e00000, 0x0000000704e00000|
|  79|0x0000000704f00000, 0x0000000705000000, 0x0000000705000000|100%|HC|  |TS  0|AC  0|TAMS 0x0000000704f00000, 0x0000000704f00000|
|  80|0x0000000705000000, 0x0000000705100000, 0x0000000705100000|100%|HC|  |TS  0|AC  0|TAMS 0x0000000705000000, 0x0000000705000000|
|  81|0x0000000705100000, 0x0000000705200000, 0x0000000705200000|100%|HC|  |TS  0|AC  0|TAMS 0x0000000705100000, 0x0000000705100000|
|  82|0x0000000705200000, 0x0000000705200000, 0x0000000705300000|  0%| F|  |TS  0|AC  0|TAMS 0x0000000705200000, 0x0000000705200000|
|  83|0x0000000705300000, 0x0000000705300000, 0x0000000705400000|  0%| F|  |TS  0|AC  0|TAMS 0x0000000705300000, 0x0000000705300000|
|  84|0x0000000705400000, 0x0000000705400000, 0x0000000705500000|  0%| F|  |TS  0|AC  0|TAMS 0x0000000705400000, 0x0000000705400000|
|  85|0x0000000705500000, 0x0000000705500000, 0x0000000705600000|  0%| F|  |TS  0|AC  0|TAMS 0x0000000705500000, 0x0000000705500000|
|  86|0x0000000705600000, 0x0000000705600000, 0x0000000705700000|  0%| F|  |TS  0|AC  0|TAMS 0x0000000705600000, 0x0000000705600000|
|  87|0x0000000705700000, 0x0000000705700000, 0x0000000705800000|  0%| F|  |TS  0|AC  0|TAMS 0x0000000705700000, 0x0000000705700000|
|  88|0x0000000705800000, 0x0000000705800000, 0x0000000705900000|  0%| F|  |TS  0|AC  0|TAMS 0x0000000705800000, 0x0000000705800000|
|  89|0x0000000705900000, 0x0000000705900000, 0x0000000705a00000|  0%| F|  |TS  0|AC  0|TAMS 0x0000000705900000, 0x0000000705900000|
|  90|0x0000000705a00000, 0x0000000705a00000, 0x0000000705b00000|  0%| F|  |TS  0|AC  0|TAMS 0x0000000705a00000, 0x0000000705a00000|
|  91|0x0000000705b00000, 0x0000000705b00000, 0x0000000705c00000|  0%| F|  |TS  0|AC  0|TAMS 0x0000000705b00000, 0x0000000705b00000|
|  92|0x0000000705c00000, 0x0000000705c00000, 0x0000000705d00000|  0%| F|  |TS  0|AC  0|TAMS 0x0000000705c00000, 0x0000000705c00000|
|  93|0x0000000705d00000, 0x0000000705d00000, 0x0000000705e00000|  0%| F|  |TS  0|AC  0|TAMS 0x0000000705d00000, 0x0000000705d00000|
|  94|0x0000000705e00000, 0x0000000705e00000, 0x0000000705f00000|  0%| F|  |TS  0|AC  0|TAMS 0x0000000705e00000, 0x0000000705e00000|
|  95|0x0000000705f00000, 0x0000000705f00000, 0x0000000706000000|  0%| F|  |TS  0|AC  0|TAMS 0x0000000705f00000, 0x0000000705f00000|
|  96|0x0000000706000000, 0x0000000706000000, 0x0000000706100000|  0%| F|  |TS  0|AC  0|TAMS 0x0000000706000000, 0x0000000706000000|
|  97|0x0000000706100000, 0x0000000706100000, 0x0000000706200000|  0%| F|  |TS  0|AC  0|TAMS 0x0000000706100000, 0x0000000706100000|
|  98|0x0000000706200000, 0x0000000706200000, 0x0000000706300000|  0%| F|  |TS  0|AC  0|TAMS 0x0000000706200000, 0x0000000706200000|
|  99|0x0000000706300000, 0x0000000706300000, 0x0000000706400000|  0%| F|  |TS  0|AC  0|TAMS 0x0000000706300000, 0x0000000706300000|
| 100|0x0000000706400000, 0x0000000706400000, 0x0000000706500000|  0%| F|  |TS  0|AC  0|TAMS 0x0000000706400000, 0x0000000706400000|
| 101|0x0000000706500000, 0x0000000706500000, 0x0000000706600000|  0%| F|  |TS  0|AC  0|TAMS 0x0000000706500000, 0x0000000706500000|
| 102|0x0000000706600000, 0x0000000706600000, 0x0000000706700000|  0%| F|  |TS  0|AC  0|TAMS 0x0000000706600000, 0x0000000706600000|
| 103|0x0000000706700000, 0x0000000706700000, 0x0000000706800000|  0%| F|  |TS  0|AC  0|TAMS 0x0000000706700000, 0x0000000706700000|
| 104|0x0000000706800000, 0x000000070688ed80, 0x0000000706900000| 55%| S|CS|TS  1|AC  0|TAMS 0x0000000706800000, 0x0000000706800000|
| 105|0x0000000706900000, 0x0000000706900000, 0x0000000706a00000|  0%| F|  |TS  1|AC  0|TAMS 0x0000000706900000, 0x0000000706900000|
| 106|0x0000000706a00000, 0x0000000706a00000, 0x0000000706b00000|  0%| F|  |TS  1|AC  0|TAMS 0x0000000706a00000, 0x0000000706a00000|
| 107|0x0000000706b00000, 0x0000000706b00000, 0x0000000706c00000|  0%| F|  |TS  1|AC  0|TAMS 0x0000000706b00000, 0x0000000706b00000|
| 108|0x0000000706c00000, 0x0000000706c00000, 0x0000000706d00000|  0%| F|  |TS  1|AC  0|TAMS 0x0000000706c00000, 0x0000000706c00000|
| 109|0x0000000706d00000, 0x0000000706d00000, 0x0000000706e00000|  0%| F|  |TS  1|AC  0|TAMS 0x0000000706d00000, 0x0000000706d00000|
| 110|0x0000000706e00000, 0x0000000706e00000, 0x0000000706f00000|  0%| F|  |TS  1|AC  0|TAMS 0x0000000706e00000, 0x0000000706e00000|
| 111|0x0000000706f00000, 0x0000000706f00000, 0x0000000707000000|  0%| F|  |TS  1|AC  0|TAMS 0x0000000706f00000, 0x0000000706f00000|
| 112|0x0000000707000000, 0x0000000707000000, 0x0000000707100000|  0%| F|  |TS  1|AC  0|TAMS 0x0000000707000000, 0x0000000707000000|
| 113|0x0000000707100000, 0x0000000707100000, 0x0000000707200000|  0%| F|  |TS  1|AC  0|TAMS 0x0000000707100000, 0x0000000707100000|
| 114|0x0000000707200000, 0x0000000707200000, 0x0000000707300000|  0%| F|  |TS  1|AC  0|TAMS 0x0000000707200000, 0x0000000707200000|
| 115|0x0000000707300000, 0x0000000707300000, 0x0000000707400000|  0%| F|  |TS  1|AC  0|TAMS 0x0000000707300000, 0x0000000707300000|
| 116|0x0000000707400000, 0x0000000707400000, 0x0000000707500000|  0%| F|  |TS  1|AC  0|TAMS 0x0000000707400000, 0x0000000707400000|
| 117|0x0000000707500000, 0x0000000707500000, 0x0000000707600000|  0%| F|  |TS  1|AC  0|TAMS 0x0000000707500000, 0x0000000707500000|
| 118|0x0000000707600000, 0x0000000707600000, 0x0000000707700000|  0%| F|  |TS  1|AC  0|TAMS 0x0000000707600000, 0x0000000707600000|
| 119|0x0000000707700000, 0x0000000707700000, 0x0000000707800000|  0%| F|  |TS  1|AC  0|TAMS 0x0000000707700000, 0x0000000707700000|
| 120|0x0000000707800000, 0x0000000707800000, 0x0000000707900000|  0%| F|  |TS  1|AC  0|TAMS 0x0000000707800000, 0x0000000707800000|
| 121|0x0000000707900000, 0x0000000707900000, 0x0000000707a00000|  0%| F|  |TS  1|AC  0|TAMS 0x0000000707900000, 0x0000000707900000|
| 122|0x0000000707a00000, 0x0000000707a00000, 0x0000000707b00000|  0%| F|  |TS  1|AC  0|TAMS 0x0000000707a00000, 0x0000000707a00000|
| 123|0x0000000707b00000, 0x0000000707b00000, 0x0000000707c00000|  0%| F|  |TS  1|AC  0|TAMS 0x0000000707b00000, 0x0000000707b00000|
| 124|0x0000000707c00000, 0x0000000707c00000, 0x0000000707d00000|  0%| F|  |TS  1|AC  0|TAMS 0x0000000707c00000, 0x0000000707c00000|
| 125|0x0000000707d00000, 0x0000000707d00000, 0x0000000707e00000|  0%| F|  |TS  1|AC  0|TAMS 0x0000000707d00000, 0x0000000707d00000|
| 126|0x0000000707e00000, 0x0000000707e00000, 0x0000000707f00000|  0%| F|  |TS  1|AC  0|TAMS 0x0000000707e00000, 0x0000000707e00000|
| 127|0x0000000707f00000, 0x0000000707f00000, 0x0000000708000000|  0%| F|  |TS  1|AC  0|TAMS 0x0000000707f00000, 0x0000000707f00000|
| 128|0x0000000708000000, 0x0000000708000000, 0x0000000708100000|  0%| F|  |TS  1|AC  0|TAMS 0x0000000708000000, 0x0000000708000000|
| 129|0x0000000708100000, 0x0000000708100000, 0x0000000708200000|  0%| F|  |TS  1|AC  0|TAMS 0x0000000708100000, 0x0000000708100000|
| 130|0x0000000708200000, 0x0000000708285828, 0x0000000708300000| 52%| E|  |TS  1|AC  0|TAMS 0x0000000708200000, 0x0000000708200000|
| 131|0x0000000708300000, 0x0000000708400000, 0x0000000708400000|100%| E|CS|TS  1|AC  0|TAMS 0x0000000708300000, 0x0000000708300000|
| 132|0x0000000708400000, 0x0000000708500000, 0x0000000708500000|100%| E|CS|TS  1|AC  0|TAMS 0x0000000708400000, 0x0000000708400000|
| 133|0x0000000708500000, 0x0000000708600000, 0x0000000708600000|100%| E|CS|TS  1|AC  0|TAMS 0x0000000708500000, 0x0000000708500000|
| 134|0x0000000708600000, 0x0000000708700000, 0x0000000708700000|100%| E|CS|TS  1|AC  0|TAMS 0x0000000708600000, 0x0000000708600000|
| 135|0x0000000708700000, 0x0000000708800000, 0x0000000708800000|100%| E|CS|TS  1|AC  0|TAMS 0x0000000708700000, 0x0000000708700000|
| 136|0x0000000708800000, 0x0000000708900000, 0x0000000708900000|100%| E|CS|TS  1|AC  0|TAMS 0x0000000708800000, 0x0000000708800000|
| 137|0x0000000708900000, 0x0000000708a00000, 0x0000000708a00000|100%| E|CS|TS  1|AC  0|TAMS 0x0000000708900000, 0x0000000708900000|
| 138|0x0000000708a00000, 0x0000000708b00000, 0x0000000708b00000|100%| E|CS|TS  1|AC  0|TAMS 0x0000000708a00000, 0x0000000708a00000|
| 139|0x0000000708b00000, 0x0000000708c00000, 0x0000000708c00000|100%| E|CS|TS  1|AC  0|TAMS 0x0000000708b00000, 0x0000000708b00000|
| 140|0x0000000708c00000, 0x0000000708d00000, 0x0000000708d00000|100%| E|CS|TS  1|AC  0|TAMS 0x0000000708c00000, 0x0000000708c00000|
| 141|0x0000000708d00000, 0x0000000708e00000, 0x0000000708e00000|100%| E|CS|TS  1|AC  0|TAMS 0x0000000708d00000, 0x0000000708d00000|
| 142|0x0000000708e00000, 0x0000000708f00000, 0x0000000708f00000|100%| E|CS|TS  1|AC  0|TAMS 0x0000000708e00000, 0x0000000708e00000|
| 143|0x0000000708f00000, 0x0000000709000000, 0x0000000709000000|100%| E|CS|TS  1|AC  0|TAMS 0x0000000708f00000, 0x0000000708f00000|
| 144|0x0000000709000000, 0x0000000709100000, 0x0000000709100000|100%| E|CS|TS  1|AC  0|TAMS 0x0000000709000000, 0x0000000709000000|
| 145|0x0000000709100000, 0x0000000709200000, 0x0000000709200000|100%| E|CS|TS  1|AC  0|TAMS 0x0000000709100000, 0x0000000709100000|
| 146|0x0000000709200000, 0x0000000709300000, 0x0000000709300000|100%| E|CS|TS  1|AC  0|TAMS 0x0000000709200000, 0x0000000709200000|
| 147|0x0000000709300000, 0x0000000709400000, 0x0000000709400000|100%| E|CS|TS  1|AC  0|TAMS 0x0000000709300000, 0x0000000709300000|
| 148|0x0000000709400000, 0x0000000709500000, 0x0000000709500000|100%| E|CS|TS  1|AC  0|TAMS 0x0000000709400000, 0x0000000709400000|
| 149|0x0000000709500000, 0x0000000709600000, 0x0000000709600000|100%| E|CS|TS  1|AC  0|TAMS 0x0000000709500000, 0x0000000709500000|
| 150|0x0000000709600000, 0x0000000709700000, 0x0000000709700000|100%| E|CS|TS  1|AC  0|TAMS 0x0000000709600000, 0x0000000709600000|
| 151|0x0000000709700000, 0x0000000709800000, 0x0000000709800000|100%| E|CS|TS  1|AC  0|TAMS 0x0000000709700000, 0x0000000709700000|
| 152|0x0000000709800000, 0x0000000709900000, 0x0000000709900000|100%| E|CS|TS  1|AC  0|TAMS 0x0000000709800000, 0x0000000709800000|
| 153|0x0000000709900000, 0x0000000709a00000, 0x0000000709a00000|100%| E|CS|TS  1|AC  0|TAMS 0x0000000709900000, 0x0000000709900000|
| 154|0x0000000709a00000, 0x0000000709b00000, 0x0000000709b00000|100%| E|CS|TS  1|AC  0|TAMS 0x0000000709a00000, 0x0000000709a00000|
| 155|0x0000000709b00000, 0x0000000709c00000, 0x0000000709c00000|100%| E|CS|TS  1|AC  0|TAMS 0x0000000709b00000, 0x0000000709b00000|
| 156|0x0000000709c00000, 0x0000000709d00000, 0x0000000709d00000|100%| E|CS|TS  1|AC  0|TAMS 0x0000000709c00000, 0x0000000709c00000|
| 157|0x0000000709d00000, 0x0000000709e00000, 0x0000000709e00000|100%| E|CS|TS  1|AC  0|TAMS 0x0000000709d00000, 0x0000000709d00000|
| 158|0x0000000709e00000, 0x0000000709f00000, 0x0000000709f00000|100%| E|CS|TS  1|AC  0|TAMS 0x0000000709e00000, 0x0000000709e00000|
| 159|0x0000000709f00000, 0x000000070a000000, 0x000000070a000000|100%| E|CS|TS  1|AC  0|TAMS 0x0000000709f00000, 0x0000000709f00000|
| 160|0x000000070a000000, 0x000000070a100000, 0x000000070a100000|100%| E|CS|TS  1|AC  0|TAMS 0x000000070a000000, 0x000000070a000000|
| 161|0x000000070a100000, 0x000000070a200000, 0x000000070a200000|100%| E|CS|TS  1|AC  0|TAMS 0x000000070a100000, 0x000000070a100000|
| 162|0x000000070a200000, 0x000000070a300000, 0x000000070a300000|100%| E|CS|TS  1|AC  0|TAMS 0x000000070a200000, 0x000000070a200000|
| 163|0x000000070a300000, 0x000000070a400000, 0x000000070a400000|100%| E|CS|TS  1|AC  0|TAMS 0x000000070a300000, 0x000000070a300000|
| 164|0x000000070a400000, 0x000000070a500000, 0x000000070a500000|100%| E|CS|TS  1|AC  0|TAMS 0x000000070a400000, 0x000000070a400000|

Card table byte_map: [0x000002570d020000,0x000002570d620000] byte_map_base: 0x0000025709820000

Marking Bits (Prev, Next): (CMBitMap*) 0x00000257086328d0, (CMBitMap*) 0x0000025708632908
 Prev Bits: [0x00000257247a0000, 0x00000257277a0000)
 Next Bits: [0x00000257277a0000, 0x000002572a7a0000)

Polling page: 0x00000257024c0000

CodeHeap 'non-profiled nmethods': size=120064Kb used=14897Kb max_used=14897Kb free=105167Kb
 bounds [0x000002571cc60000, 0x000002571db00000, 0x00000257241a0000]
CodeHeap 'profiled nmethods': size=120000Kb used=35194Kb max_used=40444Kb free=84805Kb
 bounds [0x0000025715730000, 0x0000025717ee0000, 0x000002571cc60000]
CodeHeap 'non-nmethods': size=5696Kb used=1801Kb max_used=1847Kb free=3895Kb
 bounds [0x00000257151a0000, 0x0000025715410000, 0x0000025715730000]
 total_blobs=24849 nmethods=13934 adapters=1143
 compilation: enabled

Compilation events (10 events):
Event: 7660.431 Thread 0x000002570879c000 17564       3       ui.f.e::getEnumName (10 bytes)
Event: 7660.434 Thread 0x000002570879c000 nmethod 17564 0x0000025716622f10 code [0x00000257166232c0, 0x0000025716625220]
Event: 7660.441 Thread 0x000002570879c000 17565       1       ui.utils.o.b.h::mE (6 bytes)
Event: 7660.441 Thread 0x000002570879c000 nmethod 17565 0x000002571d68fe90 code [0x000002571d690040, 0x000002571d690158]
Event: 7660.447 Thread 0x000002570879c000 17566   !   3       com.jidesoft.swing.JideBorderLayout::layoutContainer (434 bytes)
Event: 7660.450 Thread 0x000002570879c000 nmethod 17566 0x0000025716644010 code [0x0000025716644380, 0x0000025716645cc0]
Event: 7660.457 Thread 0x000002570879c000 17567       3       ui.project.p::erT (48 bytes)
Event: 7660.458 Thread 0x000002570879c000 nmethod 17567 0x00000257162fd610 code [0x00000257162fd840, 0x00000257162fdd80]
Event: 7660.458 Thread 0x000002570879c000 17568       3       ui.project.p::isRunning (8 bytes)
Event: 7660.458 Thread 0x000002570879c000 nmethod 17568 0x0000025715f5ac10 code [0x0000025715f5adc0, 0x0000025715f5af50]

GC Heap History (10 events):
Event: 478.725 GC heap before
{Heap before GC invocations=65 (full 5):
 garbage-first heap   total 168960K, used 136647K [0x0000000700000000, 0x0000000700100528, 0x00000007c0000000)
  region size 1024K, 60 young (61440K), 4 survivors (4096K)
 Metaspace       used 79435K, capacity 85019K, committed 85108K, reserved 1122304K
  class space    used 11091K, capacity 12060K, committed 12148K, reserved 1048576K
}
Event: 478.733 GC heap after
{Heap after GC invocations=66 (full 5):
 garbage-first heap   total 168960K, used 77793K [0x0000000700000000, 0x0000000700100528, 0x00000007c0000000)
  region size 1024K, 3 young (3072K), 3 survivors (3072K)
 Metaspace       used 79435K, capacity 85019K, committed 85108K, reserved 1122304K
  class space    used 11091K, capacity 12060K, committed 12148K, reserved 1048576K
}
Event: 484.445 GC heap before
{Heap before GC invocations=67 (full 5):
 garbage-first heap   total 168960K, used 136161K [0x0000000700000000, 0x0000000700100528, 0x00000007c0000000)
  region size 1024K, 60 young (61440K), 3 survivors (3072K)
 Metaspace       used 79523K, capacity 85083K, committed 85364K, reserved 1122304K
  class space    used 11092K, capacity 12060K, committed 12148K, reserved 1048576K
}
Event: 484.459 GC heap after
{Heap after GC invocations=68 (full 5):
 garbage-first heap   total 168960K, used 77493K [0x0000000700000000, 0x0000000700100528, 0x00000007c0000000)
  region size 1024K, 3 young (3072K), 3 survivors (3072K)
 Metaspace       used 79523K, capacity 85083K, committed 85364K, reserved 1122304K
  class space    used 11092K, capacity 12060K, committed 12148K, reserved 1048576K
}
Event: 534.427 GC heap before
{Heap before GC invocations=68 (full 5):
 garbage-first heap   total 168960K, used 135861K [0x0000000700000000, 0x0000000700100528, 0x00000007c0000000)
  region size 1024K, 60 young (61440K), 3 survivors (3072K)
 Metaspace       used 79591K, capacity 85147K, committed 85364K, reserved 1122304K
  class space    used 11094K, capacity 12060K, committed 12148K, reserved 1048576K
}
Event: 534.447 GC heap after
{Heap after GC invocations=69 (full 5):
 garbage-first heap   total 168960K, used 77174K [0x0000000700000000, 0x0000000700100528, 0x00000007c0000000)
  region size 1024K, 2 young (2048K), 2 survivors (2048K)
 Metaspace       used 79591K, capacity 85147K, committed 85364K, reserved 1122304K
  class space    used 11094K, capacity 12060K, committed 12148K, reserved 1048576K
}
Event: 7510.873 GC heap before
{Heap before GC invocations=70 (full 5):
 garbage-first heap   total 168960K, used 118134K [0x0000000700000000, 0x0000000700100528, 0x00000007c0000000)
  region size 1024K, 43 young (44032K), 2 survivors (2048K)
 Metaspace       used 79624K, capacity 85153K, committed 85364K, reserved 1122304K
  class space    used 11096K, capacity 12061K, committed 12148K, reserved 1048576K
}
Event: 7512.424 GC heap after
{Heap after GC invocations=71 (full 6):
 garbage-first heap   total 168960K, used 67822K [0x0000000700000000, 0x0000000700100528, 0x00000007c0000000)
  region size 1024K, 0 young (0K), 0 survivors (0K)
 Metaspace       used 79624K, capacity 85153K, committed 85364K, reserved 1122304K
  class space    used 11096K, capacity 12061K, committed 12148K, reserved 1048576K
}
Event: 7655.849 GC heap before
{Heap before GC invocations=71 (full 6):
 garbage-first heap   total 168960K, used 129262K [0x0000000700000000, 0x0000000700100528, 0x00000007c0000000)
  region size 1024K, 60 young (61440K), 0 survivors (0K)
 Metaspace       used 79774K, capacity 85437K, committed 85620K, reserved 1122304K
  class space    used 11130K, capacity 12125K, committed 12148K, reserved 1048576K
}
Event: 7655.941 GC heap after
{Heap after GC invocations=72 (full 6):
 garbage-first heap   total 168960K, used 68394K [0x0000000700000000, 0x0000000700100528, 0x00000007c0000000)
  region size 1024K, 1 young (1024K), 1 survivors (1024K)
 Metaspace       used 79774K, capacity 85437K, committed 85620K, reserved 1122304K
  class space    used 11130K, capacity 12125K, committed 12148K, reserved 1048576K
}

Deoptimization events (10 events):
Event: 484.884 Thread 0x0000025709456800 Uncommon trap: reason=class_check action=maybe_recompile pc=0x000002571cdb3384 method=java.util.HashSet.contains(Ljava/lang/Object;)Z @ 5 c2
Event: 484.884 Thread 0x0000025709456800 Uncommon trap: reason=class_check action=maybe_recompile pc=0x000002571cdb3384 method=java.util.HashSet.contains(Ljava/lang/Object;)Z @ 5 c2
Event: 484.884 Thread 0x0000025709456800 Uncommon trap: reason=class_check action=maybe_recompile pc=0x000002571cdb3384 method=java.util.HashSet.contains(Ljava/lang/Object;)Z @ 5 c2
Event: 484.884 Thread 0x0000025709456800 Uncommon trap: reason=class_check action=maybe_recompile pc=0x000002571cdb3384 method=java.util.HashSet.contains(Ljava/lang/Object;)Z @ 5 c2
Event: 682.365 Thread 0x000002570934d800 Uncommon trap: reason=null_check action=make_not_entrant pc=0x000002571d60741c method=java.lang.reflect.Array.newInstance(Ljava/lang/Class;I)Ljava/lang/Object; @ 2 c2
Event: 7510.769 Thread 0x0000025709456800 Uncommon trap: reason=unstable_if action=reinterpret pc=0x000002571d7979a0 method=ui.frmwork.b.d.a(Ljava/awt/AWTEvent;)V @ 153 c2
Event: 7512.424 Thread 0x0000025735eb9000 Uncommon trap: reason=null_check action=make_not_entrant pc=0x000002571d654af4 method=ui.utils.lnf.b.run()V @ 130 c2
Event: 7603.555 Thread 0x0000025709456800 Uncommon trap: reason=unstable_if action=reinterpret pc=0x000002571d1586bc method=java.util.concurrent.locks.ReentrantLock$Sync.nonfairTryAcquire(I)Z @ 19 c2
Event: 7653.777 Thread 0x0000025709456800 Uncommon trap: reason=unstable_if action=reinterpret pc=0x000002571d7e4314 method=javax.swing.JComponent.computeVisibleRect(Ljava/awt/Component;Ljava/awt/Rectangle;)V @ 11 c2
Event: 7659.876 Thread 0x0000025709456800 Uncommon trap: reason=unstable_if action=reinterpret pc=0x000002571d37f5ec method=javax.swing.text.WhitespaceBasedBreakIterator.setText(Ljava/text/CharacterIterator;)V @ 86 c2

Classes redefined (0 events):
No events

Internal exceptions (10 events):
Event: 473.759 Thread 0x0000025709456800 Implicit null exception at 0x000002571d354b3c to 0x000002571d3551d9
Event: 682.365 Thread 0x000002570934d800 Implicit null exception at 0x000002571d606a03 to 0x000002571d607405
Event: 7512.424 Thread 0x0000025735eb9000 Implicit null exception at 0x000002571d652c94 to 0x000002571d654add
Event: 7512.447 Thread 0x0000025709456800 Exception <a 'java/lang/NoSuchMethodError'{0x000000070a473e88}: java.lang.invoke.DirectMethodHandle$Holder.invokeSpecial(Ljava/lang/Object;Ljava/lang/Object;IILjava/lang/Object;JI)Ljava/lang/Object;> (0x000000070a473e88) thrown at [t:/workspace/hotspot/sr
Event: 7512.447 Thread 0x0000025709456800 Exception <a 'java/lang/NoSuchMethodError'{0x000000070a477230}: java.lang.invoke.DelegatingMethodHandle$Holder.reinvoke_L(Ljava/lang/Object;IILjava/lang/Object;JI)Ljava/lang/Object;> (0x000000070a477230) thrown at [t:/workspace/hotspot/src/share/vm/interp
Event: 7512.449 Thread 0x0000025709456800 Exception <a 'java/lang/NoSuchMethodError'{0x000000070a4f1478}: method resolution failed> (0x000000070a4f1478) thrown at [t:/workspace/hotspot/src/share/vm/prims/methodHandles.cpp, line 1256]
Event: 7512.486 Thread 0x0000025708e37000 Exception <a 'java/lang/NoSuchMethodError'{0x000000070a39b3f8}: java.lang.invoke.DirectMethodHandle$Holder.invokeSpecial(Ljava/lang/Object;Ljava/lang/Object;IILjava/lang/Object;JJ)Ljava/lang/Object;> (0x000000070a39b3f8) thrown at [t:/workspace/hotspot/sr
Event: 7512.486 Thread 0x0000025708e37000 Exception <a 'java/lang/NoSuchMethodError'{0x000000070a39f420}: java.lang.invoke.DelegatingMethodHandle$Holder.reinvoke_L(Ljava/lang/Object;IILjava/lang/Object;JJ)Ljava/lang/Object;> (0x000000070a39f420) thrown at [t:/workspace/hotspot/src/share/vm/interp
Event: 7512.487 Thread 0x0000025708e37000 Exception <a 'java/lang/NoSuchMethodError'{0x000000070a3c0c58}: method resolution failed> (0x000000070a3c0c58) thrown at [t:/workspace/hotspot/src/share/vm/prims/methodHandles.cpp, line 1256]
Event: 7653.777 Thread 0x0000025709456800 Implicit null exception at 0x000002571d7e4074 to 0x000002571d7e42ed

Events (10 events):
Event: 7655.777 Thread 0x0000025735ec0800 Thread exited: 0x0000025735ec0800
Event: 7655.786 Executing VM operation: G1IncCollectionPause
Event: 7655.941 Executing VM operation: G1IncCollectionPause done
Event: 7657.767 Thread 0x0000025735ec0800 Thread added: 0x0000025735ec0800
Event: 7657.776 Thread 0x0000025735ec0800 Thread exited: 0x0000025735ec0800
Event: 7659.863 Thread 0x0000025735ebd800 Thread added: 0x0000025735ebd800
Event: 7659.874 Thread 0x0000025735ebd800 Thread exited: 0x0000025735ebd800
Event: 7659.876 Thread 0x0000025709456800 Uncommon trap: trap_request=0xffffff5d fr.pc=0x000002571d37f5ec relative=0x0000000000001fac
Event: 7659.876 Thread 0x0000025709456800 DEOPT PACKING pc=0x000002571d37f5ec sp=0x000000773b4f8dd0
Event: 7659.876 Thread 0x0000025709456800 DEOPT UNPACKING pc=0x00000257151eda29 sp=0x000000773b4f8be8 mode 2


Dynamic libraries:
0x00007ff6fc940000 - 0x00007ff6fc970000 	D:\XILINX2019\Vivado\2019.1\bin\unwrapped\win64.o\vivado.exe
0x00007ffeabdf0000 - 0x00007ffeac004000 	C:\WINDOWS\SYSTEM32\ntdll.dll
0x00007ffeaa820000 - 0x00007ffeaa8e3000 	C:\WINDOWS\System32\KERNEL32.DLL
0x00007ffea9600000 - 0x00007ffea999c000 	C:\WINDOWS\System32\KERNELBASE.dll
0x00007ffea9a60000 - 0x00007ffea9b71000 	C:\WINDOWS\System32\ucrtbase.dll
0x00007ffe696c0000 - 0x00007ffe6974d000 	C:\WINDOWS\SYSTEM32\MSVCP140.dll
0x00007ffea0dd0000 - 0x00007ffea0deb000 	C:\WINDOWS\SYSTEM32\VCRUNTIME140.dll
0x00007ffea0d90000 - 0x00007ffea0d9c000 	C:\WINDOWS\SYSTEM32\VCRUNTIME140_1.dll
0x00007ffe93100000 - 0x00007ffe93114000 	D:\XILINX2019\Vivado\2019.1\lib\win64.o\librdi_commonmain.dll
0x00007ffe930c0000 - 0x00007ffe930d4000 	D:\XILINX2019\Vivado\2019.1\lib\win64.o\libboost_signals.dll
0x00007ffe91860000 - 0x00007ffe91886000 	D:\XILINX2019\Vivado\2019.1\lib\win64.o\libboost_filesystem.dll
0x00007ffea9db0000 - 0x00007ffea9e5e000 	C:\WINDOWS\System32\ADVAPI32.dll
0x00007ffeab700000 - 0x00007ffeab7a7000 	C:\WINDOWS\System32\msvcrt.dll
0x00007ffeab9f0000 - 0x00007ffeaba94000 	C:\WINDOWS\System32\sechost.dll
0x00007ffeabac0000 - 0x00007ffeabbd5000 	C:\WINDOWS\System32\RPCRT4.dll
0x00007ffea4c00000 - 0x00007ffea4c0a000 	D:\XILINX2019\Vivado\2019.1\lib\win64.o\librdi_commonversion.dll
0x00007ffe6f770000 - 0x00007ffe6f891000 	D:\XILINX2019\Vivado\2019.1\lib\win64.o\librdi_commonxillic.dll
0x00007ffea9c00000 - 0x00007ffea9dad000 	C:\WINDOWS\System32\USER32.dll
0x00007ffea95d0000 - 0x00007ffea95f6000 	C:\WINDOWS\System32\win32u.dll
0x00007ffeabbe0000 - 0x00007ffeabc09000 	C:\WINDOWS\System32\GDI32.dll
0x00007ffea9230000 - 0x00007ffea9342000 	C:\WINDOWS\System32\gdi32full.dll
0x00007ffea9530000 - 0x00007ffea95ca000 	C:\WINDOWS\System32\msvcp_win.dll
0x00007ffea48f0000 - 0x00007ffea48fb000 	D:\XILINX2019\Vivado\2019.1\lib\win64.o\libboost_system.dll
0x0000000077a60000 - 0x0000000077b8b000 	D:\XILINX2019\Vivado\2019.1\lib\win64.o\tcl85t.dll
0x00007ffeab7b0000 - 0x00007ffeab821000 	C:\WINDOWS\System32\WS2_32.dll
0x00007ffe6ab40000 - 0x00007ffe6ae18000 	D:\XILINX2019\Vivado\2019.1\lib\win64.o\libXil_lmgr11.dll
0x00007ffeab460000 - 0x00007ffeab557000 	C:\WINDOWS\System32\COMDLG32.dll
0x00007ffea9ec0000 - 0x00007ffeaa24a000 	C:\WINDOWS\System32\combase.dll
0x00007ffeab600000 - 0x00007ffeab6f1000 	C:\WINDOWS\System32\shcore.dll
0x00007ffeab1f0000 - 0x00007ffeab24e000 	C:\WINDOWS\System32\SHLWAPI.dll
0x00007ffeaa9b0000 - 0x00007ffeab19f000 	C:\WINDOWS\System32\SHELL32.dll
0x00007ffeab250000 - 0x00007ffeab327000 	C:\WINDOWS\System32\OLEAUT32.dll
0x00007ffeabc10000 - 0x00007ffeabdac000 	C:\WINDOWS\System32\ole32.dll
0x00007ffea94c0000 - 0x00007ffea952b000 	C:\WINDOWS\System32\WINTRUST.dll
0x00007ffea9350000 - 0x00007ffea94b6000 	C:\WINDOWS\System32\CRYPT32.dll
0x00007ffe6d830000 - 0x00007ffe6d944000 	D:\XILINX2019\Vivado\2019.1\lib\win64.o\libboost_regex.dll
0x00007ffe8c990000 - 0x00007ffe8c9a9000 	C:\WINDOWS\SYSTEM32\NETAPI32.dll
0x00007ffe7fc40000 - 0x00007ffe7fcf3000 	C:\WINDOWS\WinSxS\amd64_microsoft.windows.common-controls_6595b64144ccf1df_5.82.22621.608_none_fb280a3c7926c2cc\COMCTL32.dll
0x00007ffea4870000 - 0x00007ffea4879000 	C:\WINDOWS\SYSTEM32\WSOCK32.dll
0x00007ffea0f80000 - 0x00007ffea0f9f000 	C:\WINDOWS\SYSTEM32\dhcpcsvc.DLL
0x00007ffe682e0000 - 0x00007ffe691c2000 	D:\XILINX2019\Vivado\2019.1\lib\win64.o\librdi_common.dll
0x00007ffe91830000 - 0x00007ffe91851000 	D:\XILINX2019\Vivado\2019.1\lib\win64.o\libboost_thread.dll
0x00007ffe8c1b0000 - 0x00007ffe8c22f000 	D:\XILINX2019\Vivado\2019.1\lib\win64.o\libboost_program_options.dll
0x00007ffea4850000 - 0x00007ffea485f000 	D:\XILINX2019\Vivado\2019.1\lib\win64.o\libboost_xilinx.dll
0x00007ffe930a0000 - 0x00007ffe930b4000 	D:\XILINX2019\Vivado\2019.1\lib\win64.o\libboost_date_time.dll
0x00007ffe67f70000 - 0x00007ffe682de000 	D:\XILINX2019\Vivado\2019.1\lib\win64.o\libCOIN-all.dll
0x00007ffe7ad20000 - 0x00007ffe7adc5000 	D:\XILINX2019\Vivado\2019.1\lib\win64.o\libhdxml.dll
0x00007ffe842f0000 - 0x00007ffe84372000 	D:\XILINX2019\Vivado\2019.1\lib\win64.o\libhdlpsolve.dll
0x00007ffe909b0000 - 0x00007ffe909de000 	D:\XILINX2019\Vivado\2019.1\lib\win64.o\libisl_sysinfo.dll
0x00007ffe92de0000 - 0x00007ffe92dfa000 	D:\XILINX2019\Vivado\2019.1\lib\win64.o\pthreadVC2.dll
0x00007ffe844a0000 - 0x00007ffe84505000 	D:\XILINX2019\Vivado\2019.1\lib\win64.o\liblmx6.0.dll
0x00007ffe8c330000 - 0x00007ffe8c351000 	D:\XILINX2019\Vivado\2019.1\lib\win64.o\librdizlib.dll
0x00007ffe8b5e0000 - 0x00007ffe8bad4000 	C:\WINDOWS\SYSTEM32\WININET.dll
0x00007ffea15e0000 - 0x00007ffea170f000 	C:\WINDOWS\SYSTEM32\WINHTTP.dll
0x00007ffe962d0000 - 0x00007ffe964c0000 	C:\WINDOWS\SYSTEM32\urlmon.dll
0x00007ffe920b0000 - 0x00007ffe920cc000 	D:\XILINX2019\Vivado\2019.1\lib\win64.o\librdiconfig.dll
0x00007ffe87380000 - 0x00007ffe873b1000 	C:\WINDOWS\SYSTEM32\VCOMP140.DLL
0x00007ffea47f0000 - 0x00007ffea47fd000 	D:\XILINX2019\Vivado\2019.1\lib\win64.o\libboost_chrono.dll
0x00007ffe95f70000 - 0x00007ffe96221000 	C:\WINDOWS\SYSTEM32\iertutil.dll
0x00007ffe96230000 - 0x00007ffe96258000 	C:\WINDOWS\SYSTEM32\srvcli.dll
0x00007ffea7d60000 - 0x00007ffea7d6c000 	C:\WINDOWS\SYSTEM32\netutils.dll
0x00007ffe670d0000 - 0x00007ffe67f61000 	D:\XILINX2019\Vivado\2019.1\lib\win64.o\gurobi65.dll
0x0000000012000000 - 0x0000000012270000 	D:\XILINX2019\Vivado\2019.1\lib\win64.o\xerces-c_3_1.dll
0x00007ffe66520000 - 0x00007ffe670cf400 	D:\XILINX2019\Vivado\2019.1\lib\win64.o\libisl_iostreams.dll
0x00007ffe91810000 - 0x00007ffe9182b000 	D:\XILINX2019\Vivado\2019.1\lib\win64.o\libboost_iostreams.dll
0x00007ffe84540000 - 0x00007ffe84565000 	D:\XILINX2019\Vivado\2019.1\lib\win64.o\libisl_iosutils.dll
0x00007ffeaa970000 - 0x00007ffeaa9a2000 	C:\WINDOWS\System32\IMM32.DLL
0x00007ffea89a0000 - 0x00007ffea89b2000 	C:\WINDOWS\SYSTEM32\MSASN1.dll
0x00007ffea8280000 - 0x00007ffea8298000 	C:\WINDOWS\SYSTEM32\kernel.appcore.dll
0x00007ffe66000000 - 0x00007ffe66517000 	D:\XILINX2019\Vivado\2019.1\lib\win64.o\librdi_commontasks.dll
0x00007ffea01d0000 - 0x00007ffea01da000 	C:\WINDOWS\SYSTEM32\VERSION.dll
0x00007ffe65d70000 - 0x00007ffe65ff6000 	D:\XILINX2019\Vivado\2019.1\lib\win64.o\librdi_sio.dll
0x00007ffea7db0000 - 0x00007ffea7ddd000 	C:\WINDOWS\SYSTEM32\IPHLPAPI.DLL
0x0000000075e70000 - 0x0000000076895000 	D:\XILINX2019\Vivado\2019.1\tps\win64\jre9.0.4\bin\server\jvm.dll
0x00007ffeaa260000 - 0x00007ffeaa268000 	C:\WINDOWS\System32\PSAPI.DLL
0x00007ffea0d50000 - 0x00007ffea0d84000 	C:\WINDOWS\SYSTEM32\WINMM.dll
0x00007ffe6f680000 - 0x00007ffe6f76f000 	C:\WINDOWS\SYSTEM32\MSVCR120.dll
0x00007ffea86f0000 - 0x00007ffea8759000 	C:\WINDOWS\SYSTEM32\MSWSOCK.DLL
0x00007ffea7250000 - 0x00007ffea7b18000 	C:\WINDOWS\SYSTEM32\windows.storage.dll
0x00007ffea7110000 - 0x00007ffea724e000 	C:\WINDOWS\SYSTEM32\wintypes.dll
0x00007ffe4bcb0000 - 0x00007ffe4e16c000 	D:\XILINX2019\Vivado\2019.1\lib\win64.o\librdi_tcltasks.dll
0x00007ffe7f620000 - 0x00007ffe7f698000 	D:\XILINX2019\Vivado\2019.1\lib\win64.o\librdi_boarddep.dll
0x00007ffe6d580000 - 0x00007ffe6d66b000 	D:\XILINX2019\Vivado\2019.1\lib\win64.o\librdi_chipscope.dll
0x00007ffe65960000 - 0x00007ffe65d68000 	D:\XILINX2019\Vivado\2019.1\lib\win64.o\librdi_bitstream.dll
0x00007ffe6a710000 - 0x00007ffe6a8a1000 	D:\XILINX2019\Vivado\2019.1\lib\win64.o\librdi_board.dll
0x00007ffe657a0000 - 0x00007ffe6595d000 	D:\XILINX2019\Vivado\2019.1\lib\win64.o\librdi_chipscopeimpl.dll
0x00007ffe6b360000 - 0x00007ffe6b4b6000 	D:\XILINX2019\Vivado\2019.1\lib\win64.o\librdi_containers.dll
0x00007ffe49aa0000 - 0x00007ffe4b48a000 	D:\XILINX2019\Vivado\2019.1\lib\win64.o\librdi_constraints.dll
0x00007ffe322d0000 - 0x00007ffe36313000 	D:\XILINX2019\Vivado\2019.1\lib\win64.o\librdi_designutils.dll
0x00007ffe65480000 - 0x00007ffe6579e000 	D:\XILINX2019\Vivado\2019.1\lib\win64.o\librdi_dlyest.dll
0x00007ffe1b7c0000 - 0x00007ffe1d671000 	D:\XILINX2019\Vivado\2019.1\lib\win64.o\librdi_coregen.dll
0x00007ffe6a520000 - 0x00007ffe6a5e4000 	D:\XILINX2019\Vivado\2019.1\lib\win64.o\librdi_dsp.dll
0x00007ffe64da0000 - 0x00007ffe6547a000 	D:\XILINX2019\Vivado\2019.1\lib\win64.o\librdi_coregenipxact.dll
0x00007ffe64640000 - 0x00007ffe64bda000 	D:\XILINX2019\Vivado\2019.1\lib\win64.o\librdi_drc.dll
0x00007ffe7f030000 - 0x00007ffe7f095000 	D:\XILINX2019\Vivado\2019.1\lib\win64.o\librdi_hdf.dll
0x00007ffe63ff0000 - 0x00007ffe6463d000 	D:\XILINX2019\Vivado\2019.1\lib\win64.o\librdi_filemgmt.dll
0x00007ffe5fcc0000 - 0x00007ffe5ffa3000 	D:\XILINX2019\Vivado\2019.1\lib\win64.o\librdi_guitools.dll
0x00007ffe7a290000 - 0x00007ffe7a303000 	D:\XILINX2019\Vivado\2019.1\lib\win64.o\librdi_memoryarray.dll
0x00007ffe484e0000 - 0x00007ffe49aa0000 	D:\XILINX2019\Vivado\2019.1\lib\win64.o\librdi_implflow.dll
0x00007ffe09390000 - 0x00007ffe1b7bc000 	D:\XILINX2019\Vivado\2019.1\lib\win64.o\librdi_device.dll
0x00007ffe4b690000 - 0x00007ffe4bca5000 	D:\XILINX2019\Vivado\2019.1\lib\win64.o\librdi_memdata.dll
0x00007ffe7c8a0000 - 0x00007ffe7c8eb000 	D:\XILINX2019\Vivado\2019.1\lib\win64.o\librdi_pfi.dll
0x00007ffe47b20000 - 0x00007ffe481c2000 	D:\XILINX2019\Vivado\2019.1\lib\win64.o\librdi_netlist.dll
0x00007ffe066a0000 - 0x00007ffe09386000 	D:\XILINX2019\Vivado\2019.1\lib\win64.o\librdi_mig.dll
0x00007ffe47810000 - 0x00007ffe47b1f000 	D:\XILINX2019\Vivado\2019.1\lib\win64.o\librdi_platform.dll
0x00007ffe47090000 - 0x00007ffe4760f000 	D:\XILINX2019\Vivado\2019.1\lib\win64.o\librdi_project.dll
0x00007ffe46940000 - 0x00007ffe4708a000 	D:\XILINX2019\Vivado\2019.1\lib\win64.o\librdi_power.dll
0x00007ffe1f7d0000 - 0x00007ffe1fed9000 	D:\XILINX2019\Vivado\2019.1\lib\win64.o\librdi_psta.dll
0x00007ffe04020000 - 0x00007ffe06696000 	D:\XILINX2019\Vivado\2019.1\lib\win64.o\librdi_place.dll
0x00007ffe69bd0000 - 0x00007ffe69cca000 	D:\XILINX2019\Vivado\2019.1\lib\win64.o\librdi_runsbase.dll
0x00007ffe03910000 - 0x00007ffe04016000 	D:\XILINX2019\Vivado\2019.1\lib\win64.o\librdi_rsb.dll
0x00007ffe63d90000 - 0x00007ffe63fe6000 	D:\XILINX2019\Vivado\2019.1\lib\win64.o\librdi_simdata.dll
0x00007ffe31ed0000 - 0x00007ffe322c1000 	D:\XILINX2019\Vivado\2019.1\lib\win64.o\librdi_runs.dll
0x00007ffe7a860000 - 0x00007ffe7a8ac000 	D:\XILINX2019\Vivado\2019.1\lib\win64.o\libboost_serialization.dll
0x00007ffe5fa20000 - 0x00007ffe5fb92000 	D:\XILINX2019\Vivado\2019.1\lib\win64.o\librdi_advchipscopeimpl.dll
0x00007ffe69780000 - 0x00007ffe69842000 	D:\XILINX2019\Vivado\2019.1\lib\win64.o\librdi_ipconfig_readwrite.dll
0x00007ffe4b4f0000 - 0x00007ffe4b68f000 	D:\XILINX2019\Vivado\2019.1\lib\win64.o\librdi_hip_devdesign.dll
0x00007ffe02af0000 - 0x00007ffe03901000 	D:\XILINX2019\Vivado\2019.1\lib\win64.o\librdi_timing.dll
0x00007ffe79f90000 - 0x00007ffe79fd3000 	D:\XILINX2019\Vivado\2019.1\lib\win64.o\librdi_noc_frameworks.dll
0x00007ffe316f0000 - 0x00007ffe31ad5000 	D:\XILINX2019\Vivado\2019.1\lib\win64.o\librdi_hip_config.dll
0x00007ffe025a0000 - 0x00007ffe02aee000 	D:\XILINX2019\Vivado\2019.1\lib\win64.o\librdi_xdm.dll
0x00007ffe71150000 - 0x00007ffe711ee000 	D:\XILINX2019\Vivado\2019.1\lib\win64.o\libise.dll
0x00007ffe839c0000 - 0x00007ffe83a00000 	D:\XILINX2019\Vivado\2019.1\lib\win64.o\librdi_wavedata_SimpleApi.dll
0x00007ffe01a50000 - 0x00007ffe02597000 	D:\XILINX2019\Vivado\2019.1\lib\win64.o\libverific.dll
0x00007ffe7ee90000 - 0x00007ffe7eecf000 	D:\XILINX2019\Vivado\2019.1\lib\win64.o\librdi_schedmon.dll
0x00007ffe01450000 - 0x00007ffe01a4c000 	D:\XILINX2019\Vivado\2019.1\lib\win64.o\librdi_wavedata.dll
0x00007ffe71470000 - 0x00007ffe714f8000 	D:\XILINX2019\Vivado\2019.1\lib\win64.o\librdi_meir_core.dll
0x00007ffe48280000 - 0x00007ffe484d9000 	D:\XILINX2019\Vivado\2019.1\lib\win64.o\librdi_hsm.dll

VM Arguments:
jvm_args: -Dsun.java2d.pmoffscreen=false -Dsun.java2d.xrender=false -Dsun.java2d.d3d=false -Dsun.awt.nopixfmt=true -Dsun.java2d.dpiaware=true -Dsun.java2d.uiScale.enabled=false -Xverify:none -Dswing.aatext=true -XX:-UsePerfData -Djdk.map.althashing.threshold=512 -XX:StringTableSize=4072 --add-opens=java.base/java.nio=ALL-UNNAMED --add-opens=java.desktop/sun.swing=ALL-UNNAMED --add-opens=java.desktop/javax.swing=ALL-UNNAMED --add-opens=java.desktop/javax.swing.tree=ALL-UNNAMED --add-opens=java.desktop/javax.swing.plaf.basic=ALL-UNNAMED --add-opens=java.desktop/javax.swing.plaf.synth=ALL-UNNAMED --add-opens=java.desktop/com.sun.awt=ALL-UNNAMED -XX:NewSize=60m -XX:MaxNewSize=60m -Xms128m -Xmx3072m -Xss5m 
java_command: <unknown>
java_class_path (initial): D:/XILINX2019/Vivado/2019.1\lib\classes\alloy.jar;D:/XILINX2019/Vivado/2019.1\lib\classes\autopilot.scelaborator.jar;D:/XILINX2019/Vivado/2019.1\lib\classes\autopilot.sourceprocessor.jar;D:/XILINX2019/Vivado/2019.1\lib\classes\autopilot.tbprocessor.jar;D:/XILINX2019/Vivado/2019.1\lib\classes\batik-anim.jar;D:/XILINX2019/Vivado/2019.1\lib\classes\batik-awt-util.jar;D:/XILINX2019/Vivado/2019.1\lib\classes\batik-bridge.jar;D:/XILINX2019/Vivado/2019.1\lib\classes\batik-codec.jar;D:/XILINX2019/Vivado/2019.1\lib\classes\batik-css.jar;D:/XILINX2019/Vivado/2019.1\lib\classes\batik-dom.jar;D:/XILINX2019/Vivado/2019.1\lib\classes\batik-ext.jar;D:/XILINX2019/Vivado/2019.1\lib\classes\batik-gui-util.jar;D:/XILINX2019/Vivado/2019.1\lib\classes\batik-gvt.jar;D:/XILINX2019/Vivado/2019.1\lib\classes\batik-parser.jar;D:/XILINX2019/Vivado/2019.1\lib\classes\batik-script.jar;D:/XILINX2019/Vivado/2019.1\lib\classes\batik-svg-dom.jar;D:/XILINX2019/Vivado/2019.1\lib\classes\batik-swing.jar;D:/XILINX2019/Vivado/2019.1\lib\classes\batik-transcoder.jar;D:/XILINX2019/Vivado/2019.1\lib\classes\batik-util.jar;D:/XILINX2019/Vivado/2019.1\lib\classes\batik-xml.jar;D:/XILINX2019/Vivado/2019.1\lib\classes\com.google.gson_2.7.0.v20170129-0911.jar;D:/XILINX2019/Vivado/2019.1\lib\classes\com.google.guava_21.0.0.v20170206-1425.jar;D:/XILINX2019/Vivado/2019.1\lib\classes\com.google.inject_3.0.0.v201605172100.jar;D:/XILINX2019/Vivado/2019.1\lib\classes\com.ibm.icu_4.4.2.v20110208.jar;D:/XILINX2019/Vivado/2019.1\lib\classes\com.sigasi.hdt.annotations.runtime_4.3.0.201903071210.jar;D:/XILINX2019/Vivado/2019.1\lib\classes\com.sigasi.hdt.blockdiagram.model_4.3.0.201903071210.jar;D:/XILINX2019/Vivado/2019.1\lib\classes\com.sigasi.hdt.connection_4.3.0.201903071210.jar;D:/XILINX2019/Vivado/2019.1\lib\classes\com.sigasi.hdt.dependencies.model_4.3.0.201903071210.jar;D:/XILINX2019/Vivado/2019.1\lib\classes\com.sigasi.hdt.epl_4.3.0.201903071210.jar;D:/XILINX2019/Vivado/2019.1\lib\class
Launcher Type: generic

Logging:
Log output configuration:
#0: stdout all=warning uptime,level,tags
#1: stderr all=off uptime,level,tags

Environment Variables:
PATH=D:/XILINX2019/Vivado/2019.1/bin;D:/XILINX2019/Vivado/2019.1/lib/win64.o;D:/XILINX2019/Vivado/2019.1/tps/win64/jre9.0.4/bin/server;D:/XILINX2019/Vivado/2019.1/tps/win64/jre9.0.4/bin;D:/XILINX2019/SDK/2019.1/bin;D:/XILINX2019/Vivado/2019.1/ids_lite/ISE/bin/nt64;D:/XILINX2019/Vivado/2019.1/ids_lite/ISE/lib/nt64;C:\WinAVR-20090313\bin;C:\WinAVR-20090313\utils\bin;C:\Program Files (x86)\Common Files\Oracle\Java\javapath;C:\WINDOWS\system32;C:\WINDOWS;C:\WINDOWS\System32\Wbem;C:\WINDOWS\System32\WindowsPowerShell\v1.0\;C:\WINDOWS\System32\OpenSSH\;D:\kuliah\software kuliahh\MATLAB\runtime\win64;D:\kuliah\software kuliahh\MATLAB\bin;D:\kuliah\software kuliahh\MATLAB\polyspace\bin;C:\Program Files (x86)\IVI Foundation\VISA\WinNT\Bin\;C:\Program Files\IVI Foundation\VISA\Win64\Bin\;C:\Program Files (x86)\National Instruments\Shared\LabVIEW CLI;C:\Program Files\PuTTY\;C:\Wincupl\WINCUPL\EXE;C:\Wincupl\WINCUPL\FITTERS;%USERPROFILE%\AppData\Local\Microsoft\WindowsApps;;D:/XILINX2019/Vivado/2019.1\tps\mingw\6.2.0\win64.o\nt\bin;D:/XILINX2019/Vivado/2019.1\tps\mingw\6.2.0\win64.o\nt\libexec\gcc\x86_64-w64-mingw32\6.2.0;D:/XILINX2019/Vivado/2019.1\tps\win64\python-2.7.5;D:/XILINX2019/Vivado/2019.1\tps\win64\python-2.7.5\lib;D:/XILINX2019/Vivado/2019.1\tps\win64\python-2.7.5\Lib\lib-tk;D:/XILINX2019/Vivado/2019.1\tps\win64\python-2.7.5\lib\site-packages
USERNAME=IMAM W
OS=Windows_NT
PROCESSOR_IDENTIFIER=AMD64 Family 23 Model 24 Stepping 1, AuthenticAMD



---------------  S Y S T E M  ---------------

OS: Windows 10 , 64 bit Build 22621 (10.0.22621.1194)

CPU:total 4 (initial active 4) (4 cores per cpu, 1 threads per core) family 23 model 24 stepping 1, cmov, cx8, fxsr, mmx, sse, sse2, sse3, ssse3, sse4.1, sse4.2, popcnt, avx, avx2, aes, clmul, mmxext, 3dnowpref, lzcnt, sse4a, tsc, tscinvbit, tscinv, bmi1

Memory: 4k page, physical 6203704k(2014248k free), swap 19835192k(9060264k free)

vm_info: Java HotSpot(TM) 64-Bit Server VM (9.0.4+11) for windows-amd64 JRE (9.0.4+11), built on Dec 20 2017 02:18:54 by "mach5one" with MS VC++ 12.0 (VS2013)

END.
