#
# A fatal error has been detected by the Java Runtime Environment:
#
#  EXCEPTION_ACCESS_VIOLATION (0xc0000005) at pc=0x00007ffc1027b760, pid=10632, tid=892
#
# JRE version: Java(TM) SE Runtime Environment (9.0+11) (build 9.0.4+11)
# Java VM: Java HotSpot(TM) 64-Bit Server VM (9.0.4+11, mixed mode, tiered, compressed oops, g1 gc, windows-amd64)
# Problematic frame:
# C  0x00007ffc1027b760
#
# No core dump will be written. Minidumps are not enabled by default on client versions of Windows
#
# If you would like to submit a bug report, please visit:
#   http://bugreport.java.com/bugreport/crash.jsp
# The crash happened outside the Java Virtual Machine in native code.
# See problematic frame for where to report the bug.
#

---------------  S U M M A R Y ------------

Command Line: -Dsun.java2d.pmoffscreen=false -Dsun.java2d.xrender=false -Dsun.java2d.d3d=false -Dsun.awt.nopixfmt=true -Dsun.java2d.dpiaware=true -Dsun.java2d.uiScale.enabled=false -Xverify:none -Dswing.aatext=true -XX:-UsePerfData -Djdk.map.althashing.threshold=512 -XX:StringTableSize=4072 --add-opens=java.base/java.nio=ALL-UNNAMED --add-opens=java.desktop/sun.swing=ALL-UNNAMED --add-opens=java.desktop/javax.swing=ALL-UNNAMED --add-opens=java.desktop/javax.swing.tree=ALL-UNNAMED --add-opens=java.desktop/javax.swing.plaf.basic=ALL-UNNAMED --add-opens=java.desktop/javax.swing.plaf.synth=ALL-UNNAMED --add-opens=java.desktop/com.sun.awt=ALL-UNNAMED -XX:NewSize=60m -XX:MaxNewSize=60m -Xms128m -Xmx3072m -Xss5m 

Host: AMD Ryzen 3 3200U with Radeon Vega Mobile Gfx  , 4 cores, 5G,  Windows 10 , 64 bit Build 22621 (10.0.22621.1344)
Time: Fri Apr 07 13:01:55 2023 SE Asia Standard Time elapsed time: 70106 seconds (0d 19h 28m 26s)

---------------  T H R E A D  ---------------

Current thread (0x000001ab257d1800):  JavaThread "AWT-EventQueue-0" [_thread_in_native, id=892, stack(0x0000009330100000,0x0000009330600000)]

Stack: [0x0000009330100000,0x0000009330600000],  sp=0x00000093305f97b0,  free space=5093k
Native frames: (J=compiled Java code, j=interpreted, Vv=VM code, C=native code)
C  0x00007ffc1027b760
C  0x000001ab14eda1d2

Java frames: (J=compiled Java code, j=interpreted, Vv=VM code)
J 16976  ui.data.labtools.lthwdatai.LTDParamObj_getParam(JLjava/lang/String;)Ljava/lang/String; (0 bytes) @ 0x000001ab14eda135 [0x000001ab14eda0e0+0x0000000000000055]
J 15922 c1 ui.data.labtools.f.a.getValue(Ljava/lang/String;)Ljava/lang/String; (9 bytes) @ 0x000001ab0cc556b4 [0x000001ab0cc55640+0x0000000000000074]
j  ui.data.labtools.f.c.blT()D+10
j  ui.views.v.f.e.fNR()V+79
j  ui.views.v.f.e.fJR()V+56
J 17870 c1 ui.views.v.a.d.e$$Lambda$261.run()V (8 bytes) @ 0x000001ab0dccecec [0x000001ab0dcceae0+0x000000000000020c]
J 14151 c2 java.awt.EventQueue$3.run()Ljava/lang/Object; java.desktop@9.0.4 (5 bytes) @ 0x000001ab14b883cc [0x000001ab14b87e80+0x000000000000054c]
v  ~StubRoutines::call_stub
J 3839  java.security.AccessController.doPrivileged(Ljava/security/PrivilegedAction;Ljava/security/AccessControlContext;)Ljava/lang/Object; java.base@9.0.4 (0 bytes) @ 0x000001ab14250646 [0x000001ab142505e0+0x0000000000000066]
J 17295 c2 java.awt.EventQueue.dispatchEvent(Ljava/awt/AWTEvent;)V java.desktop@9.0.4 (80 bytes) @ 0x000001ab14923498 [0x000001ab14922f40+0x0000000000000558]
J 18295 c2 ui.frmwork.b.d.dispatchEvent(Ljava/awt/AWTEvent;)V (34 bytes) @ 0x000001ab148a74dc [0x000001ab148a73e0+0x00000000000000fc]
J 17746 c2 java.awt.EventDispatchThread.pumpOneEventForFilters(I)V java.desktop@9.0.4 (218 bytes) @ 0x000001ab14f9c1ec [0x000001ab14f9be00+0x00000000000003ec]
J 18365 c1 java.awt.EventDispatchThread.pumpEventsForFilter(ILjava/awt/Conditional;Ljava/awt/EventFilter;)V java.desktop@9.0.4 (47 bytes) @ 0x000001ab0d77a20c [0x000001ab0d779f20+0x00000000000002ec]
j  java.awt.EventDispatchThread.pumpEventsForFilter(Ljava/awt/Conditional;Ljava/awt/EventFilter;)V+4 java.desktop@9.0.4
j  java.awt.WaitDispatchSupport$2.run()V+59 java.desktop@9.0.4
j  java.awt.WaitDispatchSupport$4.run()Ljava/lang/Void;+4 java.desktop@9.0.4
j  java.awt.WaitDispatchSupport$4.run()Ljava/lang/Object;+1 java.desktop@9.0.4
v  ~StubRoutines::call_stub
J 1078  java.security.AccessController.doPrivileged(Ljava/security/PrivilegedAction;)Ljava/lang/Object; java.base@9.0.4 (0 bytes) @ 0x000001ab140b8e32 [0x000001ab140b8de0+0x0000000000000052]
j  java.awt.WaitDispatchSupport.enter()Z+260 java.desktop@9.0.4
j  java.awt.Dialog.show()V+225 java.desktop@9.0.4
J 9460 c1 java.awt.Component.setVisible(Z)V java.desktop@9.0.4 (6 bytes) @ 0x000001ab0e07c6cc [0x000001ab0e07c4e0+0x00000000000001ec]
j  java.awt.Window.setVisible(Z)V+2 java.desktop@9.0.4
j  java.awt.Dialog.setVisible(Z)V+2 java.desktop@9.0.4
j  ui.b.c.g.setVisible(Z)V+2
j  ui.b.c.by.showDialog()V+64
j  ui.b.c.bF.cX()V+4
j  ui.b.c.bF$$Lambda$245.run()V+4
J 14151 c2 java.awt.EventQueue$3.run()Ljava/lang/Object; java.desktop@9.0.4 (5 bytes) @ 0x000001ab14b883cc [0x000001ab14b87e80+0x000000000000054c]
v  ~StubRoutines::call_stub
J 3839  java.security.AccessController.doPrivileged(Ljava/security/PrivilegedAction;Ljava/security/AccessControlContext;)Ljava/lang/Object; java.base@9.0.4 (0 bytes) @ 0x000001ab14250646 [0x000001ab142505e0+0x0000000000000066]
J 17295 c2 java.awt.EventQueue.dispatchEvent(Ljava/awt/AWTEvent;)V java.desktop@9.0.4 (80 bytes) @ 0x000001ab14923498 [0x000001ab14922f40+0x0000000000000558]
J 18295 c2 ui.frmwork.b.d.dispatchEvent(Ljava/awt/AWTEvent;)V (34 bytes) @ 0x000001ab148a74dc [0x000001ab148a73e0+0x00000000000000fc]
J 17746 c2 java.awt.EventDispatchThread.pumpOneEventForFilters(I)V java.desktop@9.0.4 (218 bytes) @ 0x000001ab14f9c1ec [0x000001ab14f9be00+0x00000000000003ec]
J 18399% c2 java.awt.EventDispatchThread.pumpEventsForFilter(ILjava/awt/Conditional;Ljava/awt/EventFilter;)V java.desktop@9.0.4 (47 bytes) @ 0x000001ab142bd740 [0x000001ab142bd640+0x0000000000000100]
j  java.awt.EventDispatchThread.pumpEventsForHierarchy(ILjava/awt/Conditional;Ljava/awt/Component;)V+11 java.desktop@9.0.4
j  java.awt.EventDispatchThread.pumpEvents(ILjava/awt/Conditional;)V+4 java.desktop@9.0.4
j  java.awt.EventDispatchThread.pumpEvents(Ljava/awt/Conditional;)V+3 java.desktop@9.0.4
j  java.awt.EventDispatchThread.run()V+9 java.desktop@9.0.4
v  ~StubRoutines::call_stub

siginfo: EXCEPTION_ACCESS_VIOLATION (0xc0000005), reading address 0x000003200000005d


Register to memory mapping:

RIP=0x00007ffc1027b760 is an unknown value
RAX=0x000003200000002d is an unknown value
RBX=0x0000000000000000 is an unknown value
RCX=0x000001ab6fdb8150 is an unknown value
RDX=0x00000093305f9870 is pointing into the stack for thread: 0x000001ab257d1800
RSP=0x00000093305f97b0 is pointing into the stack for thread: 0x000001ab257d1800
RBP=0x00000093305f9980 is pointing into the stack for thread: 0x000001ab257d1800
RSI=0x000001ab257d1a18 is an unknown value
RDI=0x000001ab30e28a10 is an unknown value
R8 =0x00000093305f9890 is pointing into the stack for thread: 0x000001ab257d1800
R9 =0x000001ab7f9ad010 is an unknown value
R10=0x0000000000000003 is an unknown value
R11=0x00000093305f96e0 is pointing into the stack for thread: 0x000001ab257d1800
R12=0x00000093305f9948 is pointing into the stack for thread: 0x000001ab257d1800
R13=0x000001ab6fdb8150 is an unknown value
R14=0x0000000000000000 is an unknown value
R15=0x0000000000000000 is an unknown value


Registers:
RAX=0x000003200000002d, RBX=0x0000000000000000, RCX=0x000001ab6fdb8150, RDX=0x00000093305f9870
RSP=0x00000093305f97b0, RBP=0x00000093305f9980, RSI=0x000001ab257d1a18, RDI=0x000001ab30e28a10
R8 =0x00000093305f9890, R9 =0x000001ab7f9ad010, R10=0x0000000000000003, R11=0x00000093305f96e0
R12=0x00000093305f9948, R13=0x000001ab6fdb8150, R14=0x0000000000000000, R15=0x0000000000000000
RIP=0x00007ffc1027b760, EFLAGS=0x0000000000010246

Top of Stack: (sp=0x00000093305f97b0)
0x00000093305f97b0:   0000000000000000 000001ab257d1a18
0x00000093305f97c0:   00000093305f9948 00007ffcb53aab01
0x00000093305f97d0:   000001ab257d1a18 fffffffffffffffe
0x00000093305f97e0:   00000093305f9980 0000000000000000
0x00000093305f97f0:   0000000000000000 000001ab257d1800
0x00000093305f9800:   000001ab2ebc0fc0 00007ffcb29d37eb
0x00000093305f9810:   000001ab30e20000 000001ab257d1a18
0x00000093305f9820:   0000000000000000 0000000000000007
0x00000093305f9830:   00000093305f9970 00007ffc10275870
0x00000093305f9840:   000001ab30e28d80 0000009300000000
0x00000093305f9850:   000001ab257d1a00 0000000000000000
0x00000093305f9860:   0000000000000000 000000000000000f
0x00000093305f9870:   0000000708607f60 000000005dd34c4d
0x00000093305f9880:   0000000000000000 0000000706c251c0
0x00000093305f9890:   0000000000001400 0000000700000003
0x00000093305f98a0:   0000000000000000 000000000000000f 

Instructions: (pc=0x00007ffc1027b760)
0x00007ffc1027b740:   24 60 ff 15 f0 b4 19 00 90 49 8b 45 00 4c 8d 84
0x00007ffc1027b750:   24 e0 00 00 00 48 8d 94 24 c0 00 00 00 49 8b cd
0x00007ffc1027b760:   ff 50 30 48 8b d0 48 8d 8c 24 a0 00 00 00 e8 2d
0x00007ffc1027b770:   e8 cb ff 48 8b 84 24 d8 00 00 00 48 83 f8 10 72 



---------------  P R O C E S S  ---------------

Java Threads: ( => current thread )
  0x000001ab2840a000 JavaThread "Auto Connect" [_thread_blocked, id=10364, stack(0x0000009333900000,0x0000009333e00000)]
  0x000001ab2840c000 JavaThread "Thread-146" [_thread_in_native, id=8636, stack(0x0000009329b00000,0x0000009329c00000)]
  0x000001ab2840f000 JavaThread "Thread-114" [_thread_in_native, id=11008, stack(0x0000009329a00000,0x0000009329b00000)]
  0x000001ab28410800 JavaThread "SyntheticaAnimation 50" daemon [_thread_blocked, id=3596, stack(0x0000009332400000,0x0000009332900000)]
  0x000001ab2840d000 JavaThread "Update Runs Swing Worker" [_thread_blocked, id=9736, stack(0x0000009334700000,0x0000009334c00000)]
  0x000001ab28406000 JavaThread "hw_ila_monitor" [_thread_blocked, id=3896, stack(0x0000009333300000,0x0000009333800000)]
  0x000001ab28409000 JavaThread "Refresh Filesets Swing Worker" [_thread_blocked, id=8180, stack(0x0000009332e00000,0x0000009333300000)]
  0x000001ab04788800 JavaThread "SyntheticaAnimation 70" daemon [_thread_blocked, id=2928, stack(0x0000009332900000,0x0000009332e00000)]
  0x000001ab04789000 JavaThread "SyntheticaAnimation 25" daemon [_thread_blocked, id=9312, stack(0x0000009331f00000,0x0000009332400000)]
  0x000001ab0478c000 JavaThread "SyntheticaAnimation 50" daemon [_thread_blocked, id=3040, stack(0x0000009331a00000,0x0000009331f00000)]
  0x000001ab04786000 JavaThread "Monitor HEventQueue" [_thread_blocked, id=3968, stack(0x0000009331000000,0x0000009331500000)]
  0x000001ab04785800 JavaThread "SyntheticaCleanerThread" daemon [_thread_blocked, id=9976, stack(0x0000009331500000,0x0000009331a00000)]
  0x000001ab0478b800 JavaThread "Batik CleanerThread" daemon [_thread_blocked, id=1276, stack(0x0000009330600000,0x0000009330b00000)]
  0x000001ab0478a800 JavaThread "Process Messages" [_thread_blocked, id=3360, stack(0x0000009330b00000,0x0000009331000000)]
  0x000001ab02f17800 JavaThread "Thread-1" [_thread_in_native, id=8868, stack(0x0000009329d00000,0x000000932b100000)]
=>0x000001ab257d1800 JavaThread "AWT-EventQueue-0" [_thread_in_native, id=892, stack(0x0000009330100000,0x0000009330600000)]
  0x000001ab023ca800 JavaThread "AWT-Shutdown" [_thread_blocked, id=4396, stack(0x000000932fc00000,0x0000009330100000)]
  0x000001ab02e9b800 JavaThread "TimerQueue" daemon [_thread_blocked, id=9920, stack(0x000000932ed00000,0x000000932f200000)]
  0x000001ab02e9c000 JavaThread "AWT-Windows" daemon [_thread_in_native, id=10888, stack(0x000000932f200000,0x000000932f700000)]
  0x000001ab02e9a800 JavaThread "Java2D Disposer" daemon [_thread_blocked, id=10748, stack(0x000000932e800000,0x000000932ed00000)]
  0x000001ab04c64800 JavaThread "Service Thread" daemon [_thread_blocked, id=7564, stack(0x000000932e200000,0x000000932e700000)]
  0x000001ab0133a000 JavaThread "Common-Cleaner" daemon [_thread_blocked, id=1592, stack(0x000000932dd00000,0x000000932e200000)]
  0x000001ab0478a000 JavaThread "Sweeper thread" daemon [_thread_blocked, id=1788, stack(0x000000932d800000,0x000000932dd00000)]
  0x000001ab05362000 JavaThread "C1 CompilerThread2" daemon [_thread_blocked, id=7264, stack(0x000000932d700000,0x000000932d800000)]
  0x000001ab05361800 JavaThread "C2 CompilerThread1" daemon [_thread_blocked, id=7272, stack(0x000000932d600000,0x000000932d700000)]
  0x000001ab0533f000 JavaThread "C2 CompilerThread0" daemon [_thread_blocked, id=7248, stack(0x000000932d500000,0x000000932d600000)]
  0x000001ab05888000 JavaThread "Attach Listener" daemon [_thread_blocked, id=7260, stack(0x000000932d000000,0x000000932d500000)]
  0x000001ab044ad800 JavaThread "Signal Dispatcher" daemon [_thread_blocked, id=7236, stack(0x000000932cb00000,0x000000932d000000)]
  0x000001ab0587c000 JavaThread "Finalizer" daemon [_thread_blocked, id=7192, stack(0x000000932c600000,0x000000932cb00000)]
  0x000001ab05877000 JavaThread "Reference Handler" daemon [_thread_blocked, id=9820, stack(0x000000932c100000,0x000000932c600000)]
  0x000001ab7b5bd000 JavaThread "main" [_thread_blocked, id=11016, stack(0x000000932b400000,0x000000932b500000)]

Other Threads:
  0x000001ab02362800 VMThread "VM Thread" [stack: 0x000000932c000000,0x000000932c100000] [id=10340]
  0x000001ab04c65800 WatcherThread [stack: 0x000000932e700000,0x000000932e800000] [id=6712]
  0x000001ab04196800 GCTaskThread "GC Thread#0" [stack: 0x000000932b500000,0x000000932b600000] [id=10416]
  0x000001ab01367000 GCTaskThread "GC Thread#1" [stack: 0x000000932b600000,0x000000932b700000] [id=10356]
  0x000001ab01367800 GCTaskThread "GC Thread#2" [stack: 0x000000932b700000,0x000000932b800000] [id=10352]
  0x000001ab012fa800 GCTaskThread "GC Thread#3" [stack: 0x000000932b800000,0x000000932b900000] [id=10420]
  0x000001ab05391800 ConcurrentGCThread "G1 Main Marker" [stack: 0x000000932be00000,0x000000932bf00000] [id=2076]
  0x000001ab02200000 ConcurrentGCThread "G1 Marker#0" [stack: 0x000000932bf00000,0x000000932c000000] [id=10384]
  0x000001ab050d4800 ConcurrentGCThread "G1 Refine#0" [stack: 0x000000932bc00000,0x000000932bd00000] [id=10344]
  0x000001ab01445000 ConcurrentGCThread "G1 Refine#1" [stack: 0x000000932bb00000,0x000000932bc00000] [id=11012]
  0x000001ab045a2800 ConcurrentGCThread "G1 Refine#2" [stack: 0x000000932ba00000,0x000000932bb00000] [id=10348]
  0x000001ab045a1800 ConcurrentGCThread "G1 Refine#3" [stack: 0x000000932b900000,0x000000932ba00000] [id=11020]
  0x000001ab055ad800 ConcurrentGCThread "G1 Young RemSet Sampling" [stack: 0x000000932bd00000,0x000000932be00000] [id=5212]

Threads with active compile tasks:

VM state:not at safepoint (normal execution)

VM Mutex/Monitor currently owned by a thread: None

Heap address: 0x0000000700000000, size: 3072 MB, Compressed Oops mode: Zero based, Oop shift amount: 3
Narrow klass base: 0x0000000000000000, Narrow klass shift: 3
Compressed class space size: 1073741824 Address: 0x00000007c0000000

Heap:
 garbage-first heap   total 143360K, used 93778K [0x0000000700000000, 0x0000000700100460, 0x00000007c0000000)
  region size 1024K, 33 young (33792K), 1 survivors (1024K)
 Metaspace       used 78034K, capacity 79381K, committed 86140K, reserved 1124352K
  class space    used 10403K, capacity 10719K, committed 12156K, reserved 1048576K
Heap Regions: E=young(eden), S=young(survivor), O=old, HS=humongous(starts), HC=humongous(continues), CS=collection set, F=free, A=archive, TS=gc time stamp, AC=allocation context, TAMS=top-at-mark-start (previous, next)
|   0|0x0000000700000000, 0x00000007000efd30, 0x0000000700100000| 93%| O|  |TS  0|AC  0|TAMS 0x0000000700000000, 0x0000000700000000|
|   1|0x0000000700100000, 0x0000000700200000, 0x0000000700200000|100%|HS|  |TS  0|AC  0|TAMS 0x0000000700100000, 0x0000000700100000|
|   2|0x0000000700200000, 0x0000000700300000, 0x0000000700300000|100%|HC|  |TS  0|AC  0|TAMS 0x0000000700200000, 0x0000000700200000|
|   3|0x0000000700300000, 0x0000000700400000, 0x0000000700400000|100%|HS|  |TS  0|AC  0|TAMS 0x0000000700300000, 0x0000000700300000|
|   4|0x0000000700400000, 0x00000007004ffff0, 0x0000000700500000| 99%| O|  |TS  0|AC  0|TAMS 0x0000000700400000, 0x0000000700400000|
|   5|0x0000000700500000, 0x00000007005f8ee0, 0x0000000700600000| 97%| O|  |TS  0|AC  0|TAMS 0x0000000700500000, 0x0000000700500000|
|   6|0x0000000700600000, 0x00000007006ffff8, 0x0000000700700000| 99%| O|  |TS  0|AC  0|TAMS 0x0000000700600000, 0x0000000700600000|
|   7|0x0000000700700000, 0x00000007007fffd0, 0x0000000700800000| 99%| O|  |TS  0|AC  0|TAMS 0x0000000700700000, 0x0000000700700000|
|   8|0x0000000700800000, 0x00000007008fffe8, 0x0000000700900000| 99%| O|  |TS  0|AC  0|TAMS 0x0000000700800000, 0x0000000700800000|
|   9|0x0000000700900000, 0x00000007009f2e80, 0x0000000700a00000| 94%| O|  |TS  0|AC  0|TAMS 0x0000000700900000, 0x0000000700900000|
|  10|0x0000000700a00000, 0x0000000700afe2a0, 0x0000000700b00000| 99%| O|  |TS  0|AC  0|TAMS 0x0000000700a00000, 0x0000000700a00000|
|  11|0x0000000700b00000, 0x0000000700c00000, 0x0000000700c00000|100%| O|  |TS  0|AC  0|TAMS 0x0000000700b00000, 0x0000000700b00000|
|  12|0x0000000700c00000, 0x0000000700cffff8, 0x0000000700d00000| 99%| O|  |TS  0|AC  0|TAMS 0x0000000700c00000, 0x0000000700c00000|
|  13|0x0000000700d00000, 0x0000000700dd9028, 0x0000000700e00000| 84%| O|  |TS  0|AC  0|TAMS 0x0000000700d00000, 0x0000000700d00000|
|  14|0x0000000700e00000, 0x0000000700efc258, 0x0000000700f00000| 98%| O|  |TS  0|AC  0|TAMS 0x0000000700e00000, 0x0000000700e00000|
|  15|0x0000000700f00000, 0x0000000700fffff8, 0x0000000701000000| 99%| O|  |TS  0|AC  0|TAMS 0x0000000700f00000, 0x0000000700f00000|
|  16|0x0000000701000000, 0x00000007010fffe0, 0x0000000701100000| 99%| O|  |TS  0|AC  0|TAMS 0x0000000701000000, 0x0000000701000000|
|  17|0x0000000701100000, 0x0000000701200000, 0x0000000701200000|100%| O|  |TS  0|AC  0|TAMS 0x0000000701100000, 0x0000000701100000|
|  18|0x0000000701200000, 0x00000007012ffff0, 0x0000000701300000| 99%| O|  |TS  0|AC  0|TAMS 0x0000000701200000, 0x0000000701200000|
|  19|0x0000000701300000, 0x00000007013ffff8, 0x0000000701400000| 99%| O|  |TS  0|AC  0|TAMS 0x0000000701300000, 0x0000000701300000|
|  20|0x0000000701400000, 0x00000007014feee8, 0x0000000701500000| 99%| O|  |TS  0|AC  0|TAMS 0x0000000701400000, 0x0000000701400000|
|  21|0x0000000701500000, 0x0000000701600000, 0x0000000701600000|100%|HS|  |TS  0|AC  0|TAMS 0x0000000701500000, 0x0000000701500000|
|  22|0x0000000701600000, 0x0000000701700000, 0x0000000701700000|100%|HC|  |TS  0|AC  0|TAMS 0x0000000701600000, 0x0000000701600000|
|  23|0x0000000701700000, 0x00000007017ffff0, 0x0000000701800000| 99%| O|  |TS  0|AC  0|TAMS 0x0000000701700000, 0x0000000701700000|
|  24|0x0000000701800000, 0x00000007018ffff8, 0x0000000701900000| 99%| O|  |TS  0|AC  0|TAMS 0x0000000701800000, 0x0000000701800000|
|  25|0x0000000701900000, 0x0000000701a00000, 0x0000000701a00000|100%|HS|  |TS  0|AC  0|TAMS 0x0000000701900000, 0x0000000701900000|
|  26|0x0000000701a00000, 0x0000000701affff0, 0x0000000701b00000| 99%| O|  |TS  0|AC  0|TAMS 0x0000000701a00000, 0x0000000701a00000|
|  27|0x0000000701b00000, 0x0000000701bfffe8, 0x0000000701c00000| 99%| O|  |TS  0|AC  0|TAMS 0x0000000701b00000, 0x0000000701b00000|
|  28|0x0000000701c00000, 0x0000000701cffff0, 0x0000000701d00000| 99%| O|  |TS  0|AC  0|TAMS 0x0000000701c00000, 0x0000000701c00000|
|  29|0x0000000701d00000, 0x0000000701dfffe8, 0x0000000701e00000| 99%| O|  |TS  0|AC  0|TAMS 0x0000000701d00000, 0x0000000701d00000|
|  30|0x0000000701e00000, 0x0000000701effeb0, 0x0000000701f00000| 99%| O|  |TS  0|AC  0|TAMS 0x0000000701e00000, 0x0000000701e00000|
|  31|0x0000000701f00000, 0x0000000701fffff8, 0x0000000702000000| 99%| O|  |TS  0|AC  0|TAMS 0x0000000701f00000, 0x0000000701f00000|
|  32|0x0000000702000000, 0x0000000702100000, 0x0000000702100000|100%| O|  |TS  0|AC  0|TAMS 0x0000000702000000, 0x0000000702000000|
|  33|0x0000000702100000, 0x00000007021ffff0, 0x0000000702200000| 99%| O|  |TS  0|AC  0|TAMS 0x0000000702100000, 0x0000000702100000|
|  34|0x0000000702200000, 0x00000007022fffd8, 0x0000000702300000| 99%| O|  |TS  0|AC  0|TAMS 0x0000000702200000, 0x0000000702200000|
|  35|0x0000000702300000, 0x00000007023ffff0, 0x0000000702400000| 99%| O|  |TS  0|AC  0|TAMS 0x0000000702300000, 0x0000000702300000|
|  36|0x0000000702400000, 0x00000007024ffff8, 0x0000000702500000| 99%| O|  |TS  0|AC  0|TAMS 0x0000000702400000, 0x0000000702400000|
|  37|0x0000000702500000, 0x0000000702600000, 0x0000000702600000|100%| O|  |TS  0|AC  0|TAMS 0x0000000702500000, 0x0000000702500000|
|  38|0x0000000702600000, 0x00000007026ffe90, 0x0000000702700000| 99%| O|  |TS  0|AC  0|TAMS 0x0000000702600000, 0x0000000702600000|
|  39|0x0000000702700000, 0x00000007027fa8b8, 0x0000000702800000| 97%| O|  |TS  0|AC  0|TAMS 0x0000000702700000, 0x0000000702700000|
|  40|0x0000000702800000, 0x00000007028fffe8, 0x0000000702900000| 99%| O|  |TS  0|AC  0|TAMS 0x0000000702800000, 0x0000000702800000|
|  41|0x0000000702900000, 0x00000007029fffd8, 0x0000000702a00000| 99%| O|  |TS  0|AC  0|TAMS 0x0000000702900000, 0x0000000702900000|
|  42|0x0000000702a00000, 0x0000000702affff0, 0x0000000702b00000| 99%| O|  |TS  0|AC  0|TAMS 0x0000000702a00000, 0x0000000702a00000|
|  43|0x0000000702b00000, 0x0000000702bfff60, 0x0000000702c00000| 99%| O|  |TS  0|AC  0|TAMS 0x0000000702b00000, 0x0000000702b00000|
|  44|0x0000000702c00000, 0x0000000702d00000, 0x0000000702d00000|100%| O|  |TS  0|AC  0|TAMS 0x0000000702c00000, 0x0000000702c00000|
|  45|0x0000000702d00000, 0x0000000702dfbfe8, 0x0000000702e00000| 98%| O|  |TS  0|AC  0|TAMS 0x0000000702d00000, 0x0000000702d00000|
|  46|0x0000000702e00000, 0x0000000702f00000, 0x0000000702f00000|100%| O|  |TS  0|AC  0|TAMS 0x0000000702e00000, 0x0000000702e00000|
|  47|0x0000000702f00000, 0x0000000702ffffc8, 0x0000000703000000| 99%| O|  |TS  0|AC  0|TAMS 0x0000000702f00000, 0x0000000702f00000|
|  48|0x0000000703000000, 0x00000007030fffd0, 0x0000000703100000| 99%| O|  |TS  0|AC  0|TAMS 0x0000000703000000, 0x0000000703000000|
|  49|0x0000000703100000, 0x0000000703200000, 0x0000000703200000|100%| O|  |TS  0|AC  0|TAMS 0x0000000703100000, 0x0000000703100000|
|  50|0x0000000703200000, 0x0000000703236380, 0x0000000703300000| 21%| O|  |TS  0|AC  0|TAMS 0x0000000703200000, 0x0000000703200000|
|  51|0x0000000703300000, 0x0000000703300000, 0x0000000703400000|  0%| F|  |TS  0|AC  0|TAMS 0x0000000703300000, 0x0000000703300000|
|  52|0x0000000703400000, 0x0000000703400000, 0x0000000703500000|  0%| F|  |TS  0|AC  0|TAMS 0x0000000703400000, 0x0000000703400000|
|  53|0x0000000703500000, 0x0000000703500000, 0x0000000703600000|  0%| F|  |TS  0|AC  0|TAMS 0x0000000703500000, 0x0000000703500000|
|  54|0x0000000703600000, 0x0000000703600000, 0x0000000703700000|  0%| F|  |TS  0|AC  0|TAMS 0x0000000703600000, 0x0000000703600000|
|  55|0x0000000703700000, 0x0000000703700000, 0x0000000703800000|  0%| F|  |TS  0|AC  0|TAMS 0x0000000703700000, 0x0000000703700000|
|  56|0x0000000703800000, 0x0000000703800000, 0x0000000703900000|  0%| F|  |TS  0|AC  0|TAMS 0x0000000703800000, 0x0000000703800000|
|  57|0x0000000703900000, 0x0000000703900000, 0x0000000703a00000|  0%| F|  |TS  0|AC  0|TAMS 0x0000000703900000, 0x0000000703900000|
|  58|0x0000000703a00000, 0x0000000703a00000, 0x0000000703b00000|  0%| F|  |TS  0|AC  0|TAMS 0x0000000703a00000, 0x0000000703a00000|
|  59|0x0000000703b00000, 0x0000000703b00000, 0x0000000703c00000|  0%| F|  |TS  0|AC  0|TAMS 0x0000000703b00000, 0x0000000703b00000|
|  60|0x0000000703c00000, 0x0000000703c00000, 0x0000000703d00000|  0%| F|  |TS  0|AC  0|TAMS 0x0000000703c00000, 0x0000000703c00000|
|  61|0x0000000703d00000, 0x0000000703d00000, 0x0000000703e00000|  0%| F|  |TS  0|AC  0|TAMS 0x0000000703d00000, 0x0000000703d00000|
|  62|0x0000000703e00000, 0x0000000703e00000, 0x0000000703f00000|  0%| F|  |TS  0|AC  0|TAMS 0x0000000703e00000, 0x0000000703e00000|
|  63|0x0000000703f00000, 0x0000000703f00000, 0x0000000704000000|  0%| F|  |TS  0|AC  0|TAMS 0x0000000703f00000, 0x0000000703f00000|
|  64|0x0000000704000000, 0x0000000704000000, 0x0000000704100000|  0%| F|  |TS  0|AC  0|TAMS 0x0000000704000000, 0x0000000704000000|
|  65|0x0000000704100000, 0x0000000704100000, 0x0000000704200000|  0%| F|  |TS  0|AC  0|TAMS 0x0000000704100000, 0x0000000704100000|
|  66|0x0000000704200000, 0x0000000704200000, 0x0000000704300000|  0%| F|  |TS  0|AC  0|TAMS 0x0000000704200000, 0x0000000704200000|
|  67|0x0000000704300000, 0x0000000704300000, 0x0000000704400000|  0%| F|  |TS  0|AC  0|TAMS 0x0000000704300000, 0x0000000704300000|
|  68|0x0000000704400000, 0x0000000704500000, 0x0000000704500000|100%|HS|  |TS  0|AC  0|TAMS 0x0000000704400000, 0x0000000704400000|
|  69|0x0000000704500000, 0x0000000704500000, 0x0000000704600000|  0%| F|  |TS  3|AC  0|TAMS 0x0000000704500000, 0x0000000704500000|
|  70|0x0000000704600000, 0x00000007046ba448, 0x0000000704700000| 72%| S|CS|TS  5|AC  0|TAMS 0x0000000704600000, 0x0000000704600000|
|  71|0x0000000704700000, 0x0000000704800000, 0x0000000704800000|100%|HS|  |TS  0|AC  0|TAMS 0x0000000704700000, 0x0000000704700000|
|  72|0x0000000704800000, 0x0000000704900000, 0x0000000704900000|100%|HS|  |TS  0|AC  0|TAMS 0x0000000704800000, 0x0000000704800000|
|  73|0x0000000704900000, 0x0000000704a00000, 0x0000000704a00000|100%|HC|  |TS  0|AC  0|TAMS 0x0000000704900000, 0x0000000704900000|
|  74|0x0000000704a00000, 0x0000000704b00000, 0x0000000704b00000|100%|HC|  |TS  0|AC  0|TAMS 0x0000000704a00000, 0x0000000704a00000|
|  75|0x0000000704b00000, 0x0000000704c00000, 0x0000000704c00000|100%|HC|  |TS  0|AC  0|TAMS 0x0000000704b00000, 0x0000000704b00000|
|  76|0x0000000704c00000, 0x0000000704d00000, 0x0000000704d00000|100%|HC|  |TS  0|AC  0|TAMS 0x0000000704c00000, 0x0000000704c00000|
|  77|0x0000000704d00000, 0x0000000704e00000, 0x0000000704e00000|100%|HC|  |TS  0|AC  0|TAMS 0x0000000704d00000, 0x0000000704d00000|
|  78|0x0000000704e00000, 0x0000000704f00000, 0x0000000704f00000|100%|HC|  |TS  0|AC  0|TAMS 0x0000000704e00000, 0x0000000704e00000|
|  79|0x0000000704f00000, 0x0000000705000000, 0x0000000705000000|100%|HC|  |TS  0|AC  0|TAMS 0x0000000704f00000, 0x0000000704f00000|
|  80|0x0000000705000000, 0x0000000705000000, 0x0000000705100000|  0%| F|  |TS  5|AC  0|TAMS 0x0000000705000000, 0x0000000705000000|
|  81|0x0000000705100000, 0x0000000705100000, 0x0000000705200000|  0%| F|  |TS  5|AC  0|TAMS 0x0000000705100000, 0x0000000705100000|
|  82|0x0000000705200000, 0x0000000705200000, 0x0000000705300000|  0%| F|  |TS  5|AC  0|TAMS 0x0000000705200000, 0x0000000705200000|
|  83|0x0000000705300000, 0x0000000705300000, 0x0000000705400000|  0%| F|  |TS  5|AC  0|TAMS 0x0000000705300000, 0x0000000705300000|
|  84|0x0000000705400000, 0x0000000705400000, 0x0000000705500000|  0%| F|  |TS  5|AC  0|TAMS 0x0000000705400000, 0x0000000705400000|
|  85|0x0000000705500000, 0x0000000705500000, 0x0000000705600000|  0%| F|  |TS  5|AC  0|TAMS 0x0000000705500000, 0x0000000705500000|
|  86|0x0000000705600000, 0x0000000705600000, 0x0000000705700000|  0%| F|  |TS  5|AC  0|TAMS 0x0000000705600000, 0x0000000705600000|
|  87|0x0000000705700000, 0x0000000705700000, 0x0000000705800000|  0%| F|  |TS  5|AC  0|TAMS 0x0000000705700000, 0x0000000705700000|
|  88|0x0000000705800000, 0x0000000705800000, 0x0000000705900000|  0%| F|  |TS  5|AC  0|TAMS 0x0000000705800000, 0x0000000705800000|
|  89|0x0000000705900000, 0x0000000705900000, 0x0000000705a00000|  0%| F|  |TS  5|AC  0|TAMS 0x0000000705900000, 0x0000000705900000|
|  90|0x0000000705a00000, 0x0000000705a00000, 0x0000000705b00000|  0%| F|  |TS  5|AC  0|TAMS 0x0000000705a00000, 0x0000000705a00000|
|  91|0x0000000705b00000, 0x0000000705b00000, 0x0000000705c00000|  0%| F|  |TS  5|AC  0|TAMS 0x0000000705b00000, 0x0000000705b00000|
|  92|0x0000000705c00000, 0x0000000705c00000, 0x0000000705d00000|  0%| F|  |TS  5|AC  0|TAMS 0x0000000705c00000, 0x0000000705c00000|
|  93|0x0000000705d00000, 0x0000000705d00000, 0x0000000705e00000|  0%| F|  |TS  5|AC  0|TAMS 0x0000000705d00000, 0x0000000705d00000|
|  94|0x0000000705e00000, 0x0000000705e00000, 0x0000000705f00000|  0%| F|  |TS  5|AC  0|TAMS 0x0000000705e00000, 0x0000000705e00000|
|  95|0x0000000705f00000, 0x0000000705f00000, 0x0000000706000000|  0%| F|  |TS  5|AC  0|TAMS 0x0000000705f00000, 0x0000000705f00000|
|  96|0x0000000706000000, 0x0000000706000000, 0x0000000706100000|  0%| F|  |TS  5|AC  0|TAMS 0x0000000706000000, 0x0000000706000000|
|  97|0x0000000706100000, 0x0000000706100000, 0x0000000706200000|  0%| F|  |TS  5|AC  0|TAMS 0x0000000706100000, 0x0000000706100000|
|  98|0x0000000706200000, 0x0000000706200000, 0x0000000706300000|  0%| F|  |TS  5|AC  0|TAMS 0x0000000706200000, 0x0000000706200000|
|  99|0x0000000706300000, 0x0000000706300000, 0x0000000706400000|  0%| F|  |TS  5|AC  0|TAMS 0x0000000706300000, 0x0000000706300000|
| 100|0x0000000706400000, 0x0000000706400000, 0x0000000706500000|  0%| F|  |TS  5|AC  0|TAMS 0x0000000706400000, 0x0000000706400000|
| 101|0x0000000706500000, 0x0000000706500000, 0x0000000706600000|  0%| F|  |TS  5|AC  0|TAMS 0x0000000706500000, 0x0000000706500000|
| 102|0x0000000706600000, 0x0000000706600000, 0x0000000706700000|  0%| F|  |TS  5|AC  0|TAMS 0x0000000706600000, 0x0000000706600000|
| 103|0x0000000706700000, 0x0000000706700000, 0x0000000706800000|  0%| F|  |TS  5|AC  0|TAMS 0x0000000706700000, 0x0000000706700000|
| 104|0x0000000706800000, 0x0000000706800000, 0x0000000706900000|  0%| F|  |TS  5|AC  0|TAMS 0x0000000706800000, 0x0000000706800000|
| 105|0x0000000706900000, 0x0000000706900000, 0x0000000706a00000|  0%| F|  |TS  5|AC  0|TAMS 0x0000000706900000, 0x0000000706900000|
| 106|0x0000000706a00000, 0x0000000706a00000, 0x0000000706b00000|  0%| F|  |TS  5|AC  0|TAMS 0x0000000706a00000, 0x0000000706a00000|
| 107|0x0000000706b00000, 0x0000000706b00000, 0x0000000706c00000|  0%| F|  |TS  5|AC  0|TAMS 0x0000000706b00000, 0x0000000706b00000|
| 108|0x0000000706c00000, 0x0000000706ca84d8, 0x0000000706d00000| 65%| E|  |TS  5|AC  0|TAMS 0x0000000706c00000, 0x0000000706c00000|
| 109|0x0000000706d00000, 0x0000000706e00000, 0x0000000706e00000|100%| E|CS|TS  5|AC  0|TAMS 0x0000000706d00000, 0x0000000706d00000|
| 110|0x0000000706e00000, 0x0000000706f00000, 0x0000000706f00000|100%| E|CS|TS  5|AC  0|TAMS 0x0000000706e00000, 0x0000000706e00000|
| 111|0x0000000706f00000, 0x0000000707000000, 0x0000000707000000|100%| E|CS|TS  5|AC  0|TAMS 0x0000000706f00000, 0x0000000706f00000|
| 112|0x0000000707000000, 0x0000000707100000, 0x0000000707100000|100%| E|CS|TS  5|AC  0|TAMS 0x0000000707000000, 0x0000000707000000|
| 113|0x0000000707100000, 0x0000000707200000, 0x0000000707200000|100%| E|CS|TS  5|AC  0|TAMS 0x0000000707100000, 0x0000000707100000|
| 114|0x0000000707200000, 0x0000000707300000, 0x0000000707300000|100%| E|CS|TS  5|AC  0|TAMS 0x0000000707200000, 0x0000000707200000|
| 115|0x0000000707300000, 0x0000000707400000, 0x0000000707400000|100%| E|CS|TS  5|AC  0|TAMS 0x0000000707300000, 0x0000000707300000|
| 116|0x0000000707400000, 0x0000000707500000, 0x0000000707500000|100%| E|CS|TS  5|AC  0|TAMS 0x0000000707400000, 0x0000000707400000|
| 117|0x0000000707500000, 0x0000000707600000, 0x0000000707600000|100%| E|CS|TS  5|AC  0|TAMS 0x0000000707500000, 0x0000000707500000|
| 118|0x0000000707600000, 0x0000000707700000, 0x0000000707700000|100%| E|CS|TS  5|AC  0|TAMS 0x0000000707600000, 0x0000000707600000|
| 119|0x0000000707700000, 0x0000000707800000, 0x0000000707800000|100%| E|CS|TS  5|AC  0|TAMS 0x0000000707700000, 0x0000000707700000|
| 120|0x0000000707800000, 0x0000000707900000, 0x0000000707900000|100%| E|CS|TS  5|AC  0|TAMS 0x0000000707800000, 0x0000000707800000|
| 121|0x0000000707900000, 0x0000000707a00000, 0x0000000707a00000|100%| E|CS|TS  5|AC  0|TAMS 0x0000000707900000, 0x0000000707900000|
| 122|0x0000000707a00000, 0x0000000707b00000, 0x0000000707b00000|100%| E|CS|TS  5|AC  0|TAMS 0x0000000707a00000, 0x0000000707a00000|
| 123|0x0000000707b00000, 0x0000000707c00000, 0x0000000707c00000|100%| E|CS|TS  5|AC  0|TAMS 0x0000000707b00000, 0x0000000707b00000|
| 124|0x0000000707c00000, 0x0000000707d00000, 0x0000000707d00000|100%| E|CS|TS  5|AC  0|TAMS 0x0000000707c00000, 0x0000000707c00000|
| 125|0x0000000707d00000, 0x0000000707e00000, 0x0000000707e00000|100%| E|CS|TS  5|AC  0|TAMS 0x0000000707d00000, 0x0000000707d00000|
| 126|0x0000000707e00000, 0x0000000707f00000, 0x0000000707f00000|100%| E|CS|TS  5|AC  0|TAMS 0x0000000707e00000, 0x0000000707e00000|
| 127|0x0000000707f00000, 0x0000000708000000, 0x0000000708000000|100%| E|CS|TS  5|AC  0|TAMS 0x0000000707f00000, 0x0000000707f00000|
| 128|0x0000000708000000, 0x0000000708100000, 0x0000000708100000|100%| E|CS|TS  5|AC  0|TAMS 0x0000000708000000, 0x0000000708000000|
| 129|0x0000000708100000, 0x0000000708200000, 0x0000000708200000|100%| E|CS|TS  5|AC  0|TAMS 0x0000000708100000, 0x0000000708100000|
| 130|0x0000000708200000, 0x0000000708300000, 0x0000000708300000|100%| E|CS|TS  5|AC  0|TAMS 0x0000000708200000, 0x0000000708200000|
| 131|0x0000000708300000, 0x0000000708400000, 0x0000000708400000|100%| E|CS|TS  5|AC  0|TAMS 0x0000000708300000, 0x0000000708300000|
| 132|0x0000000708400000, 0x0000000708500000, 0x0000000708500000|100%| E|CS|TS  5|AC  0|TAMS 0x0000000708400000, 0x0000000708400000|
| 133|0x0000000708500000, 0x0000000708600000, 0x0000000708600000|100%| E|CS|TS  5|AC  0|TAMS 0x0000000708500000, 0x0000000708500000|
| 134|0x0000000708600000, 0x0000000708700000, 0x0000000708700000|100%| E|CS|TS  5|AC  0|TAMS 0x0000000708600000, 0x0000000708600000|
| 135|0x0000000708700000, 0x0000000708800000, 0x0000000708800000|100%| E|CS|TS  5|AC  0|TAMS 0x0000000708700000, 0x0000000708700000|
| 136|0x0000000708800000, 0x0000000708900000, 0x0000000708900000|100%| E|CS|TS  5|AC  0|TAMS 0x0000000708800000, 0x0000000708800000|
| 137|0x0000000708900000, 0x0000000708a00000, 0x0000000708a00000|100%| E|CS|TS  5|AC  0|TAMS 0x0000000708900000, 0x0000000708900000|
| 138|0x0000000708a00000, 0x0000000708b00000, 0x0000000708b00000|100%| E|CS|TS  5|AC  0|TAMS 0x0000000708a00000, 0x0000000708a00000|
| 139|0x0000000708b00000, 0x0000000708c00000, 0x0000000708c00000|100%| E|CS|TS  5|AC  0|TAMS 0x0000000708b00000, 0x0000000708b00000|

Card table byte_map: [0x000001ab1bb90000,0x000001ab1c190000] byte_map_base: 0x000001ab18390000

Marking Bits (Prev, Next): (CMBitMap*) 0x000001ab05981900, (CMBitMap*) 0x000001ab05981938
 Prev Bits: [0x000001ab1c790000, 0x000001ab1f790000)
 Next Bits: [0x000001ab1f790000, 0x000001ab22790000)

Polling page: 0x000001ab00140000

CodeHeap 'non-profiled nmethods': size=120064Kb used=15437Kb max_used=16252Kb free=104627Kb
 bounds [0x000001ab14050000, 0x000001ab15050000, 0x000001ab1b590000]
CodeHeap 'profiled nmethods': size=120000Kb used=33779Kb max_used=40827Kb free=86220Kb
 bounds [0x000001ab0cb20000, 0x000001ab0f350000, 0x000001ab14050000]
CodeHeap 'non-nmethods': size=5696Kb used=1793Kb max_used=1879Kb free=3903Kb
 bounds [0x000001ab0c590000, 0x000001ab0c800000, 0x000001ab0cb20000]
 total_blobs=26310 nmethods=14118 adapters=1135
 compilation: enabled

Compilation events (10 events):
Event: 70105.759 Thread 0x000001ab05362000 18537       3       ui.views.v.d.O::cKP (227 bytes)
Event: 70105.762 Thread 0x000001ab05362000 nmethod 18537 0x000001ab0d932390 code [0x000001ab0d932a00, 0x000001ab0d935c50]
Event: 70105.762 Thread 0x000001ab05362000 18538       3       ui.data.labtools.e.t::bjX (24 bytes)
Event: 70105.762 Thread 0x000001ab05362000 nmethod 18538 0x000001ab0cf5e190 code [0x000001ab0cf5e3e0, 0x000001ab0cf5ec60]
Event: 70105.784 Thread 0x000001ab05362000 18540       3       javax.swing.text.PlainView::damageLineRange (73 bytes)
Event: 70105.785 Thread 0x000001ab05362000 nmethod 18540 0x000001ab0cf36610 code [0x000001ab0cf36820, 0x000001ab0cf36f30]
Event: 70105.796 Thread 0x000001ab0533f000 nmethod 18535 0x000001ab14a24910 code [0x000001ab14a24bc0, 0x000001ab14a26a40]
Event: 70105.796 Thread 0x000001ab0533f000 18539       4       javax.swing.text.AbstractDocument::createLeafElement (14 bytes)
Event: 70105.797 Thread 0x000001ab0533f000 nmethod 18539 0x000001ab1466b210 code [0x000001ab1466b3c0, 0x000001ab1466b4e8]
Event: 70105.863 Thread 0x000001ab05361800 nmethod 18534 0x000001ab14a4b510 code [0x000001ab14a4b980, 0x000001ab14a51bc0]

GC Heap History (10 events):
Event: 45968.039 GC heap before
{Heap before GC invocations=102 (full 10):
 garbage-first heap   total 143360K, used 122986K [0x0000000700000000, 0x0000000700100460, 0x00000007c0000000)
  region size 1024K, 60 young (61440K), 1 survivors (1024K)
 Metaspace       used 77981K, capacity 79317K, committed 86140K, reserved 1124352K
  class space    used 10403K, capacity 10719K, committed 12156K, reserved 1048576K
}
Event: 45968.048 GC heap after
{Heap after GC invocations=103 (full 10):
 garbage-first heap   total 143360K, used 62580K [0x0000000700000000, 0x0000000700100460, 0x00000007c0000000)
  region size 1024K, 1 young (1024K), 1 survivors (1024K)
 Metaspace       used 77981K, capacity 79317K, committed 86140K, reserved 1124352K
  class space    used 10403K, capacity 10719K, committed 12156K, reserved 1048576K
}
Event: 69860.423 GC heap before
{Heap before GC invocations=103 (full 10):
 garbage-first heap   total 143360K, used 69748K [0x0000000700000000, 0x0000000700100460, 0x00000007c0000000)
  region size 1024K, 9 young (9216K), 1 survivors (1024K)
 Metaspace       used 77981K, capacity 79317K, committed 86140K, reserved 1124352K
  class space    used 10403K, capacity 10719K, committed 12156K, reserved 1048576K
}
Event: 69861.475 GC heap after
{Heap after GC invocations=104 (full 11):
 garbage-first heap   total 143360K, used 61289K [0x0000000700000000, 0x0000000700100460, 0x00000007c0000000)
  region size 1024K, 0 young (0K), 0 survivors (0K)
 Metaspace       used 77981K, capacity 79317K, committed 86140K, reserved 1124352K
  class space    used 10403K, capacity 10719K, committed 12156K, reserved 1048576K
}
Event: 70100.963 GC heap before
{Heap before GC invocations=104 (full 11):
 garbage-first heap   total 143360K, used 122729K [0x0000000700000000, 0x0000000700100460, 0x00000007c0000000)
  region size 1024K, 60 young (61440K), 0 survivors (0K)
 Metaspace       used 78004K, capacity 79317K, committed 86140K, reserved 1124352K
  class space    used 10403K, capacity 10719K, committed 12156K, reserved 1048576K
}
Event: 70101.031 GC heap after
{Heap after GC invocations=105 (full 11):
 garbage-first heap   total 143360K, used 62433K [0x0000000700000000, 0x0000000700100460, 0x00000007c0000000)
  region size 1024K, 2 young (2048K), 2 survivors (2048K)
 Metaspace       used 78004K, capacity 79317K, committed 86140K, reserved 1124352K
  class space    used 10403K, capacity 10719K, committed 12156K, reserved 1048576K
}
Event: 70102.332 GC heap before
{Heap before GC invocations=105 (full 11):
 garbage-first heap   total 143360K, used 121825K [0x0000000700000000, 0x0000000700100460, 0x00000007c0000000)
  region size 1024K, 60 young (61440K), 2 survivors (2048K)
 Metaspace       used 78014K, capacity 79317K, committed 86140K, reserved 1124352K
  class space    used 10403K, capacity 10719K, committed 12156K, reserved 1048576K
}
Event: 70102.343 GC heap after
{Heap after GC invocations=106 (full 11):
 garbage-first heap   total 143360K, used 61945K [0x0000000700000000, 0x0000000700100460, 0x00000007c0000000)
  region size 1024K, 1 young (1024K), 1 survivors (1024K)
 Metaspace       used 78014K, capacity 79317K, committed 86140K, reserved 1124352K
  class space    used 10403K, capacity 10719K, committed 12156K, reserved 1048576K
}
Event: 70103.820 GC heap before
{Heap before GC invocations=106 (full 11):
 garbage-first heap   total 143360K, used 122361K [0x0000000700000000, 0x0000000700100460, 0x00000007c0000000)
  region size 1024K, 60 young (61440K), 1 survivors (1024K)
 Metaspace       used 78018K, capacity 79317K, committed 86140K, reserved 1124352K
  class space    used 10403K, capacity 10719K, committed 12156K, reserved 1048576K
}
Event: 70103.856 GC heap after
{Heap after GC invocations=107 (full 11):
 garbage-first heap   total 143360K, used 62034K [0x0000000700000000, 0x0000000700100460, 0x00000007c0000000)
  region size 1024K, 1 young (1024K), 1 survivors (1024K)
 Metaspace       used 78018K, capacity 79317K, committed 86140K, reserved 1124352K
  class space    used 10403K, capacity 10719K, committed 12156K, reserved 1048576K
}

Deoptimization events (10 events):
Event: 70088.733 Thread 0x000001ab257d1800 Uncommon trap: reason=unstable_if action=reinterpret pc=0x000001ab1453c998 method=sun.java2d.pipe.AlphaPaintPipe.endSequence(Ljava/lang/Object;)V @ 56 c2
Event: 70088.773 Thread 0x000001ab257d1800 Uncommon trap: reason=null_check action=make_not_entrant pc=0x000001ab144f5b00 method=java.awt.Font.defaultLineMetrics(Ljava/awt/font/FontRenderContext;)Lsun/font/FontLineMetrics; @ 16 c2
Event: 70088.941 Thread 0x000001ab257d1800 Uncommon trap: reason=null_check action=make_not_entrant pc=0x000001ab14ff353c method=sun.font.FontUtilities.getCompositeFontUIResource(Ljava/awt/Font;)Ljavax/swing/plaf/FontUIResource; @ 76 c2
Event: 70089.051 Thread 0x000001ab257d1800 Uncommon trap: reason=null_check action=make_not_entrant pc=0x000001ab140bffec method=java.lang.Class.reflectionData()Ljava/lang/Class$ReflectionData; @ 18 c2
Event: 70100.392 Thread 0x000001ab257d1800 Uncommon trap: reason=unstable_if action=reinterpret pc=0x000001ab14a2b390 method=sun.util.locale.LocaleObjectCache.cleanStaleEntries()V @ 12 c2
Event: 70100.392 Thread 0x000001ab257d1800 Uncommon trap: reason=unstable_if action=reinterpret pc=0x000001ab14428b5c method=java.util.ResourceBundle.findBundle(Ljava/lang/Module;Ljava/lang/Module;Ljava/util/ResourceBundle$CacheKey;Ljava/util/List;Ljava/util/List;ILjava/util/ResourceBundle$Control
Event: 70100.493 Thread 0x000001ab257d1800 Uncommon trap: reason=null_check action=make_not_entrant pc=0x000001ab14c82a7c method=javax.swing.text.PlainView.getFPMethodOverridden(Ljava/lang/Class;Ljava/lang/String;Ljavax/swing/text/PlainView$FPMethodArgs;)Z @ 14 c2
Event: 70102.405 Thread 0x000001ab257d1800 Uncommon trap: reason=unstable_if action=reinterpret pc=0x000001ab14d58e84 method=de.javasoft.plaf.synthetica.painter.AnimationThreadFactory$AnimationThread.addComponent(Ljavax/swing/JComponent;Ljava/lang/String;II[Ljava/lang/String;ILjava/awt/Rectangle;)
Event: 70104.972 Thread 0x000001ab257d1800 Uncommon trap: reason=bimorphic_or_optimized_type_check action=maybe_recompile pc=0x000001ab14da43ec method=javax.swing.text.AbstractDocument.fireRemoveUpdate(Ljavax/swing/event/DocumentEvent;)V @ 39 c2
Event: 70105.683 Thread 0x000001ab257d1800 Uncommon trap: reason=bimorphic_or_optimized_type_check action=maybe_recompile pc=0x000001ab142f0600 method=javax.swing.text.PlainDocument.insertUpdate(Ljavax/swing/text/AbstractDocument$DefaultDocumentEvent;Ljavax/swing/text/AttributeSet;)V @ 15 c2

Classes redefined (0 events):
No events

Internal exceptions (10 events):
Event: 661.212 Thread 0x000001ab28409000 Exception <a 'java/lang/NoSuchMethodError'{0x000000070715bae0}: java.lang.invoke.DirectMethodHandle$Holder.invokeSpecial(Ljava/lang/Object;Ljava/lang/Object;IILjava/lang/Object;JJ)Ljava/lang/Object;> (0x000000070715bae0) thrown at [t:/workspace/hotspot/sr
Event: 661.212 Thread 0x000001ab28409000 Exception <a 'java/lang/NoSuchMethodError'{0x000000070715fb08}: java.lang.invoke.DelegatingMethodHandle$Holder.reinvoke_L(Ljava/lang/Object;IILjava/lang/Object;JJ)Ljava/lang/Object;> (0x000000070715fb08) thrown at [t:/workspace/hotspot/src/share/vm/interp
Event: 661.212 Thread 0x000001ab28409000 Exception <a 'java/lang/NoSuchMethodError'{0x0000000707181340}: method resolution failed> (0x0000000707181340) thrown at [t:/workspace/hotspot/src/share/vm/prims/methodHandles.cpp, line 1256]
Event: 43113.682 Thread 0x000001ab02e9b800 Implicit null exception at 0x000001ab1459588c to 0x000001ab14595919
Event: 70088.576 Thread 0x000001ab257d1800 Implicit null exception at 0x000001ab14d0c9e7 to 0x000001ab14d115e1
Event: 70088.709 Thread 0x000001ab257d1800 Implicit null exception at 0x000001ab14af6017 to 0x000001ab14af6a55
Event: 70088.773 Thread 0x000001ab257d1800 Implicit null exception at 0x000001ab144f50df to 0x000001ab144f5af1
Event: 70088.941 Thread 0x000001ab257d1800 Implicit null exception at 0x000001ab14ff1114 to 0x000001ab14ff352d
Event: 70089.051 Thread 0x000001ab257d1800 Implicit null exception at 0x000001ab140bf6cc to 0x000001ab140bffd5
Event: 70100.493 Thread 0x000001ab257d1800 Implicit null exception at 0x000001ab14c81ed6 to 0x000001ab14c82a71

Events (10 events):
Event: 70103.819 Executing VM operation: G1IncCollectionPause
Event: 70103.856 Executing VM operation: G1IncCollectionPause done
Event: 70104.972 Thread 0x000001ab257d1800 Uncommon trap: trap_request=0xffffffc6 fr.pc=0x000001ab14da43ec relative=0x000000000000030c
Event: 70104.972 Thread 0x000001ab257d1800 DEOPT PACKING pc=0x000001ab14da43ec sp=0x00000093305f92e0
Event: 70104.972 Thread 0x000001ab257d1800 DEOPT UNPACKING pc=0x000001ab0c5dda29 sp=0x00000093305f9270 mode 2
Event: 70105.313 Thread 0x000001ab2840d800 Thread added: 0x000001ab2840d800
Event: 70105.329 Thread 0x000001ab2840d800 Thread exited: 0x000001ab2840d800
Event: 70105.683 Thread 0x000001ab257d1800 Uncommon trap: trap_request=0xffffffc6 fr.pc=0x000001ab142f0600 relative=0x0000000000004de0
Event: 70105.683 Thread 0x000001ab257d1800 DEOPT PACKING pc=0x000001ab142f0600 sp=0x00000093305f8f50
Event: 70105.683 Thread 0x000001ab257d1800 DEOPT UNPACKING pc=0x000001ab0c5dda29 sp=0x00000093305f8f48 mode 2


Dynamic libraries:
0x00007ff690cf0000 - 0x00007ff690d20000 	D:\XILINX2019\Vivado\2019.1\bin\unwrapped\win64.o\vivado.exe
0x00007ffcb5370000 - 0x00007ffcb5584000 	C:\WINDOWS\SYSTEM32\ntdll.dll
0x00007ffcb3ed0000 - 0x00007ffcb3f93000 	C:\WINDOWS\System32\KERNEL32.DLL
0x00007ffcb2ae0000 - 0x00007ffcb2e7c000 	C:\WINDOWS\System32\KERNELBASE.dll
0x00007ffcb29c0000 - 0x00007ffcb2ad1000 	C:\WINDOWS\System32\ucrtbase.dll
0x00007ffc46020000 - 0x00007ffc460ad000 	C:\WINDOWS\SYSTEM32\MSVCP140.dll
0x00007ffc460b0000 - 0x00007ffc460cb000 	C:\WINDOWS\SYSTEM32\VCRUNTIME140.dll
0x00007ffc98150000 - 0x00007ffc9815c000 	C:\WINDOWS\SYSTEM32\VCRUNTIME140_1.dll
0x00007ffc45e00000 - 0x00007ffc45e14000 	D:\XILINX2019\Vivado\2019.1\lib\win64.o\librdi_commonmain.dll
0x00007ffc45de0000 - 0x00007ffc45df4000 	D:\XILINX2019\Vivado\2019.1\lib\win64.o\libboost_signals.dll
0x00007ffc673c0000 - 0x00007ffc673ca000 	D:\XILINX2019\Vivado\2019.1\lib\win64.o\librdi_commonversion.dll
0x00007ffc45db0000 - 0x00007ffc45dd6000 	D:\XILINX2019\Vivado\2019.1\lib\win64.o\libboost_filesystem.dll
0x00007ffcb4790000 - 0x00007ffcb483e000 	C:\WINDOWS\System32\ADVAPI32.dll
0x00007ffcb5060000 - 0x00007ffcb5107000 	C:\WINDOWS\System32\msvcrt.dll
0x00007ffcb40c0000 - 0x00007ffcb4164000 	C:\WINDOWS\System32\sechost.dll
0x00007ffcb3fa0000 - 0x00007ffcb40b5000 	C:\WINDOWS\System32\RPCRT4.dll
0x00007ffc45c80000 - 0x00007ffc45da1000 	D:\XILINX2019\Vivado\2019.1\lib\win64.o\librdi_commonxillic.dll
0x00007ffcb37f0000 - 0x00007ffcb399d000 	C:\WINDOWS\System32\USER32.dll
0x00007ffcb2990000 - 0x00007ffcb29b6000 	C:\WINDOWS\System32\win32u.dll
0x00007ffcb3e50000 - 0x00007ffcb3e79000 	C:\WINDOWS\System32\GDI32.dll
0x00007ffcb3060000 - 0x00007ffcb3173000 	C:\WINDOWS\System32\gdi32full.dll
0x00007ffcb2e80000 - 0x00007ffcb2f1a000 	C:\WINDOWS\System32\msvcp_win.dll
0x000000005e6b0000 - 0x000000005e7db000 	D:\XILINX2019\Vivado\2019.1\lib\win64.o\tcl85t.dll
0x00007ffcb3aa0000 - 0x00007ffcb3b11000 	C:\WINDOWS\System32\WS2_32.dll
0x00007ffc4e7f0000 - 0x00007ffc4e7fb000 	D:\XILINX2019\Vivado\2019.1\lib\win64.o\libboost_system.dll
0x00007ffc459a0000 - 0x00007ffc45c78000 	D:\XILINX2019\Vivado\2019.1\lib\win64.o\libXil_lmgr11.dll
0x00007ffcb39a0000 - 0x00007ffcb3a97000 	C:\WINDOWS\System32\COMDLG32.dll
0x00007ffcb3460000 - 0x00007ffcb37e9000 	C:\WINDOWS\System32\combase.dll
0x00007ffcb3330000 - 0x00007ffcb3421000 	C:\WINDOWS\System32\shcore.dll
0x00007ffcb42b0000 - 0x00007ffcb430e000 	C:\WINDOWS\System32\SHLWAPI.dll
0x00007ffcb4860000 - 0x00007ffcb5050000 	C:\WINDOWS\System32\SHELL32.dll
0x00007ffcb3ba0000 - 0x00007ffcb3c77000 	C:\WINDOWS\System32\OLEAUT32.dll
0x00007ffcb3190000 - 0x00007ffcb332c000 	C:\WINDOWS\System32\ole32.dll
0x00007ffcb27b0000 - 0x00007ffcb281b000 	C:\WINDOWS\System32\WINTRUST.dll
0x00007ffcb2820000 - 0x00007ffcb2986000 	C:\WINDOWS\System32\CRYPT32.dll
0x00007ffc45880000 - 0x00007ffc45994000 	D:\XILINX2019\Vivado\2019.1\lib\win64.o\libboost_regex.dll
0x00007ffc9a120000 - 0x00007ffc9a139000 	C:\WINDOWS\SYSTEM32\NETAPI32.dll
0x00007ffc84fc0000 - 0x00007ffc85073000 	C:\WINDOWS\WinSxS\amd64_microsoft.windows.common-controls_6595b64144ccf1df_5.82.22621.608_none_fb280a3c7926c2cc\COMCTL32.dll
0x00007ffc4e310000 - 0x00007ffc4e319000 	C:\WINDOWS\SYSTEM32\WSOCK32.dll
0x00007ffca7cf0000 - 0x00007ffca7d0f000 	C:\WINDOWS\SYSTEM32\dhcpcsvc.DLL
0x00007ffc44990000 - 0x00007ffc45872000 	D:\XILINX2019\Vivado\2019.1\lib\win64.o\librdi_common.dll
0x00007ffc44620000 - 0x00007ffc4498e000 	D:\XILINX2019\Vivado\2019.1\lib\win64.o\libCOIN-all.dll
0x00007ffc44600000 - 0x00007ffc44614000 	D:\XILINX2019\Vivado\2019.1\lib\win64.o\libboost_date_time.dll
0x00007ffc44580000 - 0x00007ffc445ff000 	D:\XILINX2019\Vivado\2019.1\lib\win64.o\libboost_program_options.dll
0x00007ffc44570000 - 0x00007ffc4457f000 	D:\XILINX2019\Vivado\2019.1\lib\win64.o\libboost_xilinx.dll
0x00007ffc44540000 - 0x00007ffc44561000 	D:\XILINX2019\Vivado\2019.1\lib\win64.o\libboost_thread.dll
0x00007ffc444b0000 - 0x00007ffc44532000 	D:\XILINX2019\Vivado\2019.1\lib\win64.o\libhdlpsolve.dll
0x00007ffc44400000 - 0x00007ffc444a5000 	D:\XILINX2019\Vivado\2019.1\lib\win64.o\libhdxml.dll
0x00007ffc443d0000 - 0x00007ffc443fe000 	D:\XILINX2019\Vivado\2019.1\lib\win64.o\libisl_sysinfo.dll
0x00007ffc44360000 - 0x00007ffc443c5000 	D:\XILINX2019\Vivado\2019.1\lib\win64.o\liblmx6.0.dll
0x00007ffc44340000 - 0x00007ffc4435a000 	D:\XILINX2019\Vivado\2019.1\lib\win64.o\pthreadVC2.dll
0x00007ffc44320000 - 0x00007ffc4433c000 	D:\XILINX2019\Vivado\2019.1\lib\win64.o\librdiconfig.dll
0x00007ffc442f0000 - 0x00007ffc44311000 	D:\XILINX2019\Vivado\2019.1\lib\win64.o\librdizlib.dll
0x00007ffc98a50000 - 0x00007ffc98f44000 	C:\WINDOWS\SYSTEM32\WININET.dll
0x00007ffca7d30000 - 0x00007ffca7e5f000 	C:\WINDOWS\SYSTEM32\WINHTTP.dll
0x00007ffc9fdb0000 - 0x00007ffc9ffa0000 	C:\WINDOWS\SYSTEM32\urlmon.dll
0x00007ffc43450000 - 0x00007ffc442e1000 	D:\XILINX2019\Vivado\2019.1\lib\win64.o\gurobi65.dll
0x00007ffc43410000 - 0x00007ffc43441000 	C:\WINDOWS\SYSTEM32\VCOMP140.DLL
0x00007ffc43400000 - 0x00007ffc4340d000 	D:\XILINX2019\Vivado\2019.1\lib\win64.o\libboost_chrono.dll
0x00007ffc9f8e0000 - 0x00007ffc9fb91000 	C:\WINDOWS\SYSTEM32\iertutil.dll
0x00007ffc9fd80000 - 0x00007ffc9fda8000 	C:\WINDOWS\SYSTEM32\srvcli.dll
0x00007ffcb12d0000 - 0x00007ffcb12dc000 	C:\WINDOWS\SYSTEM32\netutils.dll
0x0000000012000000 - 0x0000000012270000 	D:\XILINX2019\Vivado\2019.1\lib\win64.o\xerces-c_3_1.dll
0x00007ffc42850000 - 0x00007ffc433ff400 	D:\XILINX2019\Vivado\2019.1\lib\win64.o\libisl_iostreams.dll
0x00007ffc42820000 - 0x00007ffc42845000 	D:\XILINX2019\Vivado\2019.1\lib\win64.o\libisl_iosutils.dll
0x00007ffc42800000 - 0x00007ffc4281b000 	D:\XILINX2019\Vivado\2019.1\lib\win64.o\libboost_iostreams.dll
0x00007ffcb5110000 - 0x00007ffcb5141000 	C:\WINDOWS\System32\IMM32.DLL
0x00007ffcb1f30000 - 0x00007ffcb1f42000 	C:\WINDOWS\SYSTEM32\MSASN1.dll
0x00007ffcb1800000 - 0x00007ffcb1818000 	C:\WINDOWS\SYSTEM32\kernel.appcore.dll
0x00007ffc422e0000 - 0x00007ffc427f7000 	D:\XILINX2019\Vivado\2019.1\lib\win64.o\librdi_commontasks.dll
0x00007ffcaa1e0000 - 0x00007ffcaa1ea000 	C:\WINDOWS\SYSTEM32\VERSION.dll
0x00007ffc42050000 - 0x00007ffc422d6000 	D:\XILINX2019\Vivado\2019.1\lib\win64.o\librdi_sio.dll
0x00007ffcb1320000 - 0x00007ffcb134d000 	C:\WINDOWS\SYSTEM32\IPHLPAPI.DLL
0x000000005dc80000 - 0x000000005e6a5000 	D:\XILINX2019\Vivado\2019.1\tps\win64\jre9.0.4\bin\server\jvm.dll
0x00007ffcb3e40000 - 0x00007ffcb3e48000 	C:\WINDOWS\System32\PSAPI.DLL
0x00007ffcaa1a0000 - 0x00007ffcaa1d4000 	C:\WINDOWS\SYSTEM32\WINMM.dll
0x00007ffc41f60000 - 0x00007ffc4204f000 	C:\WINDOWS\SYSTEM32\MSVCR120.dll
0x00007ffcb1c70000 - 0x00007ffcb1cd9000 	C:\WINDOWS\SYSTEM32\MSWSOCK.DLL
0x00007ffcb07c0000 - 0x00007ffcb108e000 	C:\WINDOWS\SYSTEM32\windows.storage.dll
0x00007ffcb0680000 - 0x00007ffcb07be000 	C:\WINDOWS\SYSTEM32\wintypes.dll
0x00007ffc3faa0000 - 0x00007ffc41f5c000 	D:\XILINX2019\Vivado\2019.1\lib\win64.o\librdi_tcltasks.dll
0x00007ffc3f9b0000 - 0x00007ffc3fa9b000 	D:\XILINX2019\Vivado\2019.1\lib\win64.o\librdi_chipscope.dll
0x00007ffc3f5a0000 - 0x00007ffc3f9a8000 	D:\XILINX2019\Vivado\2019.1\lib\win64.o\librdi_bitstream.dll
0x00007ffc3f520000 - 0x00007ffc3f598000 	D:\XILINX2019\Vivado\2019.1\lib\win64.o\librdi_boarddep.dll
0x00007ffc3f380000 - 0x00007ffc3f511000 	D:\XILINX2019\Vivado\2019.1\lib\win64.o\librdi_board.dll
0x00007ffc3f1c0000 - 0x00007ffc3f37d000 	D:\XILINX2019\Vivado\2019.1\lib\win64.o\librdi_chipscopeimpl.dll
0x00007ffc3f060000 - 0x00007ffc3f1b6000 	D:\XILINX2019\Vivado\2019.1\lib\win64.o\librdi_containers.dll
0x00007ffc3d670000 - 0x00007ffc3f05a000 	D:\XILINX2019\Vivado\2019.1\lib\win64.o\librdi_constraints.dll
0x00007ffc39620000 - 0x00007ffc3d663000 	D:\XILINX2019\Vivado\2019.1\lib\win64.o\librdi_designutils.dll
0x00007ffc37760000 - 0x00007ffc39611000 	D:\XILINX2019\Vivado\2019.1\lib\win64.o\librdi_coregen.dll
0x00007ffc37440000 - 0x00007ffc3775e000 	D:\XILINX2019\Vivado\2019.1\lib\win64.o\librdi_dlyest.dll
0x00007ffc36ea0000 - 0x00007ffc3743a000 	D:\XILINX2019\Vivado\2019.1\lib\win64.o\librdi_drc.dll
0x00007ffc367c0000 - 0x00007ffc36e9a000 	D:\XILINX2019\Vivado\2019.1\lib\win64.o\librdi_coregenipxact.dll
0x00007ffc366f0000 - 0x00007ffc367b4000 	D:\XILINX2019\Vivado\2019.1\lib\win64.o\librdi_dsp.dll
0x00007ffc36400000 - 0x00007ffc366e3000 	D:\XILINX2019\Vivado\2019.1\lib\win64.o\librdi_guitools.dll
0x00007ffc36390000 - 0x00007ffc363f5000 	D:\XILINX2019\Vivado\2019.1\lib\win64.o\librdi_hdf.dll
0x00007ffc34dd0000 - 0x00007ffc36390000 	D:\XILINX2019\Vivado\2019.1\lib\win64.o\librdi_implflow.dll
0x00007ffc229a0000 - 0x00007ffc34dcc000 	D:\XILINX2019\Vivado\2019.1\lib\win64.o\librdi_device.dll
0x00007ffc22380000 - 0x00007ffc22995000 	D:\XILINX2019\Vivado\2019.1\lib\win64.o\librdi_memdata.dll
0x00007ffc21d30000 - 0x00007ffc2237d000 	D:\XILINX2019\Vivado\2019.1\lib\win64.o\librdi_filemgmt.dll
0x00007ffc21cb0000 - 0x00007ffc21d23000 	D:\XILINX2019\Vivado\2019.1\lib\win64.o\librdi_memoryarray.dll
0x00007ffc21c60000 - 0x00007ffc21cab000 	D:\XILINX2019\Vivado\2019.1\lib\win64.o\librdi_pfi.dll
0x00007ffc215b0000 - 0x00007ffc21c52000 	D:\XILINX2019\Vivado\2019.1\lib\win64.o\librdi_netlist.dll
0x00007ffc1e8c0000 - 0x00007ffc215a6000 	D:\XILINX2019\Vivado\2019.1\lib\win64.o\librdi_mig.dll
0x00007ffc1e170000 - 0x00007ffc1e8ba000 	D:\XILINX2019\Vivado\2019.1\lib\win64.o\librdi_power.dll
0x00007ffc1de60000 - 0x00007ffc1e16f000 	D:\XILINX2019\Vivado\2019.1\lib\win64.o\librdi_platform.dll
0x00007ffc1d750000 - 0x00007ffc1de56000 	D:\XILINX2019\Vivado\2019.1\lib\win64.o\librdi_rsb.dll
0x00007ffc1b0d0000 - 0x00007ffc1d746000 	D:\XILINX2019\Vivado\2019.1\lib\win64.o\librdi_place.dll
0x00007ffc1a750000 - 0x00007ffc1accf000 	D:\XILINX2019\Vivado\2019.1\lib\win64.o\librdi_project.dll
0x00007ffc1acd0000 - 0x00007ffc1b0c1000 	D:\XILINX2019\Vivado\2019.1\lib\win64.o\librdi_runs.dll
0x00007ffc1a650000 - 0x00007ffc1a74a000 	D:\XILINX2019\Vivado\2019.1\lib\win64.o\librdi_runsbase.dll
0x00007ffc19f40000 - 0x00007ffc1a649000 	D:\XILINX2019\Vivado\2019.1\lib\win64.o\librdi_psta.dll
0x00007ffc19ce0000 - 0x00007ffc19f36000 	D:\XILINX2019\Vivado\2019.1\lib\win64.o\librdi_simdata.dll
0x00007ffc19b60000 - 0x00007ffc19cd2000 	D:\XILINX2019\Vivado\2019.1\lib\win64.o\librdi_advchipscopeimpl.dll
0x00007ffc19b10000 - 0x00007ffc19b5c000 	D:\XILINX2019\Vivado\2019.1\lib\win64.o\libboost_serialization.dll
0x00007ffc19a40000 - 0x00007ffc19b02000 	D:\XILINX2019\Vivado\2019.1\lib\win64.o\librdi_ipconfig_readwrite.dll
0x00007ffc198a0000 - 0x00007ffc19a3f000 	D:\XILINX2019\Vivado\2019.1\lib\win64.o\librdi_hip_devdesign.dll
0x00007ffc18a80000 - 0x00007ffc19891000 	D:\XILINX2019\Vivado\2019.1\lib\win64.o\librdi_timing.dll
0x00007ffc18a30000 - 0x00007ffc18a73000 	D:\XILINX2019\Vivado\2019.1\lib\win64.o\librdi_noc_frameworks.dll
0x00007ffc184e0000 - 0x00007ffc18a2e000 	D:\XILINX2019\Vivado\2019.1\lib\win64.o\librdi_xdm.dll
0x00007ffc180f0000 - 0x00007ffc184d5000 	D:\XILINX2019\Vivado\2019.1\lib\win64.o\librdi_hip_config.dll
0x00007ffc18050000 - 0x00007ffc180ee000 	D:\XILINX2019\Vivado\2019.1\lib\win64.o\libise.dll
0x00007ffc18010000 - 0x00007ffc18050000 	D:\XILINX2019\Vivado\2019.1\lib\win64.o\librdi_wavedata_SimpleApi.dll
0x00007ffc16e80000 - 0x00007ffc1800d000 	D:\XILINX2019\Vivado\2019.1\lib\win64.o\librdi_route.dll
0x00007ffc16e40000 - 0x00007ffc16e7f000 	D:\XILINX2019\Vivado\2019.1\lib\win64.o\librdi_schedmon.dll
0x00007ffc162f0000 - 0x00007ffc16e37000 	D:\XILINX2019\Vivado\2019.1\lib\win64.o\libverific.dll
0x00007ffc13ae0000 - 0x00007ffc15aad000 	D:\XILINX2019\Vivado\2019.1\lib\win64.o\librdi_synth.dll
0x00007ffc13a50000 - 0x00007ffc13ad8000 	D:\XILINX2019\Vivado\2019.1\lib\win64.o\librdi_meir_core.dll

VM Arguments:
jvm_args: -Dsun.java2d.pmoffscreen=false -Dsun.java2d.xrender=false -Dsun.java2d.d3d=false -Dsun.awt.nopixfmt=true -Dsun.java2d.dpiaware=true -Dsun.java2d.uiScale.enabled=false -Xverify:none -Dswing.aatext=true -XX:-UsePerfData -Djdk.map.althashing.threshold=512 -XX:StringTableSize=4072 --add-opens=java.base/java.nio=ALL-UNNAMED --add-opens=java.desktop/sun.swing=ALL-UNNAMED --add-opens=java.desktop/javax.swing=ALL-UNNAMED --add-opens=java.desktop/javax.swing.tree=ALL-UNNAMED --add-opens=java.desktop/javax.swing.plaf.basic=ALL-UNNAMED --add-opens=java.desktop/javax.swing.plaf.synth=ALL-UNNAMED --add-opens=java.desktop/com.sun.awt=ALL-UNNAMED -XX:NewSize=60m -XX:MaxNewSize=60m -Xms128m -Xmx3072m -Xss5m 
java_command: <unknown>
java_class_path (initial): D:/XILINX2019/Vivado/2019.1\lib\classes\alloy.jar;D:/XILINX2019/Vivado/2019.1\lib\classes\autopilot.scelaborator.jar;D:/XILINX2019/Vivado/2019.1\lib\classes\autopilot.sourceprocessor.jar;D:/XILINX2019/Vivado/2019.1\lib\classes\autopilot.tbprocessor.jar;D:/XILINX2019/Vivado/2019.1\lib\classes\batik-anim.jar;D:/XILINX2019/Vivado/2019.1\lib\classes\batik-awt-util.jar;D:/XILINX2019/Vivado/2019.1\lib\classes\batik-bridge.jar;D:/XILINX2019/Vivado/2019.1\lib\classes\batik-codec.jar;D:/XILINX2019/Vivado/2019.1\lib\classes\batik-css.jar;D:/XILINX2019/Vivado/2019.1\lib\classes\batik-dom.jar;D:/XILINX2019/Vivado/2019.1\lib\classes\batik-ext.jar;D:/XILINX2019/Vivado/2019.1\lib\classes\batik-gui-util.jar;D:/XILINX2019/Vivado/2019.1\lib\classes\batik-gvt.jar;D:/XILINX2019/Vivado/2019.1\lib\classes\batik-parser.jar;D:/XILINX2019/Vivado/2019.1\lib\classes\batik-script.jar;D:/XILINX2019/Vivado/2019.1\lib\classes\batik-svg-dom.jar;D:/XILINX2019/Vivado/2019.1\lib\classes\batik-swing.jar;D:/XILINX2019/Vivado/2019.1\lib\classes\batik-transcoder.jar;D:/XILINX2019/Vivado/2019.1\lib\classes\batik-util.jar;D:/XILINX2019/Vivado/2019.1\lib\classes\batik-xml.jar;D:/XILINX2019/Vivado/2019.1\lib\classes\com.google.gson_2.7.0.v20170129-0911.jar;D:/XILINX2019/Vivado/2019.1\lib\classes\com.google.guava_21.0.0.v20170206-1425.jar;D:/XILINX2019/Vivado/2019.1\lib\classes\com.google.inject_3.0.0.v201605172100.jar;D:/XILINX2019/Vivado/2019.1\lib\classes\com.ibm.icu_4.4.2.v20110208.jar;D:/XILINX2019/Vivado/2019.1\lib\classes\com.sigasi.hdt.annotations.runtime_4.3.0.201903071210.jar;D:/XILINX2019/Vivado/2019.1\lib\classes\com.sigasi.hdt.blockdiagram.model_4.3.0.201903071210.jar;D:/XILINX2019/Vivado/2019.1\lib\classes\com.sigasi.hdt.connection_4.3.0.201903071210.jar;D:/XILINX2019/Vivado/2019.1\lib\classes\com.sigasi.hdt.dependencies.model_4.3.0.201903071210.jar;D:/XILINX2019/Vivado/2019.1\lib\classes\com.sigasi.hdt.epl_4.3.0.201903071210.jar;D:/XILINX2019/Vivado/2019.1\lib\class
Launcher Type: generic

Logging:
Log output configuration:
#0: stdout all=warning uptime,level,tags
#1: stderr all=off uptime,level,tags

Environment Variables:
PATH=D:/XILINX2019/Vivado/2019.1/bin;D:/XILINX2019/Vivado/2019.1/lib/win64.o;D:/XILINX2019/Vivado/2019.1/tps/win64/jre9.0.4/bin/server;D:/XILINX2019/Vivado/2019.1/tps/win64/jre9.0.4/bin;D:/XILINX2019/SDK/2019.1/bin;D:/XILINX2019/Vivado/2019.1/ids_lite/ISE/bin/nt64;D:/XILINX2019/Vivado/2019.1/ids_lite/ISE/lib/nt64;C:\WinAVR-20090313\bin;C:\WinAVR-20090313\utils\bin;C:\Program Files (x86)\Common Files\Oracle\Java\javapath;C:\WINDOWS\system32;C:\WINDOWS;C:\WINDOWS\System32\Wbem;C:\WINDOWS\System32\WindowsPowerShell\v1.0\;C:\WINDOWS\System32\OpenSSH\;D:\kuliah\software kuliahh\MATLAB\runtime\win64;D:\kuliah\software kuliahh\MATLAB\bin;D:\kuliah\software kuliahh\MATLAB\polyspace\bin;C:\Program Files (x86)\IVI Foundation\VISA\WinNT\Bin\;C:\Program Files\IVI Foundation\VISA\Win64\Bin\;C:\Program Files (x86)\National Instruments\Shared\LabVIEW CLI;C:\Program Files\PuTTY\;C:\Wincupl\WINCUPL\EXE;C:\Wincupl\WINCUPL\FITTERS;%USERPROFILE%\AppData\Local\Microsoft\WindowsApps;;D:/XILINX2019/Vivado/2019.1\tps\mingw\6.2.0\win64.o\nt\bin;D:/XILINX2019/Vivado/2019.1\tps\mingw\6.2.0\win64.o\nt\libexec\gcc\x86_64-w64-mingw32\6.2.0;D:/XILINX2019/Vivado/2019.1\tps\win64\python-2.7.5;D:/XILINX2019/Vivado/2019.1\tps\win64\python-2.7.5\lib;D:/XILINX2019/Vivado/2019.1\tps\win64\python-2.7.5\Lib\lib-tk;D:/XILINX2019/Vivado/2019.1\tps\win64\python-2.7.5\lib\site-packages
USERNAME=IMAM W
OS=Windows_NT
PROCESSOR_IDENTIFIER=AMD64 Family 23 Model 24 Stepping 1, AuthenticAMD



---------------  S Y S T E M  ---------------

OS: Windows 10 , 64 bit Build 22621 (10.0.22621.1344)

CPU:total 4 (initial active 4) (4 cores per cpu, 1 threads per core) family 23 model 24 stepping 1, cmov, cx8, fxsr, mmx, sse, sse2, sse3, ssse3, sse4.1, sse4.2, popcnt, avx, avx2, aes, clmul, mmxext, 3dnowpref, lzcnt, sse4a, tsc, tscinvbit, tscinv, bmi1

Memory: 4k page, physical 6203416k(1502292k free), swap 22456344k(12346168k free)

vm_info: Java HotSpot(TM) 64-Bit Server VM (9.0.4+11) for windows-amd64 JRE (9.0.4+11), built on Dec 20 2017 02:18:54 by "mach5one" with MS VC++ 12.0 (VS2013)

END.
