#
# A fatal error has been detected by the Java Runtime Environment:
#
#  EXCEPTION_ACCESS_VIOLATION (0xc0000005) at pc=0x00007ffdfa6fb760, pid=3476, tid=4196
#
# JRE version: Java(TM) SE Runtime Environment (9.0+11) (build 9.0.4+11)
# Java VM: Java HotSpot(TM) 64-Bit Server VM (9.0.4+11, mixed mode, tiered, compressed oops, g1 gc, windows-amd64)
# Problematic frame:
# C  0x00007ffdfa6fb760
#
# No core dump will be written. Minidumps are not enabled by default on client versions of Windows
#
# If you would like to submit a bug report, please visit:
#   http://bugreport.java.com/bugreport/crash.jsp
# The crash happened outside the Java Virtual Machine in native code.
# See problematic frame for where to report the bug.
#

---------------  S U M M A R Y ------------

Command Line: -Dsun.java2d.pmoffscreen=false -Dsun.java2d.xrender=false -Dsun.java2d.d3d=false -Dsun.awt.nopixfmt=true -Dsun.java2d.dpiaware=true -Dsun.java2d.uiScale.enabled=false -Xverify:none -Dswing.aatext=true -XX:-UsePerfData -Djdk.map.althashing.threshold=512 -XX:StringTableSize=4072 --add-opens=java.base/java.nio=ALL-UNNAMED --add-opens=java.desktop/sun.swing=ALL-UNNAMED --add-opens=java.desktop/javax.swing=ALL-UNNAMED --add-opens=java.desktop/javax.swing.tree=ALL-UNNAMED --add-opens=java.desktop/javax.swing.plaf.basic=ALL-UNNAMED --add-opens=java.desktop/javax.swing.plaf.synth=ALL-UNNAMED --add-opens=java.desktop/com.sun.awt=ALL-UNNAMED -XX:NewSize=60m -XX:MaxNewSize=60m -Xms128m -Xmx3072m -Xss5m 

Host: AMD Ryzen 3 3200U with Radeon Vega Mobile Gfx  , 4 cores, 5G,  Windows 10 , 64 bit Build 22621 (10.0.22621.1194)
Time: Thu Mar 02 14:12:20 2023 SE Asia Standard Time elapsed time: 10976 seconds (0d 3h 2m 56s)

---------------  T H R E A D  ---------------

Current thread (0x000001e011383800):  JavaThread "AWT-EventQueue-0" [_thread_in_native, id=4196, stack(0x000000d0e6a00000,0x000000d0e6f00000)]

Stack: [0x000000d0e6a00000,0x000000d0e6f00000],  sp=0x000000d0e6efd020,  free space=5108k
Native frames: (J=compiled Java code, j=interpreted, Vv=VM code, C=native code)
C  0x00007ffdfa6fb760
C  0x000001e0087643d2

Java frames: (J=compiled Java code, j=interpreted, Vv=VM code)
J 16150  ui.data.labtools.lthwdatai.LTDParamObj_getParam(JLjava/lang/String;)Ljava/lang/String; (0 bytes) @ 0x000001e008764335 [0x000001e0087642e0+0x0000000000000055]
J 20752 c2 ui.views.v.f.e.fNR()V (401 bytes) @ 0x000001e008d86324 [0x000001e008d85e00+0x0000000000000524]
J 18650 c1 ui.views.v.f.e.fJR()V (71 bytes) @ 0x000001e001deef9c [0x000001e001deeba0+0x00000000000003fc]
J 18524 c1 ui.views.v.a.d.e.dqo()V (5 bytes) @ 0x000001e001b9f0ac [0x000001e001b9eee0+0x00000000000001cc]
j  ui.views.v.a.d.e$$Lambda$276.run()V+4
J 18927 c2 java.awt.EventQueue$3.run()Ljava/lang/Object; java.desktop@9.0.4 (5 bytes) @ 0x000001e007f66644 [0x000001e007f66100+0x0000000000000544]
v  ~StubRoutines::call_stub
J 3910  java.security.AccessController.doPrivileged(Ljava/security/PrivilegedAction;Ljava/security/AccessControlContext;)Ljava/lang/Object; java.base@9.0.4 (0 bytes) @ 0x000001e007b04cc6 [0x000001e007b04c60+0x0000000000000066]
J 19464 c2 ui.frmwork.b.d.dispatchEvent(Ljava/awt/AWTEvent;)V (34 bytes) @ 0x000001e008b34efc [0x000001e008b34900+0x00000000000005fc]
J 18641 c2 java.awt.EventDispatchThread.pumpOneEventForFilters(I)V java.desktop@9.0.4 (218 bytes) @ 0x000001e0089d6d18 [0x000001e0089d68a0+0x0000000000000478]
J 20748% c2 java.awt.EventDispatchThread.pumpEventsForFilter(ILjava/awt/Conditional;Ljava/awt/EventFilter;)V java.desktop@9.0.4 (47 bytes) @ 0x000001e008d84878 [0x000001e008d84760+0x0000000000000118]
j  java.awt.EventDispatchThread.pumpEventsForHierarchy(ILjava/awt/Conditional;Ljava/awt/Component;)V+11 java.desktop@9.0.4
j  java.awt.EventDispatchThread.pumpEvents(ILjava/awt/Conditional;)V+4 java.desktop@9.0.4
j  java.awt.EventDispatchThread.pumpEvents(Ljava/awt/Conditional;)V+3 java.desktop@9.0.4
j  java.awt.EventDispatchThread.run()V+9 java.desktop@9.0.4
v  ~StubRoutines::call_stub

siginfo: EXCEPTION_ACCESS_VIOLATION (0xc0000005), reading address 0xffffffffffffffff


Register to memory mapping:

RIP=0x00007ffdfa6fb760 is an unknown value
RAX=0x34000000bebafeca is an unknown value
RBX=0x0000000000000000 is an unknown value
RCX=0x000001e05ac13390 is an unknown value
RDX=0x000000d0e6efd0e0 is pointing into the stack for thread: 0x000001e011383800
RSP=0x000000d0e6efd020 is pointing into the stack for thread: 0x000001e011383800
RBP=0x000000d0e6efd1f0 is pointing into the stack for thread: 0x000001e011383800
RSI=0x000001e011383a18 is an unknown value
RDI=0x000001e01d9b92f0 is an unknown value
R8 =0x000000d0e6efd100 is pointing into the stack for thread: 0x000001e011383800
R9 =0x000001e06b6de690 is an unknown value
R10=0x0000000000000003 is an unknown value
R11=0x000000d0e6efcf50 is pointing into the stack for thread: 0x000001e011383800
R12=0x000000d0e6efd1b8 is pointing into the stack for thread: 0x000001e011383800
R13=0x000001e05ac13390 is an unknown value
R14=0x0000000000000000 is an unknown value
R15=0x0000000000000000 is an unknown value


Registers:
RAX=0x34000000bebafeca, RBX=0x0000000000000000, RCX=0x000001e05ac13390, RDX=0x000000d0e6efd0e0
RSP=0x000000d0e6efd020, RBP=0x000000d0e6efd1f0, RSI=0x000001e011383a18, RDI=0x000001e01d9b92f0
R8 =0x000000d0e6efd100, R9 =0x000001e06b6de690, R10=0x0000000000000003, R11=0x000000d0e6efcf50
R12=0x000000d0e6efd1b8, R13=0x000001e05ac13390, R14=0x0000000000000000, R15=0x0000000000000000
RIP=0x00007ffdfa6fb760, EFLAGS=0x0000000000010246

Top of Stack: (sp=0x000000d0e6efd020)
0x000000d0e6efd020:   0000000000000000 000001e011383a18
0x000000d0e6efd030:   000000d0e6efd1b8 00007ffeabe2b1e1
0x000000d0e6efd040:   000001e011383a18 fffffffffffffffe
0x000000d0e6efd050:   000000d0e6efd1f0 0000000000000000
0x000000d0e6efd060:   0000000000000000 000001e011383800
0x000000d0e6efd070:   000001e06c522320 00007ffea9a737eb
0x000000d0e6efd080:   000001e01d9b0000 000001e011383a18
0x000000d0e6efd090:   0000000000000000 0000000000000007
0x000000d0e6efd0a0:   000000d0e6efd1e0 00007ffdfa6f5870
0x000000d0e6efd0b0:   000001e01d9b9400 000000d000000000
0x000000d0e6efd0c0:   000001e011383a00 0000000000000000
0x000000d0e6efd0d0:   0000000000000000 000000000000000f
0x000000d0e6efd0e0:   0000000000000001 000001e008d60974
0x000000d0e6efd0f0:   000001e06465f758 00000000e015c112
0x000000d0e6efd100:   0000000703110600 0000000703361f78
0x000000d0e6efd110:   0000000000000000 000000000000000f 

Instructions: (pc=0x00007ffdfa6fb760)
0x00007ffdfa6fb740:   24 60 ff 15 f0 b4 19 00 90 49 8b 45 00 4c 8d 84
0x00007ffdfa6fb750:   24 e0 00 00 00 48 8d 94 24 c0 00 00 00 49 8b cd
0x00007ffdfa6fb760:   ff 50 30 48 8b d0 48 8d 8c 24 a0 00 00 00 e8 2d
0x00007ffdfa6fb770:   e8 cb ff 48 8b 84 24 d8 00 00 00 48 83 f8 10 72 



---------------  P R O C E S S  ---------------

Java Threads: ( => current thread )
  0x000001e01148d000 JavaThread "Close Hardware Target" [_thread_blocked, id=15332, stack(0x000000d0e7e00000,0x000000d0e8300000)]
  0x000001e011490800 JavaThread "Thread-4443" [_thread_in_native, id=5252, stack(0x000000d0e6700000,0x000000d0e6800000)]
  0x000001e011494800 JavaThread "SyntheticaAnimation 50" daemon [_thread_blocked, id=5180, stack(0x000000d0eba00000,0x000000d0ebf00000)]
  0x000001e011491800 JavaThread "Thread-171" [_thread_in_native, id=6976, stack(0x000000d0e6600000,0x000000d0e6700000)]
  0x000001e011495000 JavaThread "Swing-Shell" daemon [_thread_blocked, id=11452, stack(0x000000d0ea700000,0x000000d0eac00000)]
  0x000001e011493800 JavaThread "Update Runs Swing Worker" [_thread_blocked, id=1756, stack(0x000000d0eb500000,0x000000d0eba00000)]
  0x000001e01148c000 JavaThread "hw_ila_monitor" [_thread_blocked, id=2076, stack(0x000000d0ea100000,0x000000d0ea600000)]
  0x000001e01148b800 JavaThread "Refresh Filesets Swing Worker" [_thread_blocked, id=4720, stack(0x000000d0e9c00000,0x000000d0ea100000)]
  0x000001e06e025800 JavaThread "SyntheticaAnimation 70" daemon [_thread_blocked, id=2304, stack(0x000000d0e9700000,0x000000d0e9c00000)]
  0x000001e06e023800 JavaThread "SyntheticaAnimation 25" daemon [_thread_blocked, id=4224, stack(0x000000d0e8d00000,0x000000d0e9200000)]
  0x000001e06e026800 JavaThread "SyntheticaAnimation 50" daemon [_thread_blocked, id=9660, stack(0x000000d0e8800000,0x000000d0e8d00000)]
  0x000001e06e022800 JavaThread "SyntheticaCleanerThread" daemon [_thread_blocked, id=1840, stack(0x000000d0e8300000,0x000000d0e8800000)]
  0x000001e06e021000 JavaThread "Batik CleanerThread" daemon [_thread_blocked, id=7360, stack(0x000000d0e7400000,0x000000d0e7900000)]
  0x000001e06e020800 JavaThread "Process Messages" [_thread_blocked, id=11572, stack(0x000000d0e7900000,0x000000d0e7e00000)]
  0x000001e06c4c3800 JavaThread "Thread-1" [_thread_in_native, id=11768, stack(0x000000d0e0c00000,0x000000d0e2000000)]
=>0x000001e011383800 JavaThread "AWT-EventQueue-0" [_thread_in_native, id=4196, stack(0x000000d0e6a00000,0x000000d0e6f00000)]
  0x000001e011382800 JavaThread "AWT-Shutdown" [_thread_blocked, id=10308, stack(0x000000d0e6f00000,0x000000d0e7400000)]
  0x000001e06bc9d000 JavaThread "TimerQueue" daemon [_thread_blocked, id=4932, stack(0x000000d0e5b00000,0x000000d0e6000000)]
  0x000001e06bc9d800 JavaThread "AWT-Windows" daemon [_thread_in_native, id=9736, stack(0x000000d0e6000000,0x000000d0e6500000)]
  0x000001e06bce1800 JavaThread "Java2D Disposer" daemon [_thread_blocked, id=7628, stack(0x000000d0e5600000,0x000000d0e5b00000)]
  0x000001e06bbd2800 JavaThread "Service Thread" daemon [_thread_blocked, id=10220, stack(0x000000d0e5000000,0x000000d0e5500000)]
  0x000001e06d377800 JavaThread "Common-Cleaner" daemon [_thread_blocked, id=9504, stack(0x000000d0e4b00000,0x000000d0e5000000)]
  0x000001e06e025000 JavaThread "Sweeper thread" daemon [_thread_blocked, id=9472, stack(0x000000d0e4600000,0x000000d0e4b00000)]
  0x000001e06d283000 JavaThread "C1 CompilerThread2" daemon [_thread_blocked, id=2960, stack(0x000000d0e4500000,0x000000d0e4600000)]
  0x000001e06fd7c000 JavaThread "C2 CompilerThread1" daemon [_thread_blocked, id=5656, stack(0x000000d0e4400000,0x000000d0e4500000)]
  0x000001e06fc87000 JavaThread "C2 CompilerThread0" daemon [_thread_blocked, id=8948, stack(0x000000d0e4300000,0x000000d0e4400000)]
  0x000001e06bb4e800 JavaThread "Attach Listener" daemon [_thread_blocked, id=6864, stack(0x000000d0e3e00000,0x000000d0e4300000)]
  0x000001e06b3dd800 JavaThread "Signal Dispatcher" daemon [_thread_blocked, id=4556, stack(0x000000d0e3900000,0x000000d0e3e00000)]
  0x000001e06fd7b800 JavaThread "Finalizer" daemon [_thread_blocked, id=1116, stack(0x000000d0e3400000,0x000000d0e3900000)]
  0x000001e06e133800 JavaThread "Reference Handler" daemon [_thread_blocked, id=5248, stack(0x000000d0e2f00000,0x000000d0e3400000)]
  0x000001e06dd3a800 JavaThread "main" [_thread_blocked, id=4980, stack(0x000000d0e2200000,0x000000d0e2300000)]

Other Threads:
  0x000001e06de48000 VMThread "VM Thread" [stack: 0x000000d0e2e00000,0x000000d0e2f00000] [id=8084]
  0x000001e06d94d800 WatcherThread [stack: 0x000000d0e5500000,0x000000d0e5600000] [id=2500]
  0x000001e06d99d000 GCTaskThread "GC Thread#0" [stack: 0x000000d0e2300000,0x000000d0e2400000] [id=6840]
  0x000001e06d99f000 GCTaskThread "GC Thread#1" [stack: 0x000000d0e2400000,0x000000d0e2500000] [id=11848]
  0x000001e06d99e000 GCTaskThread "GC Thread#2" [stack: 0x000000d0e2500000,0x000000d0e2600000] [id=8088]
  0x000001e06d99b800 GCTaskThread "GC Thread#3" [stack: 0x000000d0e2600000,0x000000d0e2700000] [id=6952]
  0x000001e06ba4d800 ConcurrentGCThread "G1 Main Marker" [stack: 0x000000d0e2c00000,0x000000d0e2d00000] [id=2600]
  0x000001e06d998000 ConcurrentGCThread "G1 Marker#0" [stack: 0x000000d0e2d00000,0x000000d0e2e00000] [id=8100]
  0x000001e06fd2a000 ConcurrentGCThread "G1 Refine#0" [stack: 0x000000d0e2a00000,0x000000d0e2b00000] [id=5424]
  0x000001e06d380000 ConcurrentGCThread "G1 Refine#1" [stack: 0x000000d0e2900000,0x000000d0e2a00000] [id=11524]
  0x000001e06d37f800 ConcurrentGCThread "G1 Refine#2" [stack: 0x000000d0e2800000,0x000000d0e2900000] [id=6900]
  0x000001e06e10b000 ConcurrentGCThread "G1 Refine#3" [stack: 0x000000d0e2700000,0x000000d0e2800000] [id=5012]
  0x000001e06b6c4000 ConcurrentGCThread "G1 Young RemSet Sampling" [stack: 0x000000d0e2b00000,0x000000d0e2c00000] [id=7636]

Threads with active compile tasks:

VM state:not at safepoint (normal execution)

VM Mutex/Monitor currently owned by a thread: None

Heap address: 0x0000000700000000, size: 3072 MB, Compressed Oops mode: Zero based, Oop shift amount: 3
Narrow klass base: 0x0000000000000000, Narrow klass shift: 3
Compressed class space size: 1073741824 Address: 0x00000007c0000000

Heap:
 garbage-first heap   total 167936K, used 103684K [0x0000000700000000, 0x0000000700100520, 0x00000007c0000000)
  region size 1024K, 24 young (24576K), 2 survivors (2048K)
 Metaspace       used 81077K, capacity 83119K, committed 89036K, reserved 1126400K
  class space    used 10793K, capacity 11220K, committed 12492K, reserved 1048576K
Heap Regions: E=young(eden), S=young(survivor), O=old, HS=humongous(starts), HC=humongous(continues), CS=collection set, F=free, A=archive, TS=gc time stamp, AC=allocation context, TAMS=top-at-mark-start (previous, next)
|   0|0x0000000700000000, 0x00000007000f8488, 0x0000000700100000| 96%| O|  |TS  0|AC  0|TAMS 0x0000000700000000, 0x0000000700000000|
|   1|0x0000000700100000, 0x0000000700200000, 0x0000000700200000|100%|HS|  |TS  0|AC  0|TAMS 0x0000000700100000, 0x0000000700100000|
|   2|0x0000000700200000, 0x0000000700300000, 0x0000000700300000|100%|HC|  |TS  0|AC  0|TAMS 0x0000000700200000, 0x0000000700200000|
|   3|0x0000000700300000, 0x0000000700400000, 0x0000000700400000|100%|HS|  |TS  0|AC  0|TAMS 0x0000000700300000, 0x0000000700300000|
|   4|0x0000000700400000, 0x00000007004f7ce0, 0x0000000700500000| 96%| O|  |TS  0|AC  0|TAMS 0x0000000700400000, 0x0000000700400000|
|   5|0x0000000700500000, 0x00000007005ffff0, 0x0000000700600000| 99%| O|  |TS  0|AC  0|TAMS 0x0000000700500000, 0x0000000700500000|
|   6|0x0000000700600000, 0x00000007006ffff0, 0x0000000700700000| 99%| O|  |TS  0|AC  0|TAMS 0x0000000700600000, 0x0000000700600000|
|   7|0x0000000700700000, 0x00000007007fff28, 0x0000000700800000| 99%| O|  |TS  0|AC  0|TAMS 0x0000000700700000, 0x0000000700700000|
|   8|0x0000000700800000, 0x00000007008ffff8, 0x0000000700900000| 99%| O|  |TS  0|AC  0|TAMS 0x0000000700800000, 0x0000000700800000|
|   9|0x0000000700900000, 0x00000007009ffff8, 0x0000000700a00000| 99%| O|  |TS  0|AC  0|TAMS 0x0000000700900000, 0x0000000700900000|
|  10|0x0000000700a00000, 0x0000000700affff8, 0x0000000700b00000| 99%| O|  |TS  0|AC  0|TAMS 0x0000000700a00000, 0x0000000700a00000|
|  11|0x0000000700b00000, 0x0000000700bff4f8, 0x0000000700c00000| 99%| O|  |TS  0|AC  0|TAMS 0x0000000700b00000, 0x0000000700b00000|
|  12|0x0000000700c00000, 0x0000000700d00000, 0x0000000700d00000|100%|HS|  |TS  0|AC  0|TAMS 0x0000000700c00000, 0x0000000700c00000|
|  13|0x0000000700d00000, 0x0000000700dfe818, 0x0000000700e00000| 99%| O|  |TS  0|AC  0|TAMS 0x0000000700d00000, 0x0000000700d00000|
|  14|0x0000000700e00000, 0x0000000700ef6698, 0x0000000700f00000| 96%| O|  |TS  0|AC  0|TAMS 0x0000000700e00000, 0x0000000700e00000|
|  15|0x0000000700f00000, 0x0000000700ff84d0, 0x0000000701000000| 96%| O|  |TS  0|AC  0|TAMS 0x0000000700f00000, 0x0000000700f00000|
|  16|0x0000000701000000, 0x00000007010ffff8, 0x0000000701100000| 99%| O|  |TS  0|AC  0|TAMS 0x0000000701000000, 0x0000000701000000|
|  17|0x0000000701100000, 0x00000007011fd500, 0x0000000701200000| 98%| O|  |TS  0|AC  0|TAMS 0x0000000701100000, 0x0000000701100000|
|  18|0x0000000701200000, 0x00000007012fffb8, 0x0000000701300000| 99%| O|  |TS  0|AC  0|TAMS 0x0000000701200000, 0x0000000701200000|
|  19|0x0000000701300000, 0x00000007013ffff0, 0x0000000701400000| 99%| O|  |TS  0|AC  0|TAMS 0x0000000701300000, 0x0000000701300000|
|  20|0x0000000701400000, 0x00000007014ffff8, 0x0000000701500000| 99%| O|  |TS  0|AC  0|TAMS 0x0000000701400000, 0x0000000701400000|
|  21|0x0000000701500000, 0x0000000701600000, 0x0000000701600000|100%|HS|  |TS  0|AC  0|TAMS 0x0000000701500000, 0x0000000701500000|
|  22|0x0000000701600000, 0x0000000701700000, 0x0000000701700000|100%|HC|  |TS  0|AC  0|TAMS 0x0000000701600000, 0x0000000701600000|
|  23|0x0000000701700000, 0x00000007017fffd0, 0x0000000701800000| 99%| O|  |TS  0|AC  0|TAMS 0x0000000701700000, 0x0000000701700000|
|  24|0x0000000701800000, 0x0000000701900000, 0x0000000701900000|100%| O|  |TS  0|AC  0|TAMS 0x0000000701800000, 0x0000000701800000|
|  25|0x0000000701900000, 0x0000000701a00000, 0x0000000701a00000|100%| O|  |TS  0|AC  0|TAMS 0x0000000701900000, 0x0000000701900000|
|  26|0x0000000701a00000, 0x0000000701b00000, 0x0000000701b00000|100%| O|  |TS  0|AC  0|TAMS 0x0000000701a00000, 0x0000000701a00000|
|  27|0x0000000701b00000, 0x0000000701c00000, 0x0000000701c00000|100%|HS|  |TS  0|AC  0|TAMS 0x0000000701b00000, 0x0000000701b00000|
|  28|0x0000000701c00000, 0x0000000701cffe58, 0x0000000701d00000| 99%| O|  |TS  0|AC  0|TAMS 0x0000000701c00000, 0x0000000701c00000|
|  29|0x0000000701d00000, 0x0000000701dfffb8, 0x0000000701e00000| 99%| O|  |TS  0|AC  0|TAMS 0x0000000701d00000, 0x0000000701d00000|
|  30|0x0000000701e00000, 0x0000000701effff0, 0x0000000701f00000| 99%| O|  |TS  0|AC  0|TAMS 0x0000000701e00000, 0x0000000701e00000|
|  31|0x0000000701f00000, 0x0000000701ffffc0, 0x0000000702000000| 99%| O|  |TS  0|AC  0|TAMS 0x0000000701f00000, 0x0000000701f00000|
|  32|0x0000000702000000, 0x00000007020fffd0, 0x0000000702100000| 99%| O|  |TS  0|AC  0|TAMS 0x0000000702000000, 0x0000000702000000|
|  33|0x0000000702100000, 0x00000007021ffff8, 0x0000000702200000| 99%| O|  |TS  0|AC  0|TAMS 0x0000000702100000, 0x0000000702100000|
|  34|0x0000000702200000, 0x00000007022ffff8, 0x0000000702300000| 99%| O|  |TS  0|AC  0|TAMS 0x0000000702200000, 0x0000000702200000|
|  35|0x0000000702300000, 0x00000007023ffff8, 0x0000000702400000| 99%| O|  |TS  0|AC  0|TAMS 0x0000000702300000, 0x0000000702300000|
|  36|0x0000000702400000, 0x00000007024fffc0, 0x0000000702500000| 99%| O|  |TS  0|AC  0|TAMS 0x0000000702400000, 0x0000000702400000|
|  37|0x0000000702500000, 0x00000007025fffa0, 0x0000000702600000| 99%| O|  |TS  0|AC  0|TAMS 0x0000000702500000, 0x0000000702500000|
|  38|0x0000000702600000, 0x00000007026fffd0, 0x0000000702700000| 99%| O|  |TS  0|AC  0|TAMS 0x0000000702600000, 0x0000000702600000|
|  39|0x0000000702700000, 0x00000007027fb490, 0x0000000702800000| 98%| O|  |TS  0|AC  0|TAMS 0x0000000702700000, 0x0000000702700000|
|  40|0x0000000702800000, 0x00000007028ffff0, 0x0000000702900000| 99%| O|  |TS  0|AC  0|TAMS 0x0000000702800000, 0x0000000702800000|
|  41|0x0000000702900000, 0x00000007029ffff8, 0x0000000702a00000| 99%| O|  |TS  0|AC  0|TAMS 0x0000000702900000, 0x0000000702900000|
|  42|0x0000000702a00000, 0x0000000702affff8, 0x0000000702b00000| 99%| O|  |TS  0|AC  0|TAMS 0x0000000702a00000, 0x0000000702a00000|
|  43|0x0000000702b00000, 0x0000000702bffec0, 0x0000000702c00000| 99%| O|  |TS  0|AC  0|TAMS 0x0000000702b00000, 0x0000000702b00000|
|  44|0x0000000702c00000, 0x0000000702cfff78, 0x0000000702d00000| 99%| O|  |TS  0|AC  0|TAMS 0x0000000702c00000, 0x0000000702c00000|
|  45|0x0000000702d00000, 0x0000000702e00000, 0x0000000702e00000|100%| O|  |TS  0|AC  0|TAMS 0x0000000702d00000, 0x0000000702d00000|
|  46|0x0000000702e00000, 0x0000000702efffa0, 0x0000000702f00000| 99%| O|  |TS  0|AC  0|TAMS 0x0000000702e00000, 0x0000000702e00000|
|  47|0x0000000702f00000, 0x0000000702ffffd0, 0x0000000703000000| 99%| O|  |TS  0|AC  0|TAMS 0x0000000702f00000, 0x0000000702f00000|
|  48|0x0000000703000000, 0x00000007030ffff8, 0x0000000703100000| 99%| O|  |TS  0|AC  0|TAMS 0x0000000703000000, 0x0000000703000000|
|  49|0x0000000703100000, 0x00000007031fff70, 0x0000000703200000| 99%| O|  |TS  0|AC  0|TAMS 0x0000000703100000, 0x0000000703100000|
|  50|0x0000000703200000, 0x00000007032d46a8, 0x0000000703300000| 82%| O|  |TS  0|AC  0|TAMS 0x0000000703200000, 0x0000000703200000|
|  51|0x0000000703300000, 0x0000000703400000, 0x0000000703400000|100%| O|  |TS  0|AC  0|TAMS 0x0000000703300000, 0x0000000703300000|
|  52|0x0000000703400000, 0x00000007034ffff8, 0x0000000703500000| 99%| O|  |TS  0|AC  0|TAMS 0x0000000703400000, 0x0000000703400000|
|  53|0x0000000703500000, 0x00000007035fff40, 0x0000000703600000| 99%| O|  |TS  0|AC  0|TAMS 0x0000000703500000, 0x0000000703500000|
|  54|0x0000000703600000, 0x00000007036ffff0, 0x0000000703700000| 99%| O|  |TS  0|AC  0|TAMS 0x0000000703600000, 0x0000000703600000|
|  55|0x0000000703700000, 0x00000007037ffff0, 0x0000000703800000| 99%| O|  |TS  0|AC  0|TAMS 0x0000000703700000, 0x0000000703700000|
|  56|0x0000000703800000, 0x0000000703900000, 0x0000000703900000|100%| O|  |TS  0|AC  0|TAMS 0x0000000703800000, 0x0000000703800000|
|  57|0x0000000703900000, 0x00000007039fffe8, 0x0000000703a00000| 99%| O|  |TS  0|AC  0|TAMS 0x0000000703900000, 0x0000000703900000|
|  58|0x0000000703a00000, 0x0000000703affe40, 0x0000000703b00000| 99%| O|  |TS  0|AC  0|TAMS 0x0000000703a00000, 0x0000000703a00000|
|  59|0x0000000703b00000, 0x0000000703bfffc8, 0x0000000703c00000| 99%| O|  |TS  0|AC  0|TAMS 0x0000000703b00000, 0x0000000703b00000|
|  60|0x0000000703c00000, 0x0000000703d00000, 0x0000000703d00000|100%| O|  |TS  0|AC  0|TAMS 0x0000000703c00000, 0x0000000703c00000|
|  61|0x0000000703d00000, 0x0000000703e00000, 0x0000000703e00000|100%|HS|  |TS  0|AC  0|TAMS 0x0000000703d00000, 0x0000000703d00000|
|  62|0x0000000703e00000, 0x0000000703e60a70, 0x0000000703f00000| 37%| O|  |TS  0|AC  0|TAMS 0x0000000703e00000, 0x0000000703e00000|
|  63|0x0000000703f00000, 0x0000000704000000, 0x0000000704000000|100%| O|  |TS139|AC  0|TAMS 0x0000000703f00000, 0x0000000703f00000|
|  64|0x0000000704000000, 0x0000000704100000, 0x0000000704100000|100%| O|  |TS139|AC  0|TAMS 0x0000000704000000, 0x0000000704000000|
|  65|0x0000000704100000, 0x0000000704200000, 0x0000000704200000|100%| O|  |TS139|AC  0|TAMS 0x0000000704100000, 0x0000000704100000|
|  66|0x0000000704200000, 0x0000000704300000, 0x0000000704300000|100%| O|  |TS139|AC  0|TAMS 0x0000000704200000, 0x0000000704200000|
|  67|0x0000000704300000, 0x0000000704400000, 0x0000000704400000|100%| O|  |TS139|AC  0|TAMS 0x0000000704300000, 0x0000000704300000|
|  68|0x0000000704400000, 0x0000000704500000, 0x0000000704500000|100%| O|  |TS139|AC  0|TAMS 0x0000000704400000, 0x0000000704400000|
|  69|0x0000000704500000, 0x0000000704600000, 0x0000000704600000|100%|HS|  |TS  0|AC  0|TAMS 0x0000000704500000, 0x0000000704500000|
|  70|0x0000000704600000, 0x0000000704700000, 0x0000000704700000|100%|HC|  |TS  0|AC  0|TAMS 0x0000000704600000, 0x0000000704600000|
|  71|0x0000000704700000, 0x0000000704800000, 0x0000000704800000|100%|HC|  |TS  0|AC  0|TAMS 0x0000000704700000, 0x0000000704700000|
|  72|0x0000000704800000, 0x0000000704900000, 0x0000000704900000|100%|HC|  |TS  0|AC  0|TAMS 0x0000000704800000, 0x0000000704800000|
|  73|0x0000000704900000, 0x0000000704a00000, 0x0000000704a00000|100%|HC|  |TS  0|AC  0|TAMS 0x0000000704900000, 0x0000000704900000|
|  74|0x0000000704a00000, 0x0000000704b00000, 0x0000000704b00000|100%|HC|  |TS  0|AC  0|TAMS 0x0000000704a00000, 0x0000000704a00000|
|  75|0x0000000704b00000, 0x0000000704c00000, 0x0000000704c00000|100%|HC|  |TS  0|AC  0|TAMS 0x0000000704b00000, 0x0000000704b00000|
|  76|0x0000000704c00000, 0x0000000704d00000, 0x0000000704d00000|100%|HC|  |TS  0|AC  0|TAMS 0x0000000704c00000, 0x0000000704c00000|
|  77|0x0000000704d00000, 0x0000000704e00000, 0x0000000704e00000|100%| O|  |TS139|AC  0|TAMS 0x0000000704d00000, 0x0000000704d00000|
|  78|0x0000000704e00000, 0x0000000704f00000, 0x0000000704f00000|100%| O|  |TS169|AC  0|TAMS 0x0000000704e00000, 0x0000000704e00000|
|  79|0x0000000704f00000, 0x0000000705000000, 0x0000000705000000|100%| O|  |TS201|AC  0|TAMS 0x0000000704f00000, 0x0000000704f00000|
|  80|0x0000000705000000, 0x000000070501f200, 0x0000000705100000| 12%| O|  |TS213|AC  0|TAMS 0x0000000705000000, 0x0000000705000000|
|  81|0x0000000705100000, 0x0000000705100000, 0x0000000705200000|  0%| F|  |TS  0|AC  0|TAMS 0x0000000705100000, 0x0000000705100000|
|  82|0x0000000705200000, 0x0000000705200000, 0x0000000705300000|  0%| F|  |TS  0|AC  0|TAMS 0x0000000705200000, 0x0000000705200000|
|  83|0x0000000705300000, 0x0000000705300000, 0x0000000705400000|  0%| F|  |TS  0|AC  0|TAMS 0x0000000705300000, 0x0000000705300000|
|  84|0x0000000705400000, 0x0000000705400000, 0x0000000705500000|  0%| F|  |TS  0|AC  0|TAMS 0x0000000705400000, 0x0000000705400000|
|  85|0x0000000705500000, 0x0000000705500000, 0x0000000705600000|  0%| F|  |TS  0|AC  0|TAMS 0x0000000705500000, 0x0000000705500000|
|  86|0x0000000705600000, 0x0000000705600000, 0x0000000705700000|  0%| F|  |TS  0|AC  0|TAMS 0x0000000705600000, 0x0000000705600000|
|  87|0x0000000705700000, 0x0000000705700000, 0x0000000705800000|  0%| F|  |TS  0|AC  0|TAMS 0x0000000705700000, 0x0000000705700000|
|  88|0x0000000705800000, 0x0000000705800000, 0x0000000705900000|  0%| F|  |TS  0|AC  0|TAMS 0x0000000705800000, 0x0000000705800000|
|  89|0x0000000705900000, 0x0000000705900000, 0x0000000705a00000|  0%| F|  |TS  0|AC  0|TAMS 0x0000000705900000, 0x0000000705900000|
|  90|0x0000000705a00000, 0x0000000705a00000, 0x0000000705b00000|  0%| F|  |TS  0|AC  0|TAMS 0x0000000705a00000, 0x0000000705a00000|
|  91|0x0000000705b00000, 0x0000000705b00000, 0x0000000705c00000|  0%| F|  |TS  0|AC  0|TAMS 0x0000000705b00000, 0x0000000705b00000|
|  92|0x0000000705c00000, 0x0000000705c00000, 0x0000000705d00000|  0%| F|  |TS  0|AC  0|TAMS 0x0000000705c00000, 0x0000000705c00000|
|  93|0x0000000705d00000, 0x0000000705d00000, 0x0000000705e00000|  0%| F|  |TS  0|AC  0|TAMS 0x0000000705d00000, 0x0000000705d00000|
|  94|0x0000000705e00000, 0x0000000705e00000, 0x0000000705f00000|  0%| F|  |TS  0|AC  0|TAMS 0x0000000705e00000, 0x0000000705e00000|
|  95|0x0000000705f00000, 0x0000000705f00000, 0x0000000706000000|  0%| F|  |TS  0|AC  0|TAMS 0x0000000705f00000, 0x0000000705f00000|
|  96|0x0000000706000000, 0x0000000706000000, 0x0000000706100000|  0%| F|  |TS139|AC  0|TAMS 0x0000000706000000, 0x0000000706000000|
|  97|0x0000000706100000, 0x0000000706100000, 0x0000000706200000|  0%| F|  |TS139|AC  0|TAMS 0x0000000706100000, 0x0000000706100000|
|  98|0x0000000706200000, 0x0000000706200000, 0x0000000706300000|  0%| F|  |TS139|AC  0|TAMS 0x0000000706200000, 0x0000000706200000|
|  99|0x0000000706300000, 0x0000000706300000, 0x0000000706400000|  0%| F|  |TS139|AC  0|TAMS 0x0000000706300000, 0x0000000706300000|
| 100|0x0000000706400000, 0x0000000706400000, 0x0000000706500000|  0%| F|  |TS139|AC  0|TAMS 0x0000000706400000, 0x0000000706400000|
| 101|0x0000000706500000, 0x0000000706500000, 0x0000000706600000|  0%| F|  |TS139|AC  0|TAMS 0x0000000706500000, 0x0000000706500000|
| 102|0x0000000706600000, 0x00000007066185c0, 0x0000000706700000|  9%| S|CS|TS213|AC  0|TAMS 0x0000000706600000, 0x0000000706600000|
| 103|0x0000000706700000, 0x0000000706800000, 0x0000000706800000|100%| S|CS|TS213|AC  0|TAMS 0x0000000706700000, 0x0000000706700000|
| 104|0x0000000706800000, 0x0000000706800000, 0x0000000706900000|  0%| F|  |TS213|AC  0|TAMS 0x0000000706800000, 0x0000000706800000|
| 105|0x0000000706900000, 0x0000000706900000, 0x0000000706a00000|  0%| F|  |TS213|AC  0|TAMS 0x0000000706900000, 0x0000000706900000|
| 106|0x0000000706a00000, 0x0000000706a00000, 0x0000000706b00000|  0%| F|  |TS213|AC  0|TAMS 0x0000000706a00000, 0x0000000706a00000|
| 107|0x0000000706b00000, 0x0000000706b00000, 0x0000000706c00000|  0%| F|  |TS213|AC  0|TAMS 0x0000000706b00000, 0x0000000706b00000|
| 108|0x0000000706c00000, 0x0000000706c00000, 0x0000000706d00000|  0%| F|  |TS213|AC  0|TAMS 0x0000000706c00000, 0x0000000706c00000|
| 109|0x0000000706d00000, 0x0000000706d00000, 0x0000000706e00000|  0%| F|  |TS213|AC  0|TAMS 0x0000000706d00000, 0x0000000706d00000|
| 110|0x0000000706e00000, 0x0000000706e00000, 0x0000000706f00000|  0%| F|  |TS213|AC  0|TAMS 0x0000000706e00000, 0x0000000706e00000|
| 111|0x0000000706f00000, 0x0000000706f00000, 0x0000000707000000|  0%| F|  |TS213|AC  0|TAMS 0x0000000706f00000, 0x0000000706f00000|
| 112|0x0000000707000000, 0x0000000707000000, 0x0000000707100000|  0%| F|  |TS213|AC  0|TAMS 0x0000000707000000, 0x0000000707000000|
| 113|0x0000000707100000, 0x0000000707100000, 0x0000000707200000|  0%| F|  |TS213|AC  0|TAMS 0x0000000707100000, 0x0000000707100000|
| 114|0x0000000707200000, 0x0000000707200000, 0x0000000707300000|  0%| F|  |TS213|AC  0|TAMS 0x0000000707200000, 0x0000000707200000|
| 115|0x0000000707300000, 0x0000000707300000, 0x0000000707400000|  0%| F|  |TS213|AC  0|TAMS 0x0000000707300000, 0x0000000707300000|
| 116|0x0000000707400000, 0x0000000707400000, 0x0000000707500000|  0%| F|  |TS213|AC  0|TAMS 0x0000000707400000, 0x0000000707400000|
| 117|0x0000000707500000, 0x0000000707500000, 0x0000000707600000|  0%| F|  |TS213|AC  0|TAMS 0x0000000707500000, 0x0000000707500000|
| 118|0x0000000707600000, 0x0000000707600000, 0x0000000707700000|  0%| F|  |TS213|AC  0|TAMS 0x0000000707600000, 0x0000000707600000|
| 119|0x0000000707700000, 0x0000000707700000, 0x0000000707800000|  0%| F|  |TS213|AC  0|TAMS 0x0000000707700000, 0x0000000707700000|
| 120|0x0000000707800000, 0x0000000707800000, 0x0000000707900000|  0%| F|  |TS213|AC  0|TAMS 0x0000000707800000, 0x0000000707800000|
| 121|0x0000000707900000, 0x0000000707900000, 0x0000000707a00000|  0%| F|  |TS213|AC  0|TAMS 0x0000000707900000, 0x0000000707900000|
| 122|0x0000000707a00000, 0x0000000707a00000, 0x0000000707b00000|  0%| F|  |TS213|AC  0|TAMS 0x0000000707a00000, 0x0000000707a00000|
| 123|0x0000000707b00000, 0x0000000707b00000, 0x0000000707c00000|  0%| F|  |TS213|AC  0|TAMS 0x0000000707b00000, 0x0000000707b00000|
| 124|0x0000000707c00000, 0x0000000707c00000, 0x0000000707d00000|  0%| F|  |TS213|AC  0|TAMS 0x0000000707c00000, 0x0000000707c00000|
| 125|0x0000000707d00000, 0x0000000707d00000, 0x0000000707e00000|  0%| F|  |TS213|AC  0|TAMS 0x0000000707d00000, 0x0000000707d00000|
| 126|0x0000000707e00000, 0x0000000707e00000, 0x0000000707f00000|  0%| F|  |TS213|AC  0|TAMS 0x0000000707e00000, 0x0000000707e00000|
| 127|0x0000000707f00000, 0x0000000707f00000, 0x0000000708000000|  0%| F|  |TS213|AC  0|TAMS 0x0000000707f00000, 0x0000000707f00000|
| 128|0x0000000708000000, 0x0000000708000000, 0x0000000708100000|  0%| F|  |TS213|AC  0|TAMS 0x0000000708000000, 0x0000000708000000|
| 129|0x0000000708100000, 0x0000000708100000, 0x0000000708200000|  0%| F|  |TS213|AC  0|TAMS 0x0000000708100000, 0x0000000708100000|
| 130|0x0000000708200000, 0x0000000708200000, 0x0000000708300000|  0%| F|  |TS213|AC  0|TAMS 0x0000000708200000, 0x0000000708200000|
| 131|0x0000000708300000, 0x0000000708300000, 0x0000000708400000|  0%| F|  |TS213|AC  0|TAMS 0x0000000708300000, 0x0000000708300000|
| 132|0x0000000708400000, 0x0000000708400000, 0x0000000708500000|  0%| F|  |TS213|AC  0|TAMS 0x0000000708400000, 0x0000000708400000|
| 133|0x0000000708500000, 0x0000000708500000, 0x0000000708600000|  0%| F|  |TS213|AC  0|TAMS 0x0000000708500000, 0x0000000708500000|
| 134|0x0000000708600000, 0x0000000708600000, 0x0000000708700000|  0%| F|  |TS213|AC  0|TAMS 0x0000000708600000, 0x0000000708600000|
| 135|0x0000000708700000, 0x0000000708700000, 0x0000000708800000|  0%| F|  |TS213|AC  0|TAMS 0x0000000708700000, 0x0000000708700000|
| 136|0x0000000708800000, 0x0000000708800000, 0x0000000708900000|  0%| F|  |TS213|AC  0|TAMS 0x0000000708800000, 0x0000000708800000|
| 137|0x0000000708900000, 0x0000000708900000, 0x0000000708a00000|  0%| F|  |TS213|AC  0|TAMS 0x0000000708900000, 0x0000000708900000|
| 138|0x0000000708a00000, 0x0000000708a00000, 0x0000000708b00000|  0%| F|  |TS213|AC  0|TAMS 0x0000000708a00000, 0x0000000708a00000|
| 139|0x0000000708b00000, 0x0000000708b00000, 0x0000000708c00000|  0%| F|  |TS213|AC  0|TAMS 0x0000000708b00000, 0x0000000708b00000|
| 140|0x0000000708c00000, 0x0000000708c00000, 0x0000000708d00000|  0%| F|  |TS213|AC  0|TAMS 0x0000000708c00000, 0x0000000708c00000|
| 141|0x0000000708d00000, 0x0000000708d00000, 0x0000000708e00000|  0%| F|  |TS213|AC  0|TAMS 0x0000000708d00000, 0x0000000708d00000|
| 142|0x0000000708e00000, 0x0000000708e52220, 0x0000000708f00000| 32%| E|  |TS213|AC  0|TAMS 0x0000000708e00000, 0x0000000708e00000|
| 143|0x0000000708f00000, 0x0000000709000000, 0x0000000709000000|100%| E|CS|TS213|AC  0|TAMS 0x0000000708f00000, 0x0000000708f00000|
| 144|0x0000000709000000, 0x0000000709100000, 0x0000000709100000|100%| E|CS|TS213|AC  0|TAMS 0x0000000709000000, 0x0000000709000000|
| 145|0x0000000709100000, 0x0000000709200000, 0x0000000709200000|100%| E|CS|TS213|AC  0|TAMS 0x0000000709100000, 0x0000000709100000|
| 146|0x0000000709200000, 0x0000000709300000, 0x0000000709300000|100%| E|CS|TS213|AC  0|TAMS 0x0000000709200000, 0x0000000709200000|
| 147|0x0000000709300000, 0x0000000709400000, 0x0000000709400000|100%| E|CS|TS213|AC  0|TAMS 0x0000000709300000, 0x0000000709300000|
| 148|0x0000000709400000, 0x0000000709500000, 0x0000000709500000|100%| E|CS|TS213|AC  0|TAMS 0x0000000709400000, 0x0000000709400000|
| 149|0x0000000709500000, 0x0000000709600000, 0x0000000709600000|100%| E|CS|TS213|AC  0|TAMS 0x0000000709500000, 0x0000000709500000|
| 150|0x0000000709600000, 0x0000000709700000, 0x0000000709700000|100%| E|CS|TS213|AC  0|TAMS 0x0000000709600000, 0x0000000709600000|
| 151|0x0000000709700000, 0x0000000709800000, 0x0000000709800000|100%| E|CS|TS213|AC  0|TAMS 0x0000000709700000, 0x0000000709700000|
| 152|0x0000000709800000, 0x0000000709900000, 0x0000000709900000|100%| E|CS|TS213|AC  0|TAMS 0x0000000709800000, 0x0000000709800000|
| 153|0x0000000709900000, 0x0000000709a00000, 0x0000000709a00000|100%| E|CS|TS213|AC  0|TAMS 0x0000000709900000, 0x0000000709900000|
| 154|0x0000000709a00000, 0x0000000709b00000, 0x0000000709b00000|100%| E|CS|TS213|AC  0|TAMS 0x0000000709a00000, 0x0000000709a00000|
| 155|0x0000000709b00000, 0x0000000709c00000, 0x0000000709c00000|100%| E|CS|TS213|AC  0|TAMS 0x0000000709b00000, 0x0000000709b00000|
| 156|0x0000000709c00000, 0x0000000709d00000, 0x0000000709d00000|100%| E|CS|TS213|AC  0|TAMS 0x0000000709c00000, 0x0000000709c00000|
| 157|0x0000000709d00000, 0x0000000709e00000, 0x0000000709e00000|100%| E|CS|TS213|AC  0|TAMS 0x0000000709d00000, 0x0000000709d00000|
| 158|0x0000000709e00000, 0x0000000709f00000, 0x0000000709f00000|100%| E|CS|TS213|AC  0|TAMS 0x0000000709e00000, 0x0000000709e00000|
| 159|0x0000000709f00000, 0x000000070a000000, 0x000000070a000000|100%| E|CS|TS213|AC  0|TAMS 0x0000000709f00000, 0x0000000709f00000|
| 160|0x000000070a000000, 0x000000070a100000, 0x000000070a100000|100%| E|CS|TS213|AC  0|TAMS 0x000000070a000000, 0x000000070a000000|
| 161|0x000000070a100000, 0x000000070a200000, 0x000000070a200000|100%| E|CS|TS213|AC  0|TAMS 0x000000070a100000, 0x000000070a100000|
| 162|0x000000070a200000, 0x000000070a300000, 0x000000070a300000|100%| E|CS|TS213|AC  0|TAMS 0x000000070a200000, 0x000000070a200000|
| 163|0x000000070a300000, 0x000000070a400000, 0x000000070a400000|100%| E|CS|TS213|AC  0|TAMS 0x000000070a300000, 0x000000070a300000|

Card table byte_map: [0x000001e077a10000,0x000001e078010000] byte_map_base: 0x000001e074210000

Marking Bits (Prev, Next): (CMBitMap*) 0x000001e06d9a8700, (CMBitMap*) 0x000001e06d9a8738
 Prev Bits: [0x000001e078610000, 0x000001e07b610000)
 Next Bits: [0x000001e07b610000, 0x000001e07e610000)

Polling page: 0x000001e0651b0000

CodeHeap 'non-profiled nmethods': size=120064Kb used=20329Kb max_used=20329Kb free=99734Kb
 bounds [0x000001e007ac0000, 0x000001e008ea0000, 0x000001e00f000000]
CodeHeap 'profiled nmethods': size=120000Kb used=40192Kb max_used=40308Kb free=79807Kb
 bounds [0x000001e000590000, 0x000001e002d50000, 0x000001e007ac0000]
CodeHeap 'non-nmethods': size=5696Kb used=1802Kb max_used=1854Kb free=3894Kb
 bounds [0x000001e000000000, 0x000001e000270000, 0x000001e000590000]
 total_blobs=31029 nmethods=16466 adapters=1146
 compilation: enabled

Compilation events (10 events):
Event: 10975.186 Thread 0x000001e06fc87000 21295       4       javax.swing.text.html.HTMLWriter::emptyTag (340 bytes)
Event: 10975.187 Thread 0x000001e06d283000 21296       1       ui.utils.i.j.aE::isCellSpanOn (2 bytes)
Event: 10975.188 Thread 0x000001e06d283000 nmethod 21296 0x000001e008e8eb90 code [0x000001e008e8ed40, 0x000001e008e8ee58]
Event: 10975.212 Thread 0x000001e06d283000 21297       3       javax.swing.text.AbstractDocument$DefaultDocumentEventUndoableWrapper::die (8 bytes)
Event: 10975.212 Thread 0x000001e06d283000 nmethod 21297 0x000001e000a4dd90 code [0x000001e000a4df40, 0x000001e000a4e150]
Event: 10975.359 Thread 0x000001e06fd7c000 21298       4       javax.swing.plaf.basic.BasicEditorPaneUI::updateDisplayProperties (204 bytes)
Event: 10975.368 Thread 0x000001e06d283000 21299       3       java.io.File::getParent (65 bytes)
Event: 10975.369 Thread 0x000001e06d283000 nmethod 21299 0x000001e001561410 code [0x000001e001561640, 0x000001e001562160]
Event: 10975.385 Thread 0x000001e06fc87000 nmethod 21295 0x000001e008e8ef10 code [0x000001e008e8f4c0, 0x000001e008e935a0]
Event: 10975.455 Thread 0x000001e06fd7c000 nmethod 21298 0x000001e008e96510 code [0x000001e008e96940, 0x000001e008e9a6d8]

GC Heap History (10 events):
Event: 10964.103 GC heap before
{Heap before GC invocations=680 (full 10):
 garbage-first heap   total 167936K, used 141635K [0x0000000700000000, 0x0000000700100520, 0x00000007c0000000)
  region size 1024K, 60 young (61440K), 1 survivors (1024K)
 Metaspace       used 80756K, capacity 82653K, committed 88652K, reserved 1126400K
  class space    used 10716K, capacity 11125K, committed 12364K, reserved 1048576K
}
Event: 10964.107 GC heap after
{Heap after GC invocations=681 (full 10):
 garbage-first heap   total 167936K, used 81237K [0x0000000700000000, 0x0000000700100520, 0x00000007c0000000)
  region size 1024K, 1 young (1024K), 1 survivors (1024K)
 Metaspace       used 80756K, capacity 82653K, committed 88652K, reserved 1126400K
  class space    used 10716K, capacity 11125K, committed 12364K, reserved 1048576K
}
Event: 10968.103 GC heap before
{Heap before GC invocations=681 (full 10):
 garbage-first heap   total 167936K, used 141653K [0x0000000700000000, 0x0000000700100520, 0x00000007c0000000)
  region size 1024K, 60 young (61440K), 1 survivors (1024K)
 Metaspace       used 81022K, capacity 83055K, committed 89036K, reserved 1126400K
  class space    used 10793K, capacity 11220K, committed 12492K, reserved 1048576K
}
Event: 10968.108 GC heap after
{Heap after GC invocations=682 (full 10):
 garbage-first heap   total 167936K, used 81560K [0x0000000700000000, 0x0000000700100520, 0x00000007c0000000)
  region size 1024K, 1 young (1024K), 1 survivors (1024K)
 Metaspace       used 81022K, capacity 83055K, committed 89036K, reserved 1126400K
  class space    used 10793K, capacity 11220K, committed 12492K, reserved 1048576K
}
Event: 10972.019 GC heap before
{Heap before GC invocations=682 (full 10):
 garbage-first heap   total 167936K, used 141976K [0x0000000700000000, 0x0000000700100520, 0x00000007c0000000)
  region size 1024K, 60 young (61440K), 1 survivors (1024K)
 Metaspace       used 81025K, capacity 83055K, committed 89036K, reserved 1126400K
  class space    used 10793K, capacity 11220K, committed 12492K, reserved 1048576K
}
Event: 10972.022 GC heap after
{Heap after GC invocations=683 (full 10):
 garbage-first heap   total 167936K, used 81719K [0x0000000700000000, 0x0000000700100520, 0x00000007c0000000)
  region size 1024K, 1 young (1024K), 1 survivors (1024K)
 Metaspace       used 81025K, capacity 83055K, committed 89036K, reserved 1126400K
  class space    used 10793K, capacity 11220K, committed 12492K, reserved 1048576K
}
Event: 10972.395 GC heap before
{Heap before GC invocations=683 (full 10):
 garbage-first heap   total 167936K, used 142135K [0x0000000700000000, 0x0000000700100520, 0x00000007c0000000)
  region size 1024K, 60 young (61440K), 1 survivors (1024K)
 Metaspace       used 81055K, capacity 83119K, committed 89036K, reserved 1126400K
  class space    used 10793K, capacity 11220K, committed 12492K, reserved 1048576K
}
Event: 10972.402 GC heap after
{Heap after GC invocations=684 (full 10):
 garbage-first heap   total 167936K, used 81955K [0x0000000700000000, 0x0000000700100520, 0x00000007c0000000)
  region size 1024K, 1 young (1024K), 1 survivors (1024K)
 Metaspace       used 81055K, capacity 83119K, committed 89036K, reserved 1126400K
  class space    used 10793K, capacity 11220K, committed 12492K, reserved 1048576K
}
Event: 10975.028 GC heap before
{Heap before GC invocations=684 (full 10):
 garbage-first heap   total 167936K, used 142371K [0x0000000700000000, 0x0000000700100520, 0x00000007c0000000)
  region size 1024K, 60 young (61440K), 1 survivors (1024K)
 Metaspace       used 81076K, capacity 83119K, committed 89036K, reserved 1126400K
  class space    used 10793K, capacity 11220K, committed 12492K, reserved 1048576K
}
Event: 10975.039 GC heap after
{Heap after GC invocations=685 (full 10):
 garbage-first heap   total 167936K, used 82180K [0x0000000700000000, 0x0000000700100520, 0x00000007c0000000)
  region size 1024K, 2 young (2048K), 2 survivors (2048K)
 Metaspace       used 81076K, capacity 83119K, committed 89036K, reserved 1126400K
  class space    used 10793K, capacity 11220K, committed 12492K, reserved 1048576K
}

Deoptimization events (10 events):
Event: 10966.764 Thread 0x000001e011383800 Uncommon trap: reason=null_check action=make_not_entrant pc=0x000001e007f3cd70 method=sun.font.FileFontStrike.getGlyphMetrics(IZ)Ljava/awt/geom/Point2D$Float; @ 139 c2
Event: 10966.766 Thread 0x000001e011383800 Uncommon trap: reason=class_check action=maybe_recompile pc=0x000001e008bf9e48 method=javax.swing.text.PlainView.updateDamage(Ljavax/swing/event/DocumentEvent;Ljava/awt/Shape;Ljavax/swing/text/ViewFactory;)V @ 197 c2
Event: 10966.973 Thread 0x000001e011383800 Uncommon trap: reason=array_check action=maybe_recompile pc=0x000001e008e7d184 method=javax.swing.SortingFocusTraversalPolicy.mergeSort([Ljava/lang/Object;[Ljava/lang/Object;IIILjava/util/Comparator;)V @ 68 c2
Event: 10966.974 Thread 0x000001e011383800 Uncommon trap: reason=array_check action=maybe_recompile pc=0x000001e008e7cd08 method=javax.swing.SortingFocusTraversalPolicy.mergeSort([Ljava/lang/Object;[Ljava/lang/Object;IIILjava/util/Comparator;)V @ 237 c2
Event: 10966.974 Thread 0x000001e011383800 Uncommon trap: reason=array_check action=maybe_recompile pc=0x000001e008e7d184 method=javax.swing.SortingFocusTraversalPolicy.mergeSort([Ljava/lang/Object;[Ljava/lang/Object;IIILjava/util/Comparator;)V @ 68 c2
Event: 10966.974 Thread 0x000001e011383800 Uncommon trap: reason=array_check action=maybe_recompile pc=0x000001e008e7cd08 method=javax.swing.SortingFocusTraversalPolicy.mergeSort([Ljava/lang/Object;[Ljava/lang/Object;IIILjava/util/Comparator;)V @ 237 c2
Event: 10966.991 Thread 0x000001e011383800 Uncommon trap: reason=unstable_if action=reinterpret pc=0x000001e007df33b4 method=javax.swing.text.Utilities.drawTabbedText(Ljavax/swing/text/View;Ljavax/swing/text/Segment;FFLjava/awt/Graphics;Ljavax/swing/text/TabExpander;I[IZ)F @ 345 c2
Event: 10967.011 Thread 0x000001e011383800 Uncommon trap: reason=null_check action=make_not_entrant pc=0x000001e007f3227c method=java.awt.Font.defaultLineMetrics(Ljava/awt/font/FontRenderContext;)Lsun/font/FontLineMetrics; @ 16 c2
Event: 10972.139 Thread 0x000001e011383800 Uncommon trap: reason=bimorphic_or_optimized_type_check action=maybe_recompile pc=0x000001e007cf53ec method=java.util.HashMap.removeNode(ILjava/lang/Object;Ljava/lang/Object;ZZ)Ljava/util/HashMap$Node; @ 143 c2
Event: 10972.139 Thread 0x000001e011383800 Uncommon trap: reason=bimorphic_or_optimized_type_check action=maybe_recompile pc=0x000001e007cf53ec method=java.util.HashMap.removeNode(ILjava/lang/Object;Ljava/lang/Object;ZZ)Ljava/util/HashMap$Node; @ 143 c2

Classes redefined (0 events):
No events

Internal exceptions (10 events):
Event: 10967.152 Thread 0x000001e011383800 Exception <a 'java/lang/ArrayIndexOutOfBoundsException'{0x00000007078d1688}> (0x00000007078d1688) thrown at [t:/workspace/hotspot/src/share/vm/runtime/sharedRuntime.cpp, line 606]
Event: 10967.152 Thread 0x000001e011383800 Exception <a 'java/lang/ArrayIndexOutOfBoundsException'{0x00000007078d1688}> (0x00000007078d1688) thrown at [t:/workspace/hotspot/src/share/vm/prims/jvm.cpp, line 1314]
Event: 10968.115 Thread 0x000001e011383800 Exception <a 'java/lang/ArrayIndexOutOfBoundsException'{0x000000070a1306e0}> (0x000000070a1306e0) thrown at [t:/workspace/hotspot/src/share/vm/runtime/sharedRuntime.cpp, line 606]
Event: 10968.115 Thread 0x000001e011383800 Exception <a 'java/lang/ArrayIndexOutOfBoundsException'{0x000000070a1306e0}> (0x000000070a1306e0) thrown at [t:/workspace/hotspot/src/share/vm/prims/jvm.cpp, line 1314]
Event: 10969.101 Thread 0x000001e011383800 Exception <a 'java/lang/ArrayIndexOutOfBoundsException'{0x0000000709418458}> (0x0000000709418458) thrown at [t:/workspace/hotspot/src/share/vm/runtime/sharedRuntime.cpp, line 606]
Event: 10969.101 Thread 0x000001e011383800 Exception <a 'java/lang/ArrayIndexOutOfBoundsException'{0x0000000709418458}> (0x0000000709418458) thrown at [t:/workspace/hotspot/src/share/vm/prims/jvm.cpp, line 1314]
Event: 10970.103 Thread 0x000001e011383800 Exception <a 'java/lang/ArrayIndexOutOfBoundsException'{0x00000007088f1ec8}> (0x00000007088f1ec8) thrown at [t:/workspace/hotspot/src/share/vm/runtime/sharedRuntime.cpp, line 606]
Event: 10970.103 Thread 0x000001e011383800 Exception <a 'java/lang/ArrayIndexOutOfBoundsException'{0x00000007088f1ec8}> (0x00000007088f1ec8) thrown at [t:/workspace/hotspot/src/share/vm/prims/jvm.cpp, line 1314]
Event: 10971.104 Thread 0x000001e011383800 Exception <a 'java/lang/ArrayIndexOutOfBoundsException'{0x0000000707bc2378}> (0x0000000707bc2378) thrown at [t:/workspace/hotspot/src/share/vm/runtime/sharedRuntime.cpp, line 606]
Event: 10971.104 Thread 0x000001e011383800 Exception <a 'java/lang/ArrayIndexOutOfBoundsException'{0x0000000707bc2378}> (0x0000000707bc2378) thrown at [t:/workspace/hotspot/src/share/vm/prims/jvm.cpp, line 1314]

Events (10 events):
Event: 10972.609 Executing VM operation: RevokeBias done
Event: 10973.079 Thread 0x000001e01148d000 Thread added: 0x000001e01148d000
Event: 10973.090 Thread 0x000001e01148d000 Thread exited: 0x000001e01148d000
Event: 10974.080 Thread 0x000001e01148d000 Thread added: 0x000001e01148d000
Event: 10974.092 Thread 0x000001e01148d000 Thread exited: 0x000001e01148d000
Event: 10975.028 Executing VM operation: G1IncCollectionPause
Event: 10975.039 Executing VM operation: G1IncCollectionPause done
Event: 10975.108 Thread 0x000001e01148d000 Thread added: 0x000001e01148d000
Event: 10975.112 Thread 0x000001e011498000 Thread added: 0x000001e011498000
Event: 10975.149 Thread 0x000001e011498000 Thread exited: 0x000001e011498000


Dynamic libraries:
0x00007ff6fc940000 - 0x00007ff6fc970000 	D:\XILINX2019\Vivado\2019.1\bin\unwrapped\win64.o\vivado.exe
0x00007ffeabdf0000 - 0x00007ffeac004000 	C:\WINDOWS\SYSTEM32\ntdll.dll
0x00007ffeaa820000 - 0x00007ffeaa8e3000 	C:\WINDOWS\System32\KERNEL32.DLL
0x00007ffea9600000 - 0x00007ffea999c000 	C:\WINDOWS\System32\KERNELBASE.dll
0x00007ffea9a60000 - 0x00007ffea9b71000 	C:\WINDOWS\System32\ucrtbase.dll
0x00007ffe696c0000 - 0x00007ffe6974d000 	C:\WINDOWS\SYSTEM32\MSVCP140.dll
0x00007ffea0dd0000 - 0x00007ffea0deb000 	C:\WINDOWS\SYSTEM32\VCRUNTIME140.dll
0x00007ffea0d90000 - 0x00007ffea0d9c000 	C:\WINDOWS\SYSTEM32\VCRUNTIME140_1.dll
0x00007ffea09e0000 - 0x00007ffea09f4000 	D:\XILINX2019\Vivado\2019.1\lib\win64.o\librdi_commonmain.dll
0x00007ffea09c0000 - 0x00007ffea09d4000 	D:\XILINX2019\Vivado\2019.1\lib\win64.o\libboost_signals.dll
0x00007ffe909b0000 - 0x00007ffe909d6000 	D:\XILINX2019\Vivado\2019.1\lib\win64.o\libboost_filesystem.dll
0x00007ffea9db0000 - 0x00007ffea9e5e000 	C:\WINDOWS\System32\ADVAPI32.dll
0x00007ffeab700000 - 0x00007ffeab7a7000 	C:\WINDOWS\System32\msvcrt.dll
0x00007ffeab9f0000 - 0x00007ffeaba94000 	C:\WINDOWS\System32\sechost.dll
0x00007ffeabac0000 - 0x00007ffeabbd5000 	C:\WINDOWS\System32\RPCRT4.dll
0x00007ffea09b0000 - 0x00007ffea09ba000 	D:\XILINX2019\Vivado\2019.1\lib\win64.o\librdi_commonversion.dll
0x00007ffe690a0000 - 0x00007ffe691c1000 	D:\XILINX2019\Vivado\2019.1\lib\win64.o\librdi_commonxillic.dll
0x00007ffea9c00000 - 0x00007ffea9dad000 	C:\WINDOWS\System32\USER32.dll
0x00007ffea95d0000 - 0x00007ffea95f6000 	C:\WINDOWS\System32\win32u.dll
0x00007ffeabbe0000 - 0x00007ffeabc09000 	C:\WINDOWS\System32\GDI32.dll
0x00007ffea9230000 - 0x00007ffea9342000 	C:\WINDOWS\System32\gdi32full.dll
0x00007ffea9530000 - 0x00007ffea95ca000 	C:\WINDOWS\System32\msvcp_win.dll
0x00007ffea09a0000 - 0x00007ffea09ab000 	D:\XILINX2019\Vivado\2019.1\lib\win64.o\libboost_system.dll
0x0000000077a60000 - 0x0000000077b8b000 	D:\XILINX2019\Vivado\2019.1\lib\win64.o\tcl85t.dll
0x00007ffeab7b0000 - 0x00007ffeab821000 	C:\WINDOWS\System32\WS2_32.dll
0x00007ffe68dc0000 - 0x00007ffe69098000 	D:\XILINX2019\Vivado\2019.1\lib\win64.o\libXil_lmgr11.dll
0x00007ffeab460000 - 0x00007ffeab557000 	C:\WINDOWS\System32\COMDLG32.dll
0x00007ffea9ec0000 - 0x00007ffeaa24a000 	C:\WINDOWS\System32\combase.dll
0x00007ffeab600000 - 0x00007ffeab6f1000 	C:\WINDOWS\System32\shcore.dll
0x00007ffeab1f0000 - 0x00007ffeab24e000 	C:\WINDOWS\System32\SHLWAPI.dll
0x00007ffeaa9b0000 - 0x00007ffeab19f000 	C:\WINDOWS\System32\SHELL32.dll
0x00007ffeab250000 - 0x00007ffeab327000 	C:\WINDOWS\System32\OLEAUT32.dll
0x00007ffeabc10000 - 0x00007ffeabdac000 	C:\WINDOWS\System32\ole32.dll
0x00007ffea94c0000 - 0x00007ffea952b000 	C:\WINDOWS\System32\WINTRUST.dll
0x00007ffea9350000 - 0x00007ffea94b6000 	C:\WINDOWS\System32\CRYPT32.dll
0x00007ffe68ca0000 - 0x00007ffe68db4000 	D:\XILINX2019\Vivado\2019.1\lib\win64.o\libboost_regex.dll
0x00007ffe8c990000 - 0x00007ffe8c9a9000 	C:\WINDOWS\SYSTEM32\NETAPI32.dll
0x00007ffe7fc40000 - 0x00007ffe7fcf3000 	C:\WINDOWS\WinSxS\amd64_microsoft.windows.common-controls_6595b64144ccf1df_5.82.22621.608_none_fb280a3c7926c2cc\COMCTL32.dll
0x00007ffea0930000 - 0x00007ffea0939000 	C:\WINDOWS\SYSTEM32\WSOCK32.dll
0x00007ffea0f80000 - 0x00007ffea0f9f000 	C:\WINDOWS\SYSTEM32\dhcpcsvc.DLL
0x00007ffe67db0000 - 0x00007ffe68c92000 	D:\XILINX2019\Vivado\2019.1\lib\win64.o\librdi_common.dll
0x00007ffe92de0000 - 0x00007ffe92df4000 	D:\XILINX2019\Vivado\2019.1\lib\win64.o\libboost_date_time.dll
0x00007ffe87390000 - 0x00007ffe873b1000 	D:\XILINX2019\Vivado\2019.1\lib\win64.o\libboost_thread.dll
0x00007ffe93980000 - 0x00007ffe9398f000 	D:\XILINX2019\Vivado\2019.1\lib\win64.o\libboost_xilinx.dll
0x00007ffe67a40000 - 0x00007ffe67dae000 	D:\XILINX2019\Vivado\2019.1\lib\win64.o\libCOIN-all.dll
0x00007ffe697d0000 - 0x00007ffe6984f000 	D:\XILINX2019\Vivado\2019.1\lib\win64.o\libboost_program_options.dll
0x00007ffe67990000 - 0x00007ffe67a35000 	D:\XILINX2019\Vivado\2019.1\lib\win64.o\libhdxml.dll
0x00007ffe7a290000 - 0x00007ffe7a2be000 	D:\XILINX2019\Vivado\2019.1\lib\win64.o\libisl_sysinfo.dll
0x00007ffe69760000 - 0x00007ffe697c5000 	D:\XILINX2019\Vivado\2019.1\lib\win64.o\liblmx6.0.dll
0x00007ffe67900000 - 0x00007ffe67982000 	D:\XILINX2019\Vivado\2019.1\lib\win64.o\libhdlpsolve.dll
0x00007ffe6dc20000 - 0x00007ffe6dc41000 	D:\XILINX2019\Vivado\2019.1\lib\win64.o\librdizlib.dll
0x00007ffe920b0000 - 0x00007ffe920ca000 	D:\XILINX2019\Vivado\2019.1\lib\win64.o\pthreadVC2.dll
0x00007ffe8b5e0000 - 0x00007ffe8bad4000 	C:\WINDOWS\SYSTEM32\WININET.dll
0x00007ffea15e0000 - 0x00007ffea170f000 	C:\WINDOWS\SYSTEM32\WINHTTP.dll
0x00007ffe962d0000 - 0x00007ffe964c0000 	C:\WINDOWS\SYSTEM32\urlmon.dll
0x00007ffe908d0000 - 0x00007ffe908ec000 	D:\XILINX2019\Vivado\2019.1\lib\win64.o\librdiconfig.dll
0x00007ffe6c600000 - 0x00007ffe6c631000 	C:\WINDOWS\SYSTEM32\VCOMP140.DLL
0x00007ffe93820000 - 0x00007ffe9382d000 	D:\XILINX2019\Vivado\2019.1\lib\win64.o\libboost_chrono.dll
0x00007ffe95f70000 - 0x00007ffe96221000 	C:\WINDOWS\SYSTEM32\iertutil.dll
0x00007ffe96230000 - 0x00007ffe96258000 	C:\WINDOWS\SYSTEM32\srvcli.dll
0x00007ffea7d60000 - 0x00007ffea7d6c000 	C:\WINDOWS\SYSTEM32\netutils.dll
0x0000000012000000 - 0x0000000012270000 	D:\XILINX2019\Vivado\2019.1\lib\win64.o\xerces-c_3_1.dll
0x00007ffe66a60000 - 0x00007ffe678f1000 	D:\XILINX2019\Vivado\2019.1\lib\win64.o\gurobi65.dll
0x00007ffe65eb0000 - 0x00007ffe66a5f400 	D:\XILINX2019\Vivado\2019.1\lib\win64.o\libisl_iostreams.dll
0x00007ffe69c80000 - 0x00007ffe69ca5000 	D:\XILINX2019\Vivado\2019.1\lib\win64.o\libisl_iosutils.dll
0x00007ffe87370000 - 0x00007ffe8738b000 	D:\XILINX2019\Vivado\2019.1\lib\win64.o\libboost_iostreams.dll
0x00007ffeaa970000 - 0x00007ffeaa9a2000 	C:\WINDOWS\System32\IMM32.DLL
0x00007ffea89a0000 - 0x00007ffea89b2000 	C:\WINDOWS\SYSTEM32\MSASN1.dll
0x00007ffea8280000 - 0x00007ffea8298000 	C:\WINDOWS\SYSTEM32\kernel.appcore.dll
0x00007ffe65990000 - 0x00007ffe65ea7000 	D:\XILINX2019\Vivado\2019.1\lib\win64.o\librdi_commontasks.dll
0x00007ffea01d0000 - 0x00007ffea01da000 	C:\WINDOWS\SYSTEM32\VERSION.dll
0x00007ffe65700000 - 0x00007ffe65986000 	D:\XILINX2019\Vivado\2019.1\lib\win64.o\librdi_sio.dll
0x00007ffea7db0000 - 0x00007ffea7ddd000 	C:\WINDOWS\SYSTEM32\IPHLPAPI.DLL
0x0000000075e70000 - 0x0000000076895000 	D:\XILINX2019\Vivado\2019.1\tps\win64\jre9.0.4\bin\server\jvm.dll
0x00007ffeaa260000 - 0x00007ffeaa268000 	C:\WINDOWS\System32\PSAPI.DLL
0x00007ffea0d50000 - 0x00007ffea0d84000 	C:\WINDOWS\SYSTEM32\WINMM.dll
0x00007ffe65610000 - 0x00007ffe656ff000 	C:\WINDOWS\SYSTEM32\MSVCR120.dll
0x00007ffea86f0000 - 0x00007ffea8759000 	C:\WINDOWS\SYSTEM32\MSWSOCK.DLL
0x00007ffea7250000 - 0x00007ffea7b18000 	C:\WINDOWS\SYSTEM32\windows.storage.dll
0x00007ffea7110000 - 0x00007ffea724e000 	C:\WINDOWS\SYSTEM32\wintypes.dll
0x00007ffe4bcb0000 - 0x00007ffe4e16c000 	D:\XILINX2019\Vivado\2019.1\lib\win64.o\librdi_tcltasks.dll
0x00007ffe65520000 - 0x00007ffe6560b000 	D:\XILINX2019\Vivado\2019.1\lib\win64.o\librdi_chipscope.dll
0x00007ffe65380000 - 0x00007ffe65511000 	D:\XILINX2019\Vivado\2019.1\lib\win64.o\librdi_board.dll
0x00007ffe64780000 - 0x00007ffe64b88000 	D:\XILINX2019\Vivado\2019.1\lib\win64.o\librdi_bitstream.dll
0x00007ffe69640000 - 0x00007ffe696b8000 	D:\XILINX2019\Vivado\2019.1\lib\win64.o\librdi_boarddep.dll
0x00007ffe645c0000 - 0x00007ffe6477d000 	D:\XILINX2019\Vivado\2019.1\lib\win64.o\librdi_chipscopeimpl.dll
0x00007ffe64460000 - 0x00007ffe645b6000 	D:\XILINX2019\Vivado\2019.1\lib\win64.o\librdi_containers.dll
0x00007ffe49aa0000 - 0x00007ffe4b48a000 	D:\XILINX2019\Vivado\2019.1\lib\win64.o\librdi_constraints.dll
0x00007ffe322d0000 - 0x00007ffe36313000 	D:\XILINX2019\Vivado\2019.1\lib\win64.o\librdi_designutils.dll
0x00007ffe64140000 - 0x00007ffe6445e000 	D:\XILINX2019\Vivado\2019.1\lib\win64.o\librdi_dlyest.dll
0x00007ffe4b5d0000 - 0x00007ffe4bcaa000 	D:\XILINX2019\Vivado\2019.1\lib\win64.o\librdi_coregenipxact.dll
0x00007ffe1b7c0000 - 0x00007ffe1d671000 	D:\XILINX2019\Vivado\2019.1\lib\win64.o\librdi_coregen.dll
0x00007ffe64070000 - 0x00007ffe64134000 	D:\XILINX2019\Vivado\2019.1\lib\win64.o\librdi_dsp.dll
0x00007ffe49500000 - 0x00007ffe49a9a000 	D:\XILINX2019\Vivado\2019.1\lib\win64.o\librdi_drc.dll
0x00007ffe64000000 - 0x00007ffe64065000 	D:\XILINX2019\Vivado\2019.1\lib\win64.o\librdi_hdf.dll
0x00007ffe5fcc0000 - 0x00007ffe5ffa3000 	D:\XILINX2019\Vivado\2019.1\lib\win64.o\librdi_guitools.dll
0x00007ffe09390000 - 0x00007ffe1b7bc000 	D:\XILINX2019\Vivado\2019.1\lib\win64.o\librdi_device.dll
0x00007ffe48eb0000 - 0x00007ffe494fd000 	D:\XILINX2019\Vivado\2019.1\lib\win64.o\librdi_filemgmt.dll
0x00007ffe48890000 - 0x00007ffe48ea5000 	D:\XILINX2019\Vivado\2019.1\lib\win64.o\librdi_memdata.dll
0x00007ffe07dd0000 - 0x00007ffe09390000 	D:\XILINX2019\Vivado\2019.1\lib\win64.o\librdi_implflow.dll
0x00007ffe63fb0000 - 0x00007ffe63ffb000 	D:\XILINX2019\Vivado\2019.1\lib\win64.o\librdi_pfi.dll
0x00007ffe63f30000 - 0x00007ffe63fa3000 	D:\XILINX2019\Vivado\2019.1\lib\win64.o\librdi_memoryarray.dll
0x00007ffe050e0000 - 0x00007ffe07dc6000 	D:\XILINX2019\Vivado\2019.1\lib\win64.o\librdi_mig.dll
0x00007ffe48580000 - 0x00007ffe4888f000 	D:\XILINX2019\Vivado\2019.1\lib\win64.o\librdi_platform.dll
0x00007ffe47b10000 - 0x00007ffe481b2000 	D:\XILINX2019\Vivado\2019.1\lib\win64.o\librdi_netlist.dll
0x00007ffe46ec0000 - 0x00007ffe4760a000 	D:\XILINX2019\Vivado\2019.1\lib\win64.o\librdi_power.dll
0x00007ffe467b0000 - 0x00007ffe46eb6000 	D:\XILINX2019\Vivado\2019.1\lib\win64.o\librdi_rsb.dll
0x00007ffe1f7d0000 - 0x00007ffe1fed9000 	D:\XILINX2019\Vivado\2019.1\lib\win64.o\librdi_psta.dll
0x00007ffe02a60000 - 0x00007ffe050d6000 	D:\XILINX2019\Vivado\2019.1\lib\win64.o\librdi_place.dll
0x00007ffe31d50000 - 0x00007ffe322cf000 	D:\XILINX2019\Vivado\2019.1\lib\win64.o\librdi_project.dll
0x00007ffe47710000 - 0x00007ffe47b01000 	D:\XILINX2019\Vivado\2019.1\lib\win64.o\librdi_runs.dll
0x00007ffe63e30000 - 0x00007ffe63f2a000 	D:\XILINX2019\Vivado\2019.1\lib\win64.o\librdi_runsbase.dll
0x00007ffe48320000 - 0x00007ffe48576000 	D:\XILINX2019\Vivado\2019.1\lib\win64.o\librdi_simdata.dll
0x00007ffe5fa20000 - 0x00007ffe5fb92000 	D:\XILINX2019\Vivado\2019.1\lib\win64.o\librdi_advchipscopeimpl.dll
0x00007ffe63de0000 - 0x00007ffe63e2c000 	D:\XILINX2019\Vivado\2019.1\lib\win64.o\libboost_serialization.dll
0x00007ffe31940000 - 0x00007ffe31adf000 	D:\XILINX2019\Vivado\2019.1\lib\win64.o\librdi_hip_devdesign.dll
0x00007ffe5fbf0000 - 0x00007ffe5fcb2000 	D:\XILINX2019\Vivado\2019.1\lib\win64.o\librdi_ipconfig_readwrite.dll
0x00007ffe63d90000 - 0x00007ffe63dd3000 	D:\XILINX2019\Vivado\2019.1\lib\win64.o\librdi_noc_frameworks.dll
0x00007ffe01c40000 - 0x00007ffe02a51000 	D:\XILINX2019\Vivado\2019.1\lib\win64.o\librdi_timing.dll
0x00007ffe5f980000 - 0x00007ffe5fa1e000 	D:\XILINX2019\Vivado\2019.1\lib\win64.o\libise.dll
0x00007ffe01850000 - 0x00007ffe01c35000 	D:\XILINX2019\Vivado\2019.1\lib\win64.o\librdi_hip_config.dll
0x00007ffe01300000 - 0x00007ffe0184e000 	D:\XILINX2019\Vivado\2019.1\lib\win64.o\librdi_xdm.dll
0x00007ffe60040000 - 0x00007ffe60080000 	D:\XILINX2019\Vivado\2019.1\lib\win64.o\librdi_wavedata_SimpleApi.dll
0x00007ffe007b0000 - 0x00007ffe012f7000 	D:\XILINX2019\Vivado\2019.1\lib\win64.o\libverific.dll
0x00007ffe60000000 - 0x00007ffe6003f000 	D:\XILINX2019\Vivado\2019.1\lib\win64.o\librdi_schedmon.dll
0x00007ffe001b0000 - 0x00007ffe007ac000 	D:\XILINX2019\Vivado\2019.1\lib\win64.o\librdi_wavedata.dll
0x00007ffdff020000 - 0x00007ffe001ad000 	D:\XILINX2019\Vivado\2019.1\lib\win64.o\librdi_route.dll
0x00007ffdfd050000 - 0x00007ffdff01d000 	D:\XILINX2019\Vivado\2019.1\lib\win64.o\librdi_synth.dll

VM Arguments:
jvm_args: -Dsun.java2d.pmoffscreen=false -Dsun.java2d.xrender=false -Dsun.java2d.d3d=false -Dsun.awt.nopixfmt=true -Dsun.java2d.dpiaware=true -Dsun.java2d.uiScale.enabled=false -Xverify:none -Dswing.aatext=true -XX:-UsePerfData -Djdk.map.althashing.threshold=512 -XX:StringTableSize=4072 --add-opens=java.base/java.nio=ALL-UNNAMED --add-opens=java.desktop/sun.swing=ALL-UNNAMED --add-opens=java.desktop/javax.swing=ALL-UNNAMED --add-opens=java.desktop/javax.swing.tree=ALL-UNNAMED --add-opens=java.desktop/javax.swing.plaf.basic=ALL-UNNAMED --add-opens=java.desktop/javax.swing.plaf.synth=ALL-UNNAMED --add-opens=java.desktop/com.sun.awt=ALL-UNNAMED -XX:NewSize=60m -XX:MaxNewSize=60m -Xms128m -Xmx3072m -Xss5m 
java_command: <unknown>
java_class_path (initial): D:/XILINX2019/Vivado/2019.1\lib\classes\alloy.jar;D:/XILINX2019/Vivado/2019.1\lib\classes\autopilot.scelaborator.jar;D:/XILINX2019/Vivado/2019.1\lib\classes\autopilot.sourceprocessor.jar;D:/XILINX2019/Vivado/2019.1\lib\classes\autopilot.tbprocessor.jar;D:/XILINX2019/Vivado/2019.1\lib\classes\batik-anim.jar;D:/XILINX2019/Vivado/2019.1\lib\classes\batik-awt-util.jar;D:/XILINX2019/Vivado/2019.1\lib\classes\batik-bridge.jar;D:/XILINX2019/Vivado/2019.1\lib\classes\batik-codec.jar;D:/XILINX2019/Vivado/2019.1\lib\classes\batik-css.jar;D:/XILINX2019/Vivado/2019.1\lib\classes\batik-dom.jar;D:/XILINX2019/Vivado/2019.1\lib\classes\batik-ext.jar;D:/XILINX2019/Vivado/2019.1\lib\classes\batik-gui-util.jar;D:/XILINX2019/Vivado/2019.1\lib\classes\batik-gvt.jar;D:/XILINX2019/Vivado/2019.1\lib\classes\batik-parser.jar;D:/XILINX2019/Vivado/2019.1\lib\classes\batik-script.jar;D:/XILINX2019/Vivado/2019.1\lib\classes\batik-svg-dom.jar;D:/XILINX2019/Vivado/2019.1\lib\classes\batik-swing.jar;D:/XILINX2019/Vivado/2019.1\lib\classes\batik-transcoder.jar;D:/XILINX2019/Vivado/2019.1\lib\classes\batik-util.jar;D:/XILINX2019/Vivado/2019.1\lib\classes\batik-xml.jar;D:/XILINX2019/Vivado/2019.1\lib\classes\com.google.gson_2.7.0.v20170129-0911.jar;D:/XILINX2019/Vivado/2019.1\lib\classes\com.google.guava_21.0.0.v20170206-1425.jar;D:/XILINX2019/Vivado/2019.1\lib\classes\com.google.inject_3.0.0.v201605172100.jar;D:/XILINX2019/Vivado/2019.1\lib\classes\com.ibm.icu_4.4.2.v20110208.jar;D:/XILINX2019/Vivado/2019.1\lib\classes\com.sigasi.hdt.annotations.runtime_4.3.0.201903071210.jar;D:/XILINX2019/Vivado/2019.1\lib\classes\com.sigasi.hdt.blockdiagram.model_4.3.0.201903071210.jar;D:/XILINX2019/Vivado/2019.1\lib\classes\com.sigasi.hdt.connection_4.3.0.201903071210.jar;D:/XILINX2019/Vivado/2019.1\lib\classes\com.sigasi.hdt.dependencies.model_4.3.0.201903071210.jar;D:/XILINX2019/Vivado/2019.1\lib\classes\com.sigasi.hdt.epl_4.3.0.201903071210.jar;D:/XILINX2019/Vivado/2019.1\lib\class
Launcher Type: generic

Logging:
Log output configuration:
#0: stdout all=warning uptime,level,tags
#1: stderr all=off uptime,level,tags

Environment Variables:
PATH=D:/XILINX2019/Vivado/2019.1/bin;D:/XILINX2019/Vivado/2019.1/lib/win64.o;D:/XILINX2019/Vivado/2019.1/tps/win64/jre9.0.4/bin/server;D:/XILINX2019/Vivado/2019.1/tps/win64/jre9.0.4/bin;D:/XILINX2019/SDK/2019.1/bin;D:/XILINX2019/Vivado/2019.1/ids_lite/ISE/bin/nt64;D:/XILINX2019/Vivado/2019.1/ids_lite/ISE/lib/nt64;C:\WinAVR-20090313\bin;C:\WinAVR-20090313\utils\bin;C:\Program Files (x86)\Common Files\Oracle\Java\javapath;C:\WINDOWS\system32;C:\WINDOWS;C:\WINDOWS\System32\Wbem;C:\WINDOWS\System32\WindowsPowerShell\v1.0\;C:\WINDOWS\System32\OpenSSH\;D:\kuliah\software kuliahh\MATLAB\runtime\win64;D:\kuliah\software kuliahh\MATLAB\bin;D:\kuliah\software kuliahh\MATLAB\polyspace\bin;C:\Program Files (x86)\IVI Foundation\VISA\WinNT\Bin\;C:\Program Files\IVI Foundation\VISA\Win64\Bin\;C:\Program Files (x86)\National Instruments\Shared\LabVIEW CLI;C:\Program Files\PuTTY\;C:\Wincupl\WINCUPL\EXE;C:\Wincupl\WINCUPL\FITTERS;%USERPROFILE%\AppData\Local\Microsoft\WindowsApps;;D:/XILINX2019/Vivado/2019.1\tps\mingw\6.2.0\win64.o\nt\bin;D:/XILINX2019/Vivado/2019.1\tps\mingw\6.2.0\win64.o\nt\libexec\gcc\x86_64-w64-mingw32\6.2.0;D:/XILINX2019/Vivado/2019.1\tps\win64\python-2.7.5;D:/XILINX2019/Vivado/2019.1\tps\win64\python-2.7.5\lib;D:/XILINX2019/Vivado/2019.1\tps\win64\python-2.7.5\Lib\lib-tk;D:/XILINX2019/Vivado/2019.1\tps\win64\python-2.7.5\lib\site-packages
USERNAME=IMAM W
OS=Windows_NT
PROCESSOR_IDENTIFIER=AMD64 Family 23 Model 24 Stepping 1, AuthenticAMD



---------------  S Y S T E M  ---------------

OS: Windows 10 , 64 bit Build 22621 (10.0.22621.1194)

CPU:total 4 (initial active 4) (4 cores per cpu, 1 threads per core) family 23 model 24 stepping 1, cmov, cx8, fxsr, mmx, sse, sse2, sse3, ssse3, sse4.1, sse4.2, popcnt, avx, avx2, aes, clmul, mmxext, 3dnowpref, lzcnt, sse4a, tsc, tscinvbit, tscinv, bmi1

Memory: 4k page, physical 6203704k(1787292k free), swap 19835192k(10544752k free)

vm_info: Java HotSpot(TM) 64-Bit Server VM (9.0.4+11) for windows-amd64 JRE (9.0.4+11), built on Dec 20 2017 02:18:54 by "mach5one" with MS VC++ 12.0 (VS2013)

END.
