#-----------------------------------------------------------
# Vivado v2019.1 (64-bit)
# SW Build 2552052 on Fri May 24 14:49:42 MDT 2019
# IP Build 2548770 on Fri May 24 18:01:18 MDT 2019
# Start of session at: Tue May 30 23:34:22 2023
# Process ID: 25844
# Current directory: D:/XILINX2019/adcx
# Command line: vivado.exe -gui_launcher_event rodinguilauncherevent23132 D:\XILINX2019\adcx\adcx.xpr
# Log file: D:/XILINX2019/adcx/vivado.log
# Journal file: D:/XILINX2019/adcx\vivado.jou
#-----------------------------------------------------------
start_gui
open_project D:/XILINX2019/adcx/adcx.xpr
Scanning sources...
Finished scanning sources
INFO: [IP_Flow 19-234] Refreshing IP repositories
INFO: [IP_Flow 19-1704] No user IP repositories specified
INFO: [IP_Flow 19-2313] Loaded Vivado IP repository 'D:/XILINX2019/Vivado/2019.1/data/ip'.
open_project: Time (s): cpu = 00:00:12 ; elapsed = 00:00:38 . Memory (MB): peak = 687.121 ; gain = 117.859
update_compile_order -fileset sources_1
open_bd_design {D:/XILINX2019/adcx/adcx.srcs/sources_1/bd/design_1/design_1.bd}
Adding component instance block -- xilinx.com:ip:xadc_wiz:3.3 - xadc_wiz_0
Successfully read diagram <design_1> from BD file <D:/XILINX2019/adcx/adcx.srcs/sources_1/bd/design_1/design_1.bd>
open_bd_design: Time (s): cpu = 00:00:09 ; elapsed = 00:00:37 . Memory (MB): peak = 798.184 ; gain = 66.277
exit
INFO: [Common 17-206] Exiting Vivado at Tue May 30 23:47:59 2023...
